{"meta": {"format": 3, "version": "7.10.7", "timestamp": "2026-03-19T16:01:58.174108", "branch_coverage": false, "show_contexts": false}, "files": {"api/__init__.py": {"executed_lines": [1], "summary": {"covered_lines": 0, "num_statements": 0, "percent_covered": 100.0, "percent_covered_display": "100", "missing_lines": 0, "excluded_lines": 0}, "missing_lines": [], "excluded_lines": [], "functions": {"": {"executed_lines": [], "summary": {"covered_lines": 0, "num_statements": 0, "percent_covered": 100.0, "percent_covered_display": "100", "missing_lines": 0, "excluded_lines": 0}, "missing_lines": [], "excluded_lines": []}}, "classes": {"": {"executed_lines": [], "summary": {"covered_lines": 0, "num_statements": 0, "percent_covered": 100.0, "percent_covered_display": "100", "missing_lines": 0, "excluded_lines": 0}, "missing_lines": [], "excluded_lines": []}}}, "api/discovery_endpoints.py": {"executed_lines": [1, 11, 14, 15, 22, 29, 31, 41, 81, 83, 93, 105, 107, 119, 120, 121, 122, 123, 124, 126, 131, 133, 143, 182, 184, 196, 197, 215, 216, 217, 229, 238, 240, 372, 374, 455, 457], "summary": {"covered_lines": 35, "num_statements": 37, "percent_covered": 94.5945945945946, "percent_covered_display": "95", "missing_lines": 2, "excluded_lines": 0}, "missing_lines": [231, 236], "excluded_lines": [], "functions": {"DiscoveryEndpoints.__init__": {"executed_lines": [29], "summary": {"covered_lines": 1, "num_statements": 1, "percent_covered": 100.0, "percent_covered_display": "100", "missing_lines": 0, "excluded_lines": 0}, "missing_lines": [], "excluded_lines": []}, "DiscoveryEndpoints.get_service_provider_config": {"executed_lines": [41, 81], "summary": {"covered_lines": 2, "num_statements": 2, "percent_covered": 100.0, "percent_covered_display": "100", "missing_lines": 0, "excluded_lines": 0}, "missing_lines": [], "excluded_lines": []}, "DiscoveryEndpoints.get_schemas": {"executed_lines": [93, 105], "summary": {"covered_lines": 2, "num_statements": 2, "percent_covered": 100.0, "percent_covered_display": "100", "missing_lines": 0, "excluded_lines": 0}, "missing_lines": [], "excluded_lines": []}, "DiscoveryEndpoints.get_schema": {"executed_lines": [119, 120, 121, 122, 123, 124, 126, 131], "summary": {"covered_lines": 8, "num_statements": 8, "percent_covered": 100.0, "percent_covered_display": "100", "missing_lines": 0, "excluded_lines": 0}, "missing_lines": [], "excluded_lines": []}, "DiscoveryEndpoints.get_resource_types": {"executed_lines": [143, 182], "summary": {"covered_lines": 2, "num_statements": 2, "percent_covered": 100.0, "percent_covered_display": "100", "missing_lines": 0, "excluded_lines": 0}, "missing_lines": [], "excluded_lines": []}, "DiscoveryEndpoints.get_resource_type": {"executed_lines": [196, 197, 215, 216, 217, 229], "summary": {"covered_lines": 6, "num_statements": 8, "percent_covered": 75.0, "percent_covered_display": "75", "missing_lines": 2, "excluded_lines": 0}, "missing_lines": [231, 236], "excluded_lines": []}, "DiscoveryEndpoints._get_user_schema": {"executed_lines": [240], "summary": {"covered_lines": 1, "num_statements": 1, "percent_covered": 100.0, "percent_covered_display": "100", "missing_lines": 0, "excluded_lines": 0}, "missing_lines": [], "excluded_lines": []}, "DiscoveryEndpoints._get_enterprise_user_schema": {"executed_lines": [374], "summary": {"covered_lines": 1, "num_statements": 1, "percent_covered": 100.0, "percent_covered_display": "100", "missing_lines": 0, "excluded_lines": 0}, "missing_lines": [], "excluded_lines": []}, "DiscoveryEndpoints._get_group_schema": {"executed_lines": [457], "summary": {"covered_lines": 1, "num_statements": 1, "percent_covered": 100.0, "percent_covered_display": "100", "missing_lines": 0, "excluded_lines": 0}, "missing_lines": [], "excluded_lines": []}, "": {"executed_lines": [1, 11, 14, 15, 22, 31, 83, 107, 133, 184, 238, 372, 455], "summary": {"covered_lines": 11, "num_statements": 11, "percent_covered": 100.0, "percent_covered_display": "100", "missing_lines": 0, "excluded_lines": 0}, "missing_lines": [], "excluded_lines": []}}, "classes": {"DiscoveryEndpoints": {"executed_lines": [29, 41, 81, 93, 105, 119, 120, 121, 122, 123, 124, 126, 131, 143, 182, 196, 197, 215, 216, 217, 229, 240, 374, 457], "summary": {"covered_lines": 24, "num_statements": 26, "percent_covered": 92.3076923076923, "percent_covered_display": "92", "missing_lines": 2, "excluded_lines": 0}, "missing_lines": [231, 236], "excluded_lines": []}, "": {"executed_lines": [1, 11, 14, 15, 22, 31, 83, 107, 133, 184, 238, 372, 455], "summary": {"covered_lines": 11, "num_statements": 11, "percent_covered": 100.0, "percent_covered_display": "100", "missing_lines": 0, "excluded_lines": 0}, "missing_lines": [], "excluded_lines": []}}}, "api/group_endpoints.py": {"executed_lines": [1, 6, 7, 10, 11, 13, 14, 15, 16, 17, 19, 21, 25, 26, 27, 28, 29, 32, 33, 44, 52, 53, 55, 67, 69, 70, 71, 74, 77, 78, 79, 82, 86, 89, 90, 91, 92, 93, 96, 97, 99, 101, 102, 106, 117, 118, 119, 120, 122, 123, 125, 126, 130, 144, 146, 148, 152, 155, 156, 157, 159, 160, 161, 162, 166, 169, 170, 171, 174, 177, 185, 192, 211, 213, 214, 218, 219, 220, 223, 224, 227, 228, 229, 230, 232, 233, 234, 235, 236, 237, 242, 245, 246, 248, 250, 251, 255, 263, 265, 267, 268, 269, 270, 275, 277, 280, 281, 282, 283, 284, 289, 297, 299, 302, 303, 304, 305, 306, 321, 322, 324, 326, 327, 328, 339, 341, 344, 345, 346, 347, 348, 350, 361, 362, 363, 364, 367, 368, 369, 370, 371, 374, 376, 378, 379], "summary": {"covered_lines": 142, "num_statements": 184, "percent_covered": 77.17391304347827, "percent_covered_display": "77", "missing_lines": 42, "excluded_lines": 0}, "missing_lines": [83, 100, 103, 104, 127, 128, 147, 149, 164, 187, 188, 189, 190, 215, 225, 239, 249, 252, 253, 272, 273, 285, 286, 287, 307, 308, 309, 310, 312, 313, 314, 315, 316, 317, 319, 329, 332, 333, 334, 337, 380, 381], "excluded_lines": [], "functions": {"SCIMError.__init__": {"executed_lines": [14, 15, 16, 17], "summary": {"covered_lines": 4, "num_statements": 4, "percent_covered": 100.0, "percent_covered_display": "100", "missing_lines": 0, "excluded_lines": 0}, "missing_lines": [], "excluded_lines": []}, "SCIMError.to_dict": {"executed_lines": [21, 25, 26, 27, 28, 29], "summary": {"covered_lines": 6, "num_statements": 6, "percent_covered": 100.0, "percent_covered_display": "100", "missing_lines": 0, "excluded_lines": 0}, "missing_lines": [], "excluded_lines": []}, "GroupEndpoints.__init__": {"executed_lines": [52, 53], "summary": {"covered_lines": 2, "num_statements": 2, "percent_covered": 100.0, "percent_covered_display": "100", "missing_lines": 0, "excluded_lines": 0}, "missing_lines": [], "excluded_lines": []}, "GroupEndpoints.create_group": {"executed_lines": [67, 69, 70, 71, 74, 77, 78, 79, 82, 86, 89, 90, 91, 92, 93, 96, 97, 99, 101, 102], "summary": {"covered_lines": 20, "num_statements": 24, "percent_covered": 83.33333333333333, "percent_covered_display": "83", "missing_lines": 4, "excluded_lines": 0}, "missing_lines": [83, 100, 103, 104], "excluded_lines": []}, "GroupEndpoints.get_group": {"executed_lines": [117, 118, 119, 120, 122, 123, 125, 126], "summary": {"covered_lines": 8, "num_statements": 10, "percent_covered": 80.0, "percent_covered_display": "80", "missing_lines": 2, "excluded_lines": 0}, "missing_lines": [127, 128], "excluded_lines": []}, "GroupEndpoints.list_groups": {"executed_lines": [144, 146, 148, 152, 155, 156, 157, 159, 160, 161, 162, 166, 169, 170, 171, 174, 177, 185], "summary": {"covered_lines": 18, "num_statements": 25, "percent_covered": 72.0, "percent_covered_display": "72", "missing_lines": 7, "excluded_lines": 0}, "missing_lines": [147, 149, 164, 187, 188, 189, 190], "excluded_lines": []}, "GroupEndpoints.patch_group": {"executed_lines": [211, 213, 214, 218, 219, 220, 223, 224, 227, 228, 229, 230, 232, 233, 234, 235, 236, 237, 242, 245, 246, 248, 250, 251], "summary": {"covered_lines": 24, "num_statements": 30, "percent_covered": 80.0, "percent_covered_display": "80", "missing_lines": 6, "excluded_lines": 0}, "missing_lines": [215, 225, 239, 249, 252, 253], "excluded_lines": []}, "GroupEndpoints._apply_add_operation": {"executed_lines": [263, 265, 267, 268, 269, 270, 275, 277, 280, 281, 282, 283, 284], "summary": {"covered_lines": 13, "num_statements": 18, "percent_covered": 72.22222222222223, "percent_covered_display": "72", "missing_lines": 5, "excluded_lines": 0}, "missing_lines": [272, 273, 285, 286, 287], "excluded_lines": []}, "GroupEndpoints._apply_remove_operation": {"executed_lines": [297, 299, 302, 303, 304, 305, 306, 321, 322], "summary": {"covered_lines": 9, "num_statements": 20, "percent_covered": 45.0, "percent_covered_display": "45", "missing_lines": 11, "excluded_lines": 0}, "missing_lines": [307, 308, 309, 310, 312, 313, 314, 315, 316, 317, 319], "excluded_lines": []}, "GroupEndpoints._apply_replace_operation": {"executed_lines": [326, 327, 328], "summary": {"covered_lines": 3, "num_statements": 8, "percent_covered": 37.5, "percent_covered_display": "38", "missing_lines": 5, "excluded_lines": 0}, "missing_lines": [329, 332, 333, 334, 337], "excluded_lines": []}, "GroupEndpoints._remove_member_from_group": {"executed_lines": [341, 344, 345, 346, 347, 348], "summary": {"covered_lines": 6, "num_statements": 6, "percent_covered": 100.0, "percent_covered_display": "100", "missing_lines": 0, "excluded_lines": 0}, "missing_lines": [], "excluded_lines": []}, "GroupEndpoints.delete_group": {"executed_lines": [361, 362, 363, 364, 367, 368, 369, 370, 371, 374, 376, 378, 379], "summary": {"covered_lines": 13, "num_statements": 15, "percent_covered": 86.66666666666667, "percent_covered_display": "87", "missing_lines": 2, "excluded_lines": 0}, "missing_lines": [380, 381], "excluded_lines": []}, "": {"executed_lines": [1, 6, 7, 10, 11, 13, 19, 32, 33, 44, 55, 106, 130, 192, 255, 289, 324, 339, 350], "summary": {"covered_lines": 16, "num_statements": 16, "percent_covered": 100.0, "percent_covered_display": "100", "missing_lines": 0, "excluded_lines": 0}, "missing_lines": [], "excluded_lines": []}}, "classes": {"SCIMError": {"executed_lines": [14, 15, 16, 17, 21, 25, 26, 27, 28, 29], "summary": {"covered_lines": 10, "num_statements": 10, "percent_covered": 100.0, "percent_covered_display": "100", "missing_lines": 0, "excluded_lines": 0}, "missing_lines": [], "excluded_lines": []}, "GroupEndpoints": {"executed_lines": [52, 53, 67, 69, 70, 71, 74, 77, 78, 79, 82, 86, 89, 90, 91, 92, 93, 96, 97, 99, 101, 102, 117, 118, 119, 120, 122, 123, 125, 126, 144, 146, 148, 152, 155, 156, 157, 159, 160, 161, 162, 166, 169, 170, 171, 174, 177, 185, 211, 213, 214, 218, 219, 220, 223, 224, 227, 228, 229, 230, 232, 233, 234, 235, 236, 237, 242, 245, 246, 248, 250, 251, 263, 265, 267, 268, 269, 270, 275, 277, 280, 281, 282, 283, 284, 297, 299, 302, 303, 304, 305, 306, 321, 322, 326, 327, 328, 341, 344, 345, 346, 347, 348, 361, 362, 363, 364, 367, 368, 369, 370, 371, 374, 376, 378, 379], "summary": {"covered_lines": 116, "num_statements": 158, "percent_covered": 73.41772151898734, "percent_covered_display": "73", "missing_lines": 42, "excluded_lines": 0}, "missing_lines": [83, 100, 103, 104, 127, 128, 147, 149, 164, 187, 188, 189, 190, 215, 225, 239, 249, 252, 253, 272, 273, 285, 286, 287, 307, 308, 309, 310, 312, 313, 314, 315, 316, 317, 319, 329, 332, 333, 334, 337, 380, 381], "excluded_lines": []}, "": {"executed_lines": [1, 6, 7, 10, 11, 13, 19, 32, 33, 44, 55, 106, 130, 192, 255, 289, 324, 339, 350], "summary": {"covered_lines": 16, "num_statements": 16, "percent_covered": 100.0, "percent_covered_display": "100", "missing_lines": 0, "excluded_lines": 0}, "missing_lines": [], "excluded_lines": []}}}, "api/supporting_data_endpoints.py": {"executed_lines": [1, 13, 16, 17, 28, 35, 39, 66, 68, 69, 70, 71, 74, 77, 78, 79, 82, 85, 92, 99, 125, 127, 129, 133, 136, 137, 138, 141, 144, 151, 158, 165, 174, 189, 204, 219, 236], "summary": {"covered_lines": 35, "num_statements": 47, "percent_covered": 74.46808510638297, "percent_covered_display": "74", "missing_lines": 12, "excluded_lines": 0}, "missing_lines": [94, 95, 128, 130, 153, 154, 187, 202, 216, 217, 231, 232], "excluded_lines": [], "functions": {"SupportingDataEndpoints.__init__": {"executed_lines": [35], "summary": {"covered_lines": 1, "num_statements": 1, "percent_covered": 100.0, "percent_covered_display": "100", "missing_lines": 0, "excluded_lines": 0}, "missing_lines": [], "excluded_lines": []}, "SupportingDataEndpoints.list_roles": {"executed_lines": [66, 68, 69, 70, 71, 74, 77, 78, 79, 82, 85, 92], "summary": {"covered_lines": 12, "num_statements": 14, "percent_covered": 85.71428571428571, "percent_covered_display": "86", "missing_lines": 2, "excluded_lines": 0}, "missing_lines": [94, 95], "excluded_lines": []}, "SupportingDataEndpoints.list_departments": {"executed_lines": [125, 127, 129, 133, 136, 137, 138, 141, 144, 151], "summary": {"covered_lines": 10, "num_statements": 14, "percent_covered": 71.42857142857143, "percent_covered_display": "71", "missing_lines": 4, "excluded_lines": 0}, "missing_lines": [128, 130, 153, 154], "excluded_lines": []}, "SupportingDataEndpoints._error_response": {"executed_lines": [165], "summary": {"covered_lines": 1, "num_statements": 1, "percent_covered": 100.0, "percent_covered_display": "100", "missing_lines": 0, "excluded_lines": 0}, "missing_lines": [], "excluded_lines": []}, "SupportingDataEndpoints.validate_role_reference": {"executed_lines": [], "summary": {"covered_lines": 0, "num_statements": 1, "percent_covered": 0.0, "percent_covered_display": "0", "missing_lines": 1, "excluded_lines": 0}, "missing_lines": [187], "excluded_lines": []}, "SupportingDataEndpoints.validate_department_reference": {"executed_lines": [], "summary": {"covered_lines": 0, "num_statements": 1, "percent_covered": 0.0, "percent_covered_display": "0", "missing_lines": 1, "excluded_lines": 0}, "missing_lines": [202], "excluded_lines": []}, "SupportingDataEndpoints.get_role_by_scim_group_name": {"executed_lines": [], "summary": {"covered_lines": 0, "num_statements": 2, "percent_covered": 0.0, "percent_covered_display": "0", "missing_lines": 2, "excluded_lines": 0}, "missing_lines": [216, 217], "excluded_lines": []}, "SupportingDataEndpoints.get_department_by_scim_user_department": {"executed_lines": [], "summary": {"covered_lines": 0, "num_statements": 2, "percent_covered": 0.0, "percent_covered_display": "0", "missing_lines": 2, "excluded_lines": 0}, "missing_lines": [231, 232], "excluded_lines": []}, "": {"executed_lines": [1, 13, 16, 17, 28, 39, 99, 158, 174, 189, 204, 219, 236], "summary": {"covered_lines": 11, "num_statements": 11, "percent_covered": 100.0, "percent_covered_display": "100", "missing_lines": 0, "excluded_lines": 0}, "missing_lines": [], "excluded_lines": []}}, "classes": {"SupportingDataEndpoints": {"executed_lines": [35, 66, 68, 69, 70, 71, 74, 77, 78, 79, 82, 85, 92, 125, 127, 129, 133, 136, 137, 138, 141, 144, 151, 165], "summary": {"covered_lines": 24, "num_statements": 36, "percent_covered": 66.66666666666667, "percent_covered_display": "67", "missing_lines": 12, "excluded_lines": 0}, "missing_lines": [94, 95, 128, 130, 153, 154, 187, 202, 216, 217, 231, 232], "excluded_lines": []}, "": {"executed_lines": [1, 13, 16, 17, 28, 39, 99, 158, 174, 189, 204, 219, 236], "summary": {"covered_lines": 11, "num_statements": 11, "percent_covered": 100.0, "percent_covered_display": "100", "missing_lines": 0, "excluded_lines": 0}, "missing_lines": [], "excluded_lines": []}}}, "api/user_endpoints.py": {"executed_lines": [1, 6, 7, 8, 9, 12, 13, 15, 16, 17, 18, 19, 21, 23, 27, 28, 29, 30, 31, 34, 35, 37, 38, 48, 51, 52, 54, 57, 58, 59, 62, 64, 65, 79, 85, 86, 88, 89, 90, 93, 96, 97, 99, 128, 129, 132, 134, 135, 156, 157, 168, 176, 177, 179, 191, 193, 194, 195, 198, 201, 202, 205, 209, 212, 213, 215, 217, 218, 222, 233, 234, 235, 236, 238, 239, 241, 242, 246, 260, 262, 264, 268, 271, 272, 273, 274, 281, 284, 285, 286, 289, 292, 300, 307, 324, 326, 327, 331, 332, 333, 336, 337, 340, 341, 342, 343, 345, 346, 355, 358, 359, 361, 363, 364, 368, 370, 378, 379, 380, 386, 388, 390, 392, 393, 395, 411, 413, 418, 431, 442, 443, 444, 445, 448, 449, 455, 456, 457, 462, 464, 466, 467], "summary": {"covered_lines": 138, "num_statements": 261, "percent_covered": 52.87356321839081, "percent_covered_display": "53", "missing_lines": 123, "excluded_lines": 0}, "missing_lines": [55, 63, 66, 67, 68, 69, 71, 72, 73, 74, 75, 76, 77, 98, 100, 101, 102, 103, 104, 105, 106, 107, 108, 109, 110, 111, 112, 113, 114, 115, 116, 117, 118, 119, 120, 121, 122, 123, 124, 126, 133, 136, 137, 138, 139, 140, 141, 142, 143, 144, 145, 146, 147, 148, 150, 151, 153, 206, 216, 219, 220, 243, 244, 263, 265, 278, 279, 302, 303, 304, 305, 328, 338, 347, 348, 349, 350, 352, 362, 365, 366, 372, 373, 374, 375, 382, 383, 384, 385, 387, 389, 391, 394, 396, 397, 398, 399, 400, 401, 402, 403, 404, 405, 406, 407, 409, 416, 420, 421, 422, 423, 424, 425, 426, 427, 429, 450, 451, 452, 458, 459, 468, 469], "excluded_lines": [], "functions": {"SCIMError.__init__": {"executed_lines": [16, 17, 18, 19], "summary": {"covered_lines": 4, "num_statements": 4, "percent_covered": 100.0, "percent_covered_display": "100", "missing_lines": 0, "excluded_lines": 0}, "missing_lines": [], "excluded_lines": []}, "SCIMError.to_dict": {"executed_lines": [23, 27, 28, 29, 30, 31], "summary": {"covered_lines": 6, "num_statements": 6, "percent_covered": 100.0, "percent_covered_display": "100", "missing_lines": 0, "excluded_lines": 0}, "missing_lines": [], "excluded_lines": []}, "FilterParser.parse_simple_filter": {"executed_lines": [48, 51, 52, 54, 57, 58, 59, 62, 64, 65, 79], "summary": {"covered_lines": 11, "num_statements": 24, "percent_covered": 45.833333333333336, "percent_covered_display": "46", "missing_lines": 13, "excluded_lines": 0}, "missing_lines": [55, 63, 66, 67, 68, 69, 71, 72, 73, 74, 75, 76, 77], "excluded_lines": []}, "FilterParser.apply_filter": {"executed_lines": [88, 89, 90, 93, 96, 97, 99], "summary": {"covered_lines": 7, "num_statements": 34, "percent_covered": 20.58823529411765, "percent_covered_display": "21", "missing_lines": 27, "excluded_lines": 0}, "missing_lines": [98, 100, 101, 102, 103, 104, 105, 106, 107, 108, 109, 110, 111, 112, 113, 114, 115, 116, 117, 118, 119, 120, 121, 122, 123, 124, 126], "excluded_lines": []}, "FilterParser._get_attribute_value": {"executed_lines": [132, 134, 135], "summary": {"covered_lines": 3, "num_statements": 20, "percent_covered": 15.0, "percent_covered_display": "15", "missing_lines": 17, "excluded_lines": 0}, "missing_lines": [133, 136, 137, 138, 139, 140, 141, 142, 143, 144, 145, 146, 147, 148, 150, 151, 153], "excluded_lines": []}, "UserEndpoints.__init__": {"executed_lines": [176, 177], "summary": {"covered_lines": 2, "num_statements": 2, "percent_covered": 100.0, "percent_covered_display": "100", "missing_lines": 0, "excluded_lines": 0}, "missing_lines": [], "excluded_lines": []}, "UserEndpoints.create_user": {"executed_lines": [191, 193, 194, 195, 198, 201, 202, 205, 209, 212, 213, 215, 217, 218], "summary": {"covered_lines": 14, "num_statements": 18, "percent_covered": 77.77777777777777, "percent_covered_display": "78", "missing_lines": 4, "excluded_lines": 0}, "missing_lines": [206, 216, 219, 220], "excluded_lines": []}, "UserEndpoints.get_user": {"executed_lines": [233, 234, 235, 236, 238, 239, 241, 242], "summary": {"covered_lines": 8, "num_statements": 10, "percent_covered": 80.0, "percent_covered_display": "80", "missing_lines": 2, "excluded_lines": 0}, "missing_lines": [243, 244], "excluded_lines": []}, "UserEndpoints.list_users": {"executed_lines": [260, 262, 264, 268, 271, 272, 273, 274, 281, 284, 285, 286, 289, 292, 300], "summary": {"covered_lines": 15, "num_statements": 23, "percent_covered": 65.21739130434783, "percent_covered_display": "65", "missing_lines": 8, "excluded_lines": 0}, "missing_lines": [263, 265, 278, 279, 302, 303, 304, 305], "excluded_lines": []}, "UserEndpoints.patch_user": {"executed_lines": [324, 326, 327, 331, 332, 333, 336, 337, 340, 341, 342, 343, 345, 346, 355, 358, 359, 361, 363, 364], "summary": {"covered_lines": 20, "num_statements": 30, "percent_covered": 66.66666666666667, "percent_covered_display": "67", "missing_lines": 10, "excluded_lines": 0}, "missing_lines": [328, 338, 347, 348, 349, 350, 352, 362, 365, 366], "excluded_lines": []}, "UserEndpoints._apply_replace_operation": {"executed_lines": [370, 378, 379, 380, 386, 388, 390, 392, 393, 395, 411], "summary": {"covered_lines": 11, "num_statements": 36, "percent_covered": 30.555555555555557, "percent_covered_display": "31", "missing_lines": 25, "excluded_lines": 0}, "missing_lines": [372, 373, 374, 375, 382, 383, 384, 385, 387, 389, 391, 394, 396, 397, 398, 399, 400, 401, 402, 403, 404, 405, 406, 407, 409], "excluded_lines": []}, "UserEndpoints._apply_add_operation": {"executed_lines": [], "summary": {"covered_lines": 0, "num_statements": 1, "percent_covered": 0.0, "percent_covered_display": "0", "missing_lines": 1, "excluded_lines": 0}, "missing_lines": [416], "excluded_lines": []}, "UserEndpoints._apply_remove_operation": {"executed_lines": [], "summary": {"covered_lines": 0, "num_statements": 9, "percent_covered": 0.0, "percent_covered_display": "0", "missing_lines": 9, "excluded_lines": 0}, "missing_lines": [420, 421, 422, 423, 424, 425, 426, 427, 429], "excluded_lines": []}, "UserEndpoints.delete_user": {"executed_lines": [442, 443, 444, 445, 448, 449, 455, 456, 457, 462, 464, 466, 467], "summary": {"covered_lines": 13, "num_statements": 20, "percent_covered": 65.0, "percent_covered_display": "65", "missing_lines": 7, "excluded_lines": 0}, "missing_lines": [450, 451, 452, 458, 459, 468, 469], "excluded_lines": []}, "": {"executed_lines": [1, 6, 7, 8, 9, 12, 13, 15, 21, 34, 35, 37, 38, 85, 86, 128, 129, 156, 157, 168, 179, 222, 246, 307, 368, 413, 418, 431], "summary": {"covered_lines": 24, "num_statements": 24, "percent_covered": 100.0, "percent_covered_display": "100", "missing_lines": 0, "excluded_lines": 0}, "missing_lines": [], "excluded_lines": []}}, "classes": {"SCIMError": {"executed_lines": [16, 17, 18, 19, 23, 27, 28, 29, 30, 31], "summary": {"covered_lines": 10, "num_statements": 10, "percent_covered": 100.0, "percent_covered_display": "100", "missing_lines": 0, "excluded_lines": 0}, "missing_lines": [], "excluded_lines": []}, "FilterParser": {"executed_lines": [48, 51, 52, 54, 57, 58, 59, 62, 64, 65, 79, 88, 89, 90, 93, 96, 97, 99, 132, 134, 135], "summary": {"covered_lines": 21, "num_statements": 78, "percent_covered": 26.923076923076923, "percent_covered_display": "27", "missing_lines": 57, "excluded_lines": 0}, "missing_lines": [55, 63, 66, 67, 68, 69, 71, 72, 73, 74, 75, 76, 77, 98, 100, 101, 102, 103, 104, 105, 106, 107, 108, 109, 110, 111, 112, 113, 114, 115, 116, 117, 118, 119, 120, 121, 122, 123, 124, 126, 133, 136, 137, 138, 139, 140, 141, 142, 143, 144, 145, 146, 147, 148, 150, 151, 153], "excluded_lines": []}, "UserEndpoints": {"executed_lines": [176, 177, 191, 193, 194, 195, 198, 201, 202, 205, 209, 212, 213, 215, 217, 218, 233, 234, 235, 236, 238, 239, 241, 242, 260, 262, 264, 268, 271, 272, 273, 274, 281, 284, 285, 286, 289, 292, 300, 324, 326, 327, 331, 332, 333, 336, 337, 340, 341, 342, 343, 345, 346, 355, 358, 359, 361, 363, 364, 370, 378, 379, 380, 386, 388, 390, 392, 393, 395, 411, 442, 443, 444, 445, 448, 449, 455, 456, 457, 462, 464, 466, 467], "summary": {"covered_lines": 83, "num_statements": 149, "percent_covered": 55.70469798657718, "percent_covered_display": "56", "missing_lines": 66, "excluded_lines": 0}, "missing_lines": [206, 216, 219, 220, 243, 244, 263, 265, 278, 279, 302, 303, 304, 305, 328, 338, 347, 348, 349, 350, 352, 362, 365, 366, 372, 373, 374, 375, 382, 383, 384, 385, 387, 389, 391, 394, 396, 397, 398, 399, 400, 401, 402, 403, 404, 405, 406, 407, 409, 416, 420, 421, 422, 423, 424, 425, 426, 427, 429, 450, 451, 452, 458, 459, 468, 469], "excluded_lines": []}, "": {"executed_lines": [1, 6, 7, 8, 9, 12, 13, 15, 21, 34, 35, 37, 38, 85, 86, 128, 129, 156, 157, 168, 179, 222, 246, 307, 368, 413, 418, 431], "summary": {"covered_lines": 24, "num_statements": 24, "percent_covered": 100.0, "percent_covered_display": "100", "missing_lines": 0, "excluded_lines": 0}, "missing_lines": [], "excluded_lines": []}}}, "app.py": {"executed_lines": [1, 6, 7, 8, 11, 12, 13, 14, 17, 18, 19, 24, 25, 26, 27, 29, 30, 32, 33, 35, 36, 37, 38, 39, 41, 47, 48, 50, 51, 52, 53, 57, 58, 59, 60, 62, 63, 65, 66, 68, 69, 70, 71, 72, 74, 80, 81, 83, 84, 85, 86, 92, 93, 96, 97, 100, 101, 102, 105, 106, 107, 108, 113, 114, 116, 117, 118, 121, 122, 124, 125, 126, 129, 130, 139, 140, 152, 153, 155, 156, 159, 160, 161, 163, 164, 166, 167, 170, 171, 172, 174, 175, 177, 178, 183, 184, 189, 191, 192, 193, 195, 200, 203, 207, 208, 209, 210, 213, 214, 221, 222, 223, 225, 227, 233, 234, 238, 240, 241, 242, 243, 252, 253, 258, 259, 260, 261, 263, 268, 270, 271, 275, 276, 277, 278, 279, 285, 286, 293, 294, 295, 297, 299, 305, 306, 310, 312, 313, 314, 315, 324, 325, 327, 328, 330, 334, 337, 338, 340, 341, 343, 347, 351, 352, 353, 354, 355, 357, 367, 368, 394], "summary": {"covered_lines": 168, "num_statements": 191, "percent_covered": 87.95811518324608, "percent_covered_display": "88", "missing_lines": 23, "excluded_lines": 0}, "missing_lines": [42, 43, 44, 45, 54, 75, 76, 77, 78, 87, 132, 142, 244, 247, 282, 316, 319, 370, 396, 397, 398, 400, 443], "excluded_lines": [], "functions": {"UserRepository.__init__": {"executed_lines": [27], "summary": {"covered_lines": 1, "num_statements": 1, "percent_covered": 100.0, "percent_covered_display": "100", "missing_lines": 0, "excluded_lines": 0}, "missing_lines": [], "excluded_lines": []}, "UserRepository.save": {"executed_lines": [30], "summary": {"covered_lines": 1, "num_statements": 1, "percent_covered": 100.0, "percent_covered_display": "100", "missing_lines": 0, "excluded_lines": 0}, "missing_lines": [], "excluded_lines": []}, "UserRepository.get_by_id": {"executed_lines": [33], "summary": {"covered_lines": 1, "num_statements": 1, "percent_covered": 100.0, "percent_covered_display": "100", "missing_lines": 0, "excluded_lines": 0}, "missing_lines": [], "excluded_lines": []}, "UserRepository.get_by_username": {"executed_lines": [36, 37, 38, 39], "summary": {"covered_lines": 4, "num_statements": 4, "percent_covered": 100.0, "percent_covered_display": "100", "missing_lines": 0, "excluded_lines": 0}, "missing_lines": [], "excluded_lines": []}, "UserRepository.get_by_external_id": {"executed_lines": [], "summary": {"covered_lines": 0, "num_statements": 4, "percent_covered": 0.0, "percent_covered_display": "0", "missing_lines": 4, "excluded_lines": 0}, "missing_lines": [42, 43, 44, 45], "excluded_lines": []}, "UserRepository.get_all": {"executed_lines": [48], "summary": {"covered_lines": 1, "num_statements": 1, "percent_covered": 100.0, "percent_covered_display": "100", "missing_lines": 0, "excluded_lines": 0}, "missing_lines": [], "excluded_lines": []}, "UserRepository.delete": {"executed_lines": [51, 52, 53], "summary": {"covered_lines": 3, "num_statements": 4, "percent_covered": 75.0, "percent_covered_display": "75", "missing_lines": 1, "excluded_lines": 0}, "missing_lines": [54], "excluded_lines": []}, "GroupRepository.__init__": {"executed_lines": [60], "summary": {"covered_lines": 1, "num_statements": 1, "percent_covered": 100.0, "percent_covered_display": "100", "missing_lines": 0, "excluded_lines": 0}, "missing_lines": [], "excluded_lines": []}, "GroupRepository.save": {"executed_lines": [63], "summary": {"covered_lines": 1, "num_statements": 1, "percent_covered": 100.0, "percent_covered_display": "100", "missing_lines": 0, "excluded_lines": 0}, "missing_lines": [], "excluded_lines": []}, "GroupRepository.get_by_id": {"executed_lines": [66], "summary": {"covered_lines": 1, "num_statements": 1, "percent_covered": 100.0, "percent_covered_display": "100", "missing_lines": 0, "excluded_lines": 0}, "missing_lines": [], "excluded_lines": []}, "GroupRepository.get_by_display_name": {"executed_lines": [69, 70, 71, 72], "summary": {"covered_lines": 4, "num_statements": 4, "percent_covered": 100.0, "percent_covered_display": "100", "missing_lines": 0, "excluded_lines": 0}, "missing_lines": [], "excluded_lines": []}, "GroupRepository.get_by_external_id": {"executed_lines": [], "summary": {"covered_lines": 0, "num_statements": 4, "percent_covered": 0.0, "percent_covered_display": "0", "missing_lines": 4, "excluded_lines": 0}, "missing_lines": [75, 76, 77, 78], "excluded_lines": []}, "GroupRepository.get_all": {"executed_lines": [81], "summary": {"covered_lines": 1, "num_statements": 1, "percent_covered": 100.0, "percent_covered_display": "100", "missing_lines": 0, "excluded_lines": 0}, "missing_lines": [], "excluded_lines": []}, "GroupRepository.delete": {"executed_lines": [84, 85, 86], "summary": {"covered_lines": 3, "num_statements": 4, "percent_covered": 75.0, "percent_covered_display": "75", "missing_lines": 1, "excluded_lines": 0}, "missing_lines": [87], "excluded_lines": []}, "handle_user_scim_error": {"executed_lines": [116, 117, 118], "summary": {"covered_lines": 3, "num_statements": 3, "percent_covered": 100.0, "percent_covered_display": "100", "missing_lines": 0, "excluded_lines": 0}, "missing_lines": [], "excluded_lines": []}, "handle_group_scim_error": {"executed_lines": [124, 125, 126], "summary": {"covered_lines": 3, "num_statements": 3, "percent_covered": 100.0, "percent_covered_display": "100", "missing_lines": 0, "excluded_lines": 0}, "missing_lines": [], "excluded_lines": []}, "not_found": {"executed_lines": [], "summary": {"covered_lines": 0, "num_statements": 1, "percent_covered": 0.0, "percent_covered_display": "0", "missing_lines": 1, "excluded_lines": 0}, "missing_lines": [132], "excluded_lines": []}, "method_not_allowed": {"executed_lines": [], "summary": {"covered_lines": 0, "num_statements": 1, "percent_covered": 0.0, "percent_covered_display": "0", "missing_lines": 1, "excluded_lines": 0}, "missing_lines": [142], "excluded_lines": []}, "get_service_provider_config": {"executed_lines": [155, 156], "summary": {"covered_lines": 2, "num_statements": 2, "percent_covered": 100.0, "percent_covered_display": "100", "missing_lines": 0, "excluded_lines": 0}, "missing_lines": [], "excluded_lines": []}, "get_schemas": {"executed_lines": [163, 164, 166, 167], "summary": {"covered_lines": 4, "num_statements": 4, "percent_covered": 100.0, "percent_covered_display": "100", "missing_lines": 0, "excluded_lines": 0}, "missing_lines": [], "excluded_lines": []}, "get_resource_types": {"executed_lines": [174, 175, 177, 178], "summary": {"covered_lines": 4, "num_statements": 4, "percent_covered": 100.0, "percent_covered_display": "100", "missing_lines": 0, "excluded_lines": 0}, "missing_lines": [], "excluded_lines": []}, "users": {"executed_lines": [189, 191, 192, 193, 195, 200, 203, 207, 208, 209, 210], "summary": {"covered_lines": 11, "num_statements": 11, "percent_covered": 100.0, "percent_covered_display": "100", "missing_lines": 0, "excluded_lines": 0}, "missing_lines": [], "excluded_lines": []}, "user_by_id": {"executed_lines": [221, 222, 223, 225, 227, 233, 234, 238, 240, 241, 242, 243], "summary": {"covered_lines": 12, "num_statements": 14, "percent_covered": 85.71428571428571, "percent_covered_display": "86", "missing_lines": 2, "excluded_lines": 0}, "missing_lines": [244, 247], "excluded_lines": []}, "groups": {"executed_lines": [258, 259, 260, 261, 263, 268, 270, 271, 275, 276, 277, 278, 279], "summary": {"covered_lines": 13, "num_statements": 14, "percent_covered": 92.85714285714286, "percent_covered_display": "93", "missing_lines": 1, "excluded_lines": 0}, "missing_lines": [282], "excluded_lines": []}, "group_by_id": {"executed_lines": [293, 294, 295, 297, 299, 305, 306, 310, 312, 313, 314, 315], "summary": {"covered_lines": 12, "num_statements": 14, "percent_covered": 85.71428571428571, "percent_covered_display": "86", "missing_lines": 2, "excluded_lines": 0}, "missing_lines": [316, 319], "excluded_lines": []}, "list_roles": {"executed_lines": [327, 328, 330, 334], "summary": {"covered_lines": 4, "num_statements": 4, "percent_covered": 100.0, "percent_covered_display": "100", "missing_lines": 0, "excluded_lines": 0}, "missing_lines": [], "excluded_lines": []}, "list_departments": {"executed_lines": [340, 341, 343, 347], "summary": {"covered_lines": 4, "num_statements": 4, "percent_covered": 100.0, "percent_covered_display": "100", "missing_lines": 0, "excluded_lines": 0}, "missing_lines": [], "excluded_lines": []}, "supporting_data_unsupported_operations": {"executed_lines": [357], "summary": {"covered_lines": 1, "num_statements": 1, "percent_covered": 100.0, "percent_covered_display": "100", "missing_lines": 0, "excluded_lines": 0}, "missing_lines": [], "excluded_lines": []}, "root": {"executed_lines": [], "summary": {"covered_lines": 0, "num_statements": 1, "percent_covered": 0.0, "percent_covered_display": "0", "missing_lines": 1, "excluded_lines": 0}, "missing_lines": [370], "excluded_lines": []}, "": {"executed_lines": [1, 6, 7, 8, 11, 12, 13, 14, 17, 18, 19, 24, 25, 26, 29, 32, 35, 41, 47, 50, 57, 58, 59, 62, 65, 68, 74, 80, 83, 92, 93, 96, 97, 100, 101, 102, 105, 106, 107, 108, 113, 114, 121, 122, 129, 130, 139, 140, 152, 153, 159, 160, 161, 170, 171, 172, 183, 184, 213, 214, 252, 253, 285, 286, 324, 325, 337, 338, 351, 352, 353, 354, 355, 367, 368, 394], "summary": {"covered_lines": 73, "num_statements": 78, "percent_covered": 93.58974358974359, "percent_covered_display": "94", "missing_lines": 5, "excluded_lines": 0}, "missing_lines": [396, 397, 398, 400, 443], "excluded_lines": []}}, "classes": {"UserRepository": {"executed_lines": [27, 30, 33, 36, 37, 38, 39, 48, 51, 52, 53], "summary": {"covered_lines": 11, "num_statements": 16, "percent_covered": 68.75, "percent_covered_display": "69", "missing_lines": 5, "excluded_lines": 0}, "missing_lines": [42, 43, 44, 45, 54], "excluded_lines": []}, "GroupRepository": {"executed_lines": [60, 63, 66, 69, 70, 71, 72, 81, 84, 85, 86], "summary": {"covered_lines": 11, "num_statements": 16, "percent_covered": 68.75, "percent_covered_display": "69", "missing_lines": 5, "excluded_lines": 0}, "missing_lines": [75, 76, 77, 78, 87], "excluded_lines": []}, "": {"executed_lines": [1, 6, 7, 8, 11, 12, 13, 14, 17, 18, 19, 24, 25, 26, 29, 32, 35, 41, 47, 50, 57, 58, 59, 62, 65, 68, 74, 80, 83, 92, 93, 96, 97, 100, 101, 102, 105, 106, 107, 108, 113, 114, 116, 117, 118, 121, 122, 124, 125, 126, 129, 130, 139, 140, 152, 153, 155, 156, 159, 160, 161, 163, 164, 166, 167, 170, 171, 172, 174, 175, 177, 178, 183, 184, 189, 191, 192, 193, 195, 200, 203, 207, 208, 209, 210, 213, 214, 221, 222, 223, 225, 227, 233, 234, 238, 240, 241, 242, 243, 252, 253, 258, 259, 260, 261, 263, 268, 270, 271, 275, 276, 277, 278, 279, 285, 286, 293, 294, 295, 297, 299, 305, 306, 310, 312, 313, 314, 315, 324, 325, 327, 328, 330, 334, 337, 338, 340, 341, 343, 347, 351, 352, 353, 354, 355, 357, 367, 368, 394], "summary": {"covered_lines": 146, "num_statements": 159, "percent_covered": 91.82389937106919, "percent_covered_display": "92", "missing_lines": 13, "excluded_lines": 0}, "missing_lines": [132, 142, 244, 247, 282, 316, 319, 370, 396, 397, 398, 400, 443], "excluded_lines": []}}}, "examples/__init__.py": {"executed_lines": [], "summary": {"covered_lines": 0, "num_statements": 0, "percent_covered": 100.0, "percent_covered_display": "100", "missing_lines": 0, "excluded_lines": 0}, "missing_lines": [], "excluded_lines": [], "functions": {"": {"executed_lines": [], "summary": {"covered_lines": 0, "num_statements": 0, "percent_covered": 100.0, "percent_covered_display": "100", "missing_lines": 0, "excluded_lines": 0}, "missing_lines": [], "excluded_lines": []}}, "classes": {"": {"executed_lines": [], "summary": {"covered_lines": 0, "num_statements": 0, "percent_covered": 100.0, "percent_covered_display": "100", "missing_lines": 0, "excluded_lines": 0}, "missing_lines": [], "excluded_lines": []}}}, "models/__init__.py": {"executed_lines": [1], "summary": {"covered_lines": 0, "num_statements": 0, "percent_covered": 100.0, "percent_covered_display": "100", "missing_lines": 0, "excluded_lines": 0}, "missing_lines": [], "excluded_lines": [], "functions": {"": {"executed_lines": [], "summary": {"covered_lines": 0, "num_statements": 0, "percent_covered": 100.0, "percent_covered_display": "100", "missing_lines": 0, "excluded_lines": 0}, "missing_lines": [], "excluded_lines": []}}, "classes": {"": {"executed_lines": [], "summary": {"covered_lines": 0, "num_statements": 0, "percent_covered": 100.0, "percent_covered_display": "100", "missing_lines": 0, "excluded_lines": 0}, "missing_lines": [], "excluded_lines": []}}}, "models/group_model.py": {"executed_lines": [1, 6, 7, 8, 11, 12, 13, 16, 17, 19, 21, 22, 23, 24, 26, 27, 32, 33, 34, 37, 38, 40, 42, 43, 44, 45, 46, 48, 49, 58, 59, 75, 77, 86, 90, 91, 92, 93, 96, 97, 103, 105, 107, 108, 111, 128, 132, 133, 134, 138, 144, 145, 146, 148, 150, 160, 161, 163, 164, 165, 169, 173, 177, 179, 180, 182, 189, 197, 200, 201, 203, 205, 206, 221, 222, 226, 227, 228, 229, 233, 234, 235, 238, 246, 253, 255], "summary": {"covered_lines": 81, "num_statements": 96, "percent_covered": 84.375, "percent_covered_display": "84", "missing_lines": 15, "excluded_lines": 0}, "missing_lines": [87, 109, 129, 135, 139, 140, 141, 167, 171, 175, 198, 223, 230, 236, 256], "excluded_lines": [], "functions": {"Member.__init__": {"executed_lines": [21, 22, 23, 24], "summary": {"covered_lines": 4, "num_statements": 4, "percent_covered": 100.0, "percent_covered_display": "100", "missing_lines": 0, "excluded_lines": 0}, "missing_lines": [], "excluded_lines": []}, "Member.to_dict": {"executed_lines": [27, 32, 33, 34], "summary": {"covered_lines": 4, "num_statements": 4, "percent_covered": 100.0, "percent_covered_display": "100", "missing_lines": 0, "excluded_lines": 0}, "missing_lines": [], "excluded_lines": []}, "Meta.__init__": {"executed_lines": [42, 43, 44, 45, 46], "summary": {"covered_lines": 5, "num_statements": 5, "percent_covered": 100.0, "percent_covered_display": "100", "missing_lines": 0, "excluded_lines": 0}, "missing_lines": [], "excluded_lines": []}, "Meta.to_dict": {"executed_lines": [49], "summary": {"covered_lines": 1, "num_statements": 1, "percent_covered": 100.0, "percent_covered_display": "100", "missing_lines": 0, "excluded_lines": 0}, "missing_lines": [], "excluded_lines": []}, "Group.__init__": {"executed_lines": [86, 90, 91, 92, 93, 96, 97, 103], "summary": {"covered_lines": 8, "num_statements": 9, "percent_covered": 88.88888888888889, "percent_covered_display": "89", "missing_lines": 1, "excluded_lines": 0}, "missing_lines": [87], "excluded_lines": []}, "Group._validate_members": {"executed_lines": [107, 108], "summary": {"covered_lines": 2, "num_statements": 3, "percent_covered": 66.66666666666667, "percent_covered_display": "67", "missing_lines": 1, "excluded_lines": 0}, "missing_lines": [109], "excluded_lines": []}, "Group.add_member": {"executed_lines": [128, 132, 133, 134, 138, 144, 145, 146, 148], "summary": {"covered_lines": 9, "num_statements": 14, "percent_covered": 64.28571428571429, "percent_covered_display": "64", "missing_lines": 5, "excluded_lines": 0}, "missing_lines": [129, 135, 139, 140, 141], "excluded_lines": []}, "Group.remove_member": {"executed_lines": [160, 161, 163, 164, 165], "summary": {"covered_lines": 5, "num_statements": 6, "percent_covered": 83.33333333333333, "percent_covered_display": "83", "missing_lines": 1, "excluded_lines": 0}, "missing_lines": [167], "excluded_lines": []}, "Group.has_member": {"executed_lines": [], "summary": {"covered_lines": 0, "num_statements": 1, "percent_covered": 0.0, "percent_covered_display": "0", "missing_lines": 1, "excluded_lines": 0}, "missing_lines": [171], "excluded_lines": []}, "Group.get_member_ids": {"executed_lines": [], "summary": {"covered_lines": 0, "num_statements": 1, "percent_covered": 0.0, "percent_covered_display": "0", "missing_lines": 1, "excluded_lines": 0}, "missing_lines": [175], "excluded_lines": []}, "Group._update_last_modified": {"executed_lines": [179, 180], "summary": {"covered_lines": 2, "num_statements": 2, "percent_covered": 100.0, "percent_covered_display": "100", "missing_lines": 0, "excluded_lines": 0}, "missing_lines": [], "excluded_lines": []}, "Group.to_dict": {"executed_lines": [189, 197, 200, 201, 203], "summary": {"covered_lines": 5, "num_statements": 6, "percent_covered": 83.33333333333333, "percent_covered_display": "83", "missing_lines": 1, "excluded_lines": 0}, "missing_lines": [198], "excluded_lines": []}, "Group.from_dict": {"executed_lines": [221, 222, 226, 227, 228, 229, 233, 234, 235, 238, 246, 253], "summary": {"covered_lines": 12, "num_statements": 15, "percent_covered": 80.0, "percent_covered_display": "80", "missing_lines": 3, "excluded_lines": 0}, "missing_lines": [223, 230, 236], "excluded_lines": []}, "Group.__repr__": {"executed_lines": [], "summary": {"covered_lines": 0, "num_statements": 1, "percent_covered": 0.0, "percent_covered_display": "0", "missing_lines": 1, "excluded_lines": 0}, "missing_lines": [256], "excluded_lines": []}, "": {"executed_lines": [1, 6, 7, 8, 11, 12, 13, 16, 17, 19, 26, 37, 38, 40, 48, 58, 59, 75, 77, 105, 111, 150, 169, 173, 177, 182, 205, 206, 255], "summary": {"covered_lines": 24, "num_statements": 24, "percent_covered": 100.0, "percent_covered_display": "100", "missing_lines": 0, "excluded_lines": 0}, "missing_lines": [], "excluded_lines": []}}, "classes": {"ValidationError": {"executed_lines": [], "summary": {"covered_lines": 0, "num_statements": 0, "percent_covered": 100.0, "percent_covered_display": "100", "missing_lines": 0, "excluded_lines": 0}, "missing_lines": [], "excluded_lines": []}, "Member": {"executed_lines": [21, 22, 23, 24, 27, 32, 33, 34], "summary": {"covered_lines": 8, "num_statements": 8, "percent_covered": 100.0, "percent_covered_display": "100", "missing_lines": 0, "excluded_lines": 0}, "missing_lines": [], "excluded_lines": []}, "Meta": {"executed_lines": [42, 43, 44, 45, 46, 49], "summary": {"covered_lines": 6, "num_statements": 6, "percent_covered": 100.0, "percent_covered_display": "100", "missing_lines": 0, "excluded_lines": 0}, "missing_lines": [], "excluded_lines": []}, "Group": {"executed_lines": [86, 90, 91, 92, 93, 96, 97, 103, 107, 108, 128, 132, 133, 134, 138, 144, 145, 146, 148, 160, 161, 163, 164, 165, 179, 180, 189, 197, 200, 201, 203, 221, 222, 226, 227, 228, 229, 233, 234, 235, 238, 246, 253], "summary": {"covered_lines": 43, "num_statements": 58, "percent_covered": 74.13793103448276, "percent_covered_display": "74", "missing_lines": 15, "excluded_lines": 0}, "missing_lines": [87, 109, 129, 135, 139, 140, 141, 167, 171, 175, 198, 223, 230, 236, 256], "excluded_lines": []}, "": {"executed_lines": [1, 6, 7, 8, 11, 12, 13, 16, 17, 19, 26, 37, 38, 40, 48, 58, 59, 75, 77, 105, 111, 150, 169, 173, 177, 182, 205, 206, 255], "summary": {"covered_lines": 24, "num_statements": 24, "percent_covered": 100.0, "percent_covered_display": "100", "missing_lines": 0, "excluded_lines": 0}, "missing_lines": [], "excluded_lines": []}}}, "models/supporting_data_model.py": {"executed_lines": [1, 9, 10, 13, 14, 27, 34, 35, 36, 37, 39, 41, 45, 46, 47, 49, 51, 55, 56, 67, 68, 69, 71, 73, 78, 82, 83, 90, 92, 93, 95, 107, 145, 157, 172, 174, 176, 183, 191, 193, 195, 202, 210, 214], "summary": {"covered_lines": 40, "num_statements": 63, "percent_covered": 63.492063492063494, "percent_covered_display": "63", "missing_lines": 23, "excluded_lines": 0}, "missing_lines": [48, 52, 79, 178, 179, 180, 181, 185, 186, 187, 188, 189, 197, 198, 199, 200, 204, 205, 206, 207, 208, 212, 216], "excluded_lines": [], "functions": {"Role.__init__": {"executed_lines": [34, 35, 36, 37], "summary": {"covered_lines": 4, "num_statements": 4, "percent_covered": 100.0, "percent_covered_display": "100", "missing_lines": 0, "excluded_lines": 0}, "missing_lines": [], "excluded_lines": []}, "Role.to_dict": {"executed_lines": [41, 45, 46, 47, 49], "summary": {"covered_lines": 5, "num_statements": 6, "percent_covered": 83.33333333333333, "percent_covered_display": "83", "missing_lines": 1, "excluded_lines": 0}, "missing_lines": [48], "excluded_lines": []}, "Role.__repr__": {"executed_lines": [], "summary": {"covered_lines": 0, "num_statements": 1, "percent_covered": 0.0, "percent_covered_display": "0", "missing_lines": 1, "excluded_lines": 0}, "missing_lines": [52], "excluded_lines": []}, "Department.__init__": {"executed_lines": [68, 69], "summary": {"covered_lines": 2, "num_statements": 2, "percent_covered": 100.0, "percent_covered_display": "100", "missing_lines": 0, "excluded_lines": 0}, "missing_lines": [], "excluded_lines": []}, "Department.to_dict": {"executed_lines": [73], "summary": {"covered_lines": 1, "num_statements": 1, "percent_covered": 100.0, "percent_covered_display": "100", "missing_lines": 0, "excluded_lines": 0}, "missing_lines": [], "excluded_lines": []}, "Department.__repr__": {"executed_lines": [], "summary": {"covered_lines": 0, "num_statements": 1, "percent_covered": 0.0, "percent_covered_display": "0", "missing_lines": 1, "excluded_lines": 0}, "missing_lines": [79], "excluded_lines": []}, "SupportingDataRepository.__init__": {"executed_lines": [92, 93], "summary": {"covered_lines": 2, "num_statements": 2, "percent_covered": 100.0, "percent_covered_display": "100", "missing_lines": 0, "excluded_lines": 0}, "missing_lines": [], "excluded_lines": []}, "SupportingDataRepository._load_predefined_roles": {"executed_lines": [107], "summary": {"covered_lines": 1, "num_statements": 1, "percent_covered": 100.0, "percent_covered_display": "100", "missing_lines": 0, "excluded_lines": 0}, "missing_lines": [], "excluded_lines": []}, "SupportingDataRepository._load_predefined_departments": {"executed_lines": [157], "summary": {"covered_lines": 1, "num_statements": 1, "percent_covered": 100.0, "percent_covered_display": "100", "missing_lines": 0, "excluded_lines": 0}, "missing_lines": [], "excluded_lines": []}, "SupportingDataRepository.get_all_roles": {"executed_lines": [174], "summary": {"covered_lines": 1, "num_statements": 1, "percent_covered": 100.0, "percent_covered_display": "100", "missing_lines": 0, "excluded_lines": 0}, "missing_lines": [], "excluded_lines": []}, "SupportingDataRepository.get_role_by_id": {"executed_lines": [], "summary": {"covered_lines": 0, "num_statements": 4, "percent_covered": 0.0, "percent_covered_display": "0", "missing_lines": 4, "excluded_lines": 0}, "missing_lines": [178, 179, 180, 181], "excluded_lines": []}, "SupportingDataRepository.get_role_by_name": {"executed_lines": [], "summary": {"covered_lines": 0, "num_statements": 5, "percent_covered": 0.0, "percent_covered_display": "0", "missing_lines": 5, "excluded_lines": 0}, "missing_lines": [185, 186, 187, 188, 189], "excluded_lines": []}, "SupportingDataRepository.get_all_departments": {"executed_lines": [193], "summary": {"covered_lines": 1, "num_statements": 1, "percent_covered": 100.0, "percent_covered_display": "100", "missing_lines": 0, "excluded_lines": 0}, "missing_lines": [], "excluded_lines": []}, "SupportingDataRepository.get_department_by_id": {"executed_lines": [], "summary": {"covered_lines": 0, "num_statements": 4, "percent_covered": 0.0, "percent_covered_display": "0", "missing_lines": 4, "excluded_lines": 0}, "missing_lines": [197, 198, 199, 200], "excluded_lines": []}, "SupportingDataRepository.get_department_by_name": {"executed_lines": [], "summary": {"covered_lines": 0, "num_statements": 5, "percent_covered": 0.0, "percent_covered_display": "0", "missing_lines": 5, "excluded_lines": 0}, "missing_lines": [204, 205, 206, 207, 208], "excluded_lines": []}, "SupportingDataRepository.validate_role_name": {"executed_lines": [], "summary": {"covered_lines": 0, "num_statements": 1, "percent_covered": 0.0, "percent_covered_display": "0", "missing_lines": 1, "excluded_lines": 0}, "missing_lines": [212], "excluded_lines": []}, "SupportingDataRepository.validate_department_name": {"executed_lines": [], "summary": {"covered_lines": 0, "num_statements": 1, "percent_covered": 0.0, "percent_covered_display": "0", "missing_lines": 1, "excluded_lines": 0}, "missing_lines": [216], "excluded_lines": []}, "": {"executed_lines": [1, 9, 10, 13, 14, 27, 39, 51, 55, 56, 67, 71, 78, 82, 83, 90, 95, 145, 172, 176, 183, 191, 195, 202, 210, 214], "summary": {"covered_lines": 22, "num_statements": 22, "percent_covered": 100.0, "percent_covered_display": "100", "missing_lines": 0, "excluded_lines": 0}, "missing_lines": [], "excluded_lines": []}}, "classes": {"Role": {"executed_lines": [34, 35, 36, 37, 41, 45, 46, 47, 49], "summary": {"covered_lines": 9, "num_statements": 11, "percent_covered": 81.81818181818181, "percent_covered_display": "82", "missing_lines": 2, "excluded_lines": 0}, "missing_lines": [48, 52], "excluded_lines": []}, "Department": {"executed_lines": [68, 69, 73], "summary": {"covered_lines": 3, "num_statements": 4, "percent_covered": 75.0, "percent_covered_display": "75", "missing_lines": 1, "excluded_lines": 0}, "missing_lines": [79], "excluded_lines": []}, "SupportingDataRepository": {"executed_lines": [92, 93, 107, 157, 174, 193], "summary": {"covered_lines": 6, "num_statements": 26, "percent_covered": 23.076923076923077, "percent_covered_display": "23", "missing_lines": 20, "excluded_lines": 0}, "missing_lines": [178, 179, 180, 181, 185, 186, 187, 188, 189, 197, 198, 199, 200, 204, 205, 206, 207, 208, 212, 216], "excluded_lines": []}, "": {"executed_lines": [1, 9, 10, 13, 14, 27, 39, 51, 55, 56, 67, 71, 78, 82, 83, 90, 95, 145, 172, 176, 183, 191, 195, 202, 210, 214], "summary": {"covered_lines": 22, "num_statements": 22, "percent_covered": 100.0, "percent_covered_display": "100", "missing_lines": 0, "excluded_lines": 0}, "missing_lines": [], "excluded_lines": []}}}, "models/user_model.py": {"executed_lines": [1, 6, 7, 8, 9, 12, 13, 14, 17, 18, 20, 21, 24, 25, 26, 28, 29, 31, 32, 34, 35, 42, 43, 45, 46, 47, 49, 50, 51, 52, 53, 54, 55, 58, 59, 61, 62, 63, 64, 66, 67, 68, 70, 72, 75, 76, 78, 79, 80, 81, 82, 84, 95, 96, 98, 100, 101, 102, 103, 104, 106, 107, 116, 117, 131, 132, 134, 150, 154, 155, 156, 159, 160, 161, 162, 163, 164, 165, 166, 169, 170, 176, 178, 180, 181, 184, 216, 221, 226, 227, 234, 235, 236, 238, 240, 241, 243, 245, 246, 248, 258, 259, 260, 261, 263, 272, 275, 276, 278, 279, 281, 284, 288, 289, 290, 291, 292, 293, 294, 295, 296, 298, 300, 301, 316, 317, 321, 322, 328, 329, 330, 337, 338, 339, 340, 342, 344, 345, 346, 347, 351, 358, 359, 362, 376, 379, 381], "summary": {"covered_lines": 139, "num_statements": 167, "percent_covered": 83.23353293413173, "percent_covered_display": "83", "missing_lines": 28, "excluded_lines": 0}, "missing_lines": [22, 69, 71, 85, 90, 91, 92, 151, 182, 199, 200, 203, 204, 205, 206, 209, 210, 212, 213, 214, 218, 219, 273, 282, 285, 318, 377, 382], "excluded_lines": [], "functions": {"Email.__init__": {"executed_lines": [21, 24, 25, 26], "summary": {"covered_lines": 4, "num_statements": 5, "percent_covered": 80.0, "percent_covered_display": "80", "missing_lines": 1, "excluded_lines": 0}, "missing_lines": [22], "excluded_lines": []}, "Email._is_valid_email": {"executed_lines": [31, 32], "summary": {"covered_lines": 2, "num_statements": 2, "percent_covered": 100.0, "percent_covered_display": "100", "missing_lines": 0, "excluded_lines": 0}, "missing_lines": [], "excluded_lines": []}, "Email.to_dict": {"executed_lines": [35], "summary": {"covered_lines": 1, "num_statements": 1, "percent_covered": 100.0, "percent_covered_display": "100", "missing_lines": 0, "excluded_lines": 0}, "missing_lines": [], "excluded_lines": []}, "Name.__init__": {"executed_lines": [46, 47], "summary": {"covered_lines": 2, "num_statements": 2, "percent_covered": 100.0, "percent_covered_display": "100", "missing_lines": 0, "excluded_lines": 0}, "missing_lines": [], "excluded_lines": []}, "Name.to_dict": {"executed_lines": [50, 51, 52, 53, 54, 55], "summary": {"covered_lines": 6, "num_statements": 6, "percent_covered": 100.0, "percent_covered_display": "100", "missing_lines": 0, "excluded_lines": 0}, "missing_lines": [], "excluded_lines": []}, "Manager.__init__": {"executed_lines": [62, 63, 64], "summary": {"covered_lines": 3, "num_statements": 3, "percent_covered": 100.0, "percent_covered_display": "100", "missing_lines": 0, "excluded_lines": 0}, "missing_lines": [], "excluded_lines": []}, "Manager.to_dict": {"executed_lines": [67, 68, 70, 72], "summary": {"covered_lines": 4, "num_statements": 6, "percent_covered": 66.66666666666667, "percent_covered_display": "67", "missing_lines": 2, "excluded_lines": 0}, "missing_lines": [69, 71], "excluded_lines": []}, "GroupMembership.__init__": {"executed_lines": [79, 80, 81, 82], "summary": {"covered_lines": 4, "num_statements": 4, "percent_covered": 100.0, "percent_covered_display": "100", "missing_lines": 0, "excluded_lines": 0}, "missing_lines": [], "excluded_lines": []}, "GroupMembership.to_dict": {"executed_lines": [], "summary": {"covered_lines": 0, "num_statements": 4, "percent_covered": 0.0, "percent_covered_display": "0", "missing_lines": 4, "excluded_lines": 0}, "missing_lines": [85, 90, 91, 92], "excluded_lines": []}, "Meta.__init__": {"executed_lines": [100, 101, 102, 103, 104], "summary": {"covered_lines": 5, "num_statements": 5, "percent_covered": 100.0, "percent_covered_display": "100", "missing_lines": 0, "excluded_lines": 0}, "missing_lines": [], "excluded_lines": []}, "Meta.to_dict": {"executed_lines": [107], "summary": {"covered_lines": 1, "num_statements": 1, "percent_covered": 100.0, "percent_covered_display": "100", "missing_lines": 0, "excluded_lines": 0}, "missing_lines": [], "excluded_lines": []}, "User.__init__": {"executed_lines": [150, 154, 155, 156, 159, 160, 161, 162, 163, 164, 165, 166, 169, 170, 176], "summary": {"covered_lines": 15, "num_statements": 16, "percent_covered": 93.75, "percent_covered_display": "94", "missing_lines": 1, "excluded_lines": 0}, "missing_lines": [151], "excluded_lines": []}, "User._validate_emails": {"executed_lines": [180, 181], "summary": {"covered_lines": 2, "num_statements": 3, "percent_covered": 66.66666666666667, "percent_covered_display": "67", "missing_lines": 1, "excluded_lines": 0}, "missing_lines": [182], "excluded_lines": []}, "User.set_manager": {"executed_lines": [], "summary": {"covered_lines": 0, "num_statements": 11, "percent_covered": 0.0, "percent_covered_display": "0", "missing_lines": 11, "excluded_lines": 0}, "missing_lines": [199, 200, 203, 204, 205, 206, 209, 210, 212, 213, 214], "excluded_lines": []}, "User.clear_manager": {"executed_lines": [], "summary": {"covered_lines": 0, "num_statements": 2, "percent_covered": 0.0, "percent_covered_display": "0", "missing_lines": 2, "excluded_lines": 0}, "missing_lines": [218, 219], "excluded_lines": []}, "User.add_group_membership": {"executed_lines": [226, 227, 234, 235, 236], "summary": {"covered_lines": 5, "num_statements": 5, "percent_covered": 100.0, "percent_covered_display": "100", "missing_lines": 0, "excluded_lines": 0}, "missing_lines": [], "excluded_lines": []}, "User.remove_group_membership": {"executed_lines": [240, 241], "summary": {"covered_lines": 2, "num_statements": 2, "percent_covered": 100.0, "percent_covered_display": "100", "missing_lines": 0, "excluded_lines": 0}, "missing_lines": [], "excluded_lines": []}, "User._update_last_modified": {"executed_lines": [245, 246], "summary": {"covered_lines": 2, "num_statements": 2, "percent_covered": 100.0, "percent_covered_display": "100", "missing_lines": 0, "excluded_lines": 0}, "missing_lines": [], "excluded_lines": []}, "User.to_dict": {"executed_lines": [258, 259, 260, 261, 263, 272, 275, 276, 278, 279, 281, 284, 288, 289, 290, 291, 292, 293, 294, 295, 296, 298], "summary": {"covered_lines": 22, "num_statements": 25, "percent_covered": 88.0, "percent_covered_display": "88", "missing_lines": 3, "excluded_lines": 0}, "missing_lines": [273, 282, 285], "excluded_lines": []}, "User.from_dict": {"executed_lines": [316, 317, 321, 322, 328, 329, 330, 337, 338, 339, 340, 342, 344, 345, 346, 347, 351, 358, 359, 362, 376, 379], "summary": {"covered_lines": 22, "num_statements": 24, "percent_covered": 91.66666666666667, "percent_covered_display": "92", "missing_lines": 2, "excluded_lines": 0}, "missing_lines": [318, 377], "excluded_lines": []}, "User.__repr__": {"executed_lines": [], "summary": {"covered_lines": 0, "num_statements": 1, "percent_covered": 0.0, "percent_covered_display": "0", "missing_lines": 1, "excluded_lines": 0}, "missing_lines": [382], "excluded_lines": []}, "": {"executed_lines": [1, 6, 7, 8, 9, 12, 13, 14, 17, 18, 20, 28, 29, 34, 42, 43, 45, 49, 58, 59, 61, 66, 75, 76, 78, 84, 95, 96, 98, 106, 116, 117, 131, 132, 134, 178, 184, 216, 221, 238, 243, 248, 300, 301, 381], "summary": {"covered_lines": 37, "num_statements": 37, "percent_covered": 100.0, "percent_covered_display": "100", "missing_lines": 0, "excluded_lines": 0}, "missing_lines": [], "excluded_lines": []}}, "classes": {"ValidationError": {"executed_lines": [], "summary": {"covered_lines": 0, "num_statements": 0, "percent_covered": 100.0, "percent_covered_display": "100", "missing_lines": 0, "excluded_lines": 0}, "missing_lines": [], "excluded_lines": []}, "Email": {"executed_lines": [21, 24, 25, 26, 31, 32, 35], "summary": {"covered_lines": 7, "num_statements": 8, "percent_covered": 87.5, "percent_covered_display": "88", "missing_lines": 1, "excluded_lines": 0}, "missing_lines": [22], "excluded_lines": []}, "Name": {"executed_lines": [46, 47, 50, 51, 52, 53, 54, 55], "summary": {"covered_lines": 8, "num_statements": 8, "percent_covered": 100.0, "percent_covered_display": "100", "missing_lines": 0, "excluded_lines": 0}, "missing_lines": [], "excluded_lines": []}, "Manager": {"executed_lines": [62, 63, 64, 67, 68, 70, 72], "summary": {"covered_lines": 7, "num_statements": 9, "percent_covered": 77.77777777777777, "percent_covered_display": "78", "missing_lines": 2, "excluded_lines": 0}, "missing_lines": [69, 71], "excluded_lines": []}, "GroupMembership": {"executed_lines": [79, 80, 81, 82], "summary": {"covered_lines": 4, "num_statements": 8, "percent_covered": 50.0, "percent_covered_display": "50", "missing_lines": 4, "excluded_lines": 0}, "missing_lines": [85, 90, 91, 92], "excluded_lines": []}, "Meta": {"executed_lines": [100, 101, 102, 103, 104, 107], "summary": {"covered_lines": 6, "num_statements": 6, "percent_covered": 100.0, "percent_covered_display": "100", "missing_lines": 0, "excluded_lines": 0}, "missing_lines": [], "excluded_lines": []}, "User": {"executed_lines": [150, 154, 155, 156, 159, 160, 161, 162, 163, 164, 165, 166, 169, 170, 176, 180, 181, 226, 227, 234, 235, 236, 240, 241, 245, 246, 258, 259, 260, 261, 263, 272, 275, 276, 278, 279, 281, 284, 288, 289, 290, 291, 292, 293, 294, 295, 296, 298, 316, 317, 321, 322, 328, 329, 330, 337, 338, 339, 340, 342, 344, 345, 346, 347, 351, 358, 359, 362, 376, 379], "summary": {"covered_lines": 70, "num_statements": 91, "percent_covered": 76.92307692307692, "percent_covered_display": "77", "missing_lines": 21, "excluded_lines": 0}, "missing_lines": [151, 182, 199, 200, 203, 204, 205, 206, 209, 210, 212, 213, 214, 218, 219, 273, 282, 285, 318, 377, 382], "excluded_lines": []}, "": {"executed_lines": [1, 6, 7, 8, 9, 12, 13, 14, 17, 18, 20, 28, 29, 34, 42, 43, 45, 49, 58, 59, 61, 66, 75, 76, 78, 84, 95, 96, 98, 106, 116, 117, 131, 132, 134, 178, 184, 216, 221, 238, 243, 248, 300, 301, 381], "summary": {"covered_lines": 37, "num_statements": 37, "percent_covered": 100.0, "percent_covered_display": "100", "missing_lines": 0, "excluded_lines": 0}, "missing_lines": [], "excluded_lines": []}}}, "schemas/__init__.py": {"executed_lines": [], "summary": {"covered_lines": 0, "num_statements": 0, "percent_covered": 100.0, "percent_covered_display": "100", "missing_lines": 0, "excluded_lines": 0}, "missing_lines": [], "excluded_lines": [], "functions": {"": {"executed_lines": [], "summary": {"covered_lines": 0, "num_statements": 0, "percent_covered": 100.0, "percent_covered_display": "100", "missing_lines": 0, "excluded_lines": 0}, "missing_lines": [], "excluded_lines": []}}, "classes": {"": {"executed_lines": [], "summary": {"covered_lines": 0, "num_statements": 0, "percent_covered": 100.0, "percent_covered_display": "100", "missing_lines": 0, "excluded_lines": 0}, "missing_lines": [], "excluded_lines": []}}}, "tests/conftest.py": {"executed_lines": [1, 9, 10, 11, 16, 21, 24, 27, 34, 35, 43, 44, 53, 54, 71, 72, 79, 80, 89, 90, 101, 102, 112, 113, 126, 127, 132, 133, 140, 141, 146, 147, 152, 153, 166, 167, 185, 201, 231, 244, 267, 271, 273, 274, 277, 281, 282, 285, 289], "summary": {"covered_lines": 48, "num_statements": 91, "percent_covered": 52.747252747252745, "percent_covered_display": "53", "missing_lines": 43, "excluded_lines": 0}, "missing_lines": [40, 48, 63, 64, 67, 68, 76, 84, 94, 106, 117, 129, 135, 143, 149, 155, 169, 192, 196, 197, 198, 210, 211, 212, 214, 215, 216, 218, 219, 220, 222, 223, 226, 227, 238, 239, 240, 252, 255, 258, 261, 262, 278], "excluded_lines": [], "functions": {"pytest_configure": {"executed_lines": [21, 24, 27], "summary": {"covered_lines": 3, "num_statements": 3, "percent_covered": 100.0, "percent_covered_display": "100", "missing_lines": 0, "excluded_lines": 0}, "missing_lines": [], "excluded_lines": []}, "base_url": {"executed_lines": [], "summary": {"covered_lines": 0, "num_statements": 1, "percent_covered": 0.0, "percent_covered_display": "0", "missing_lines": 1, "excluded_lines": 0}, "missing_lines": [40], "excluded_lines": []}, "api_timeout": {"executed_lines": [], "summary": {"covered_lines": 0, "num_statements": 1, "percent_covered": 0.0, "percent_covered_display": "0", "missing_lines": 1, "excluded_lines": 0}, "missing_lines": [48], "excluded_lines": []}, "valid_token": {"executed_lines": [], "summary": {"covered_lines": 0, "num_statements": 4, "percent_covered": 0.0, "percent_covered_display": "0", "missing_lines": 4, "excluded_lines": 0}, "missing_lines": [63, 64, 67, 68], "excluded_lines": []}, "invalid_token": {"executed_lines": [], "summary": {"covered_lines": 0, "num_statements": 1, "percent_covered": 0.0, "percent_covered_display": "0", "missing_lines": 1, "excluded_lines": 0}, "missing_lines": [76], "excluded_lines": []}, "expired_token": {"executed_lines": [], "summary": {"covered_lines": 0, "num_statements": 1, "percent_covered": 0.0, "percent_covered_display": "0", "missing_lines": 1, "excluded_lines": 0}, "missing_lines": [84], "excluded_lines": []}, "headers_with_auth": {"executed_lines": [], "summary": {"covered_lines": 0, "num_statements": 1, "percent_covered": 0.0, "percent_covered_display": "0", "missing_lines": 1, "excluded_lines": 0}, "missing_lines": [94], "excluded_lines": []}, "headers_without_auth": {"executed_lines": [], "summary": {"covered_lines": 0, "num_statements": 1, "percent_covered": 0.0, "percent_covered_display": "0", "missing_lines": 1, "excluded_lines": 0}, "missing_lines": [106], "excluded_lines": []}, "headers_with_invalid_auth": {"executed_lines": [], "summary": {"covered_lines": 0, "num_statements": 1, "percent_covered": 0.0, "percent_covered_display": "0", "missing_lines": 1, "excluded_lines": 0}, "missing_lines": [117], "excluded_lines": []}, "roles_endpoint": {"executed_lines": [], "summary": {"covered_lines": 0, "num_statements": 1, "percent_covered": 0.0, "percent_covered_display": "0", "missing_lines": 1, "excluded_lines": 0}, "missing_lines": [129], "excluded_lines": []}, "departments_endpoint": {"executed_lines": [], "summary": {"covered_lines": 0, "num_statements": 1, "percent_covered": 0.0, "percent_covered_display": "0", "missing_lines": 1, "excluded_lines": 0}, "missing_lines": [135], "excluded_lines": []}, "expected_role_count": {"executed_lines": [], "summary": {"covered_lines": 0, "num_statements": 1, "percent_covered": 0.0, "percent_covered_display": "0", "missing_lines": 1, "excluded_lines": 0}, "missing_lines": [143], "excluded_lines": []}, "expected_department_count": {"executed_lines": [], "summary": {"covered_lines": 0, "num_statements": 1, "percent_covered": 0.0, "percent_covered_display": "0", "missing_lines": 1, "excluded_lines": 0}, "missing_lines": [149], "excluded_lines": []}, "expected_role_names": {"executed_lines": [], "summary": {"covered_lines": 0, "num_statements": 1, "percent_covered": 0.0, "percent_covered_display": "0", "missing_lines": 1, "excluded_lines": 0}, "missing_lines": [155], "excluded_lines": []}, "expected_department_names": {"executed_lines": [], "summary": {"covered_lines": 0, "num_statements": 1, "percent_covered": 0.0, "percent_covered_display": "0", "missing_lines": 1, "excluded_lines": 0}, "missing_lines": [169], "excluded_lines": []}, "assert_valid_json_response": {"executed_lines": [], "summary": {"covered_lines": 0, "num_statements": 4, "percent_covered": 0.0, "percent_covered_display": "0", "missing_lines": 4, "excluded_lines": 0}, "missing_lines": [192, 196, 197, 198], "excluded_lines": []}, "assert_pagination_fields": {"executed_lines": [], "summary": {"covered_lines": 0, "num_statements": 13, "percent_covered": 0.0, "percent_covered_display": "0", "missing_lines": 13, "excluded_lines": 0}, "missing_lines": [210, 211, 212, 214, 215, 216, 218, 219, 220, 222, 223, 226, 227], "excluded_lines": []}, "assert_no_scim_fields": {"executed_lines": [], "summary": {"covered_lines": 0, "num_statements": 3, "percent_covered": 0.0, "percent_covered_display": "0", "missing_lines": 3, "excluded_lines": 0}, "missing_lines": [238, 239, 240], "excluded_lines": []}, "assert_error_response": {"executed_lines": [], "summary": {"covered_lines": 0, "num_statements": 5, "percent_covered": 0.0, "percent_covered_display": "0", "missing_lines": 5, "excluded_lines": 0}, "missing_lines": [252, 255, 258, 261, 262], "excluded_lines": []}, "pytest_collection_modifyitems": {"executed_lines": [271, 273, 274, 277, 281, 282], "summary": {"covered_lines": 6, "num_statements": 7, "percent_covered": 85.71428571428571, "percent_covered_display": "86", "missing_lines": 1, "excluded_lines": 0}, "missing_lines": [278], "excluded_lines": []}, "pytest_report_header": {"executed_lines": [289], "summary": {"covered_lines": 1, "num_statements": 1, "percent_covered": 100.0, "percent_covered_display": "100", "missing_lines": 0, "excluded_lines": 0}, "missing_lines": [], "excluded_lines": []}, "": {"executed_lines": [1, 9, 10, 11, 16, 34, 35, 43, 44, 53, 54, 71, 72, 79, 80, 89, 90, 101, 102, 112, 113, 126, 127, 132, 133, 140, 141, 146, 147, 152, 153, 166, 167, 185, 201, 231, 244, 267, 285], "summary": {"covered_lines": 38, "num_statements": 38, "percent_covered": 100.0, "percent_covered_display": "100", "missing_lines": 0, "excluded_lines": 0}, "missing_lines": [], "excluded_lines": []}}, "classes": {"": {"executed_lines": [1, 9, 10, 11, 16, 21, 24, 27, 34, 35, 43, 44, 53, 54, 71, 72, 79, 80, 89, 90, 101, 102, 112, 113, 126, 127, 132, 133, 140, 141, 146, 147, 152, 153, 166, 167, 185, 201, 231, 244, 267, 271, 273, 274, 277, 281, 282, 285, 289], "summary": {"covered_lines": 48, "num_statements": 91, "percent_covered": 52.747252747252745, "percent_covered_display": "53", "missing_lines": 43, "excluded_lines": 0}, "missing_lines": [40, 48, 63, 64, 67, 68, 76, 84, 94, 106, 117, 129, 135, 143, 149, 155, 169, 192, 196, 197, 198, 210, 211, 212, 214, 215, 216, 218, 219, 220, 222, 223, 226, 227, 238, 239, 240, 252, 255, 258, 261, 262, 278], "excluded_lines": []}}}, "tests/test_scim_discovery_api.py": {"executed_lines": [1, 9, 10, 11, 14, 15, 17, 18, 19, 22, 23, 25, 27, 29, 30, 33, 34, 37, 38, 39, 40, 41, 42, 45, 46, 48, 50, 51, 54, 57, 58, 59, 62, 63, 66, 67, 69, 71, 73, 74, 77, 78, 79, 80, 83, 84, 85, 87, 89, 91, 92, 94, 95, 96, 97, 99, 101, 103, 104, 106, 107, 108, 111, 112, 114, 116, 118, 119, 122, 123, 124, 125, 128, 129, 130, 132, 134, 136, 137, 139, 140, 141, 142, 145, 146, 147, 148, 150, 152, 154, 155, 157, 158, 159, 162, 163, 164, 166, 168, 170, 171, 173, 174, 177, 178, 179, 180, 182, 184, 186, 189, 190, 192, 195, 196, 199, 200, 203, 205, 206, 210, 211, 214, 216, 222, 223, 224, 226], "summary": {"covered_lines": 123, "num_statements": 123, "percent_covered": 100.0, "percent_covered_display": "100", "missing_lines": 0, "excluded_lines": 0}, "missing_lines": [], "excluded_lines": [], "functions": {"client": {"executed_lines": [17, 18, 19], "summary": {"covered_lines": 3, "num_statements": 3, "percent_covered": 100.0, "percent_covered_display": "100", "missing_lines": 0, "excluded_lines": 0}, "missing_lines": [], "excluded_lines": []}, "TestServiceProviderConfig.test_get_service_provider_config": {"executed_lines": [27, 29, 30, 33, 34, 37, 38, 39, 40, 41, 42, 45, 46], "summary": {"covered_lines": 13, "num_statements": 13, "percent_covered": 100.0, "percent_covered_display": "100", "missing_lines": 0, "excluded_lines": 0}, "missing_lines": [], "excluded_lines": []}, "TestServiceProviderConfig.test_service_provider_config_structure": {"executed_lines": [50, 51, 54, 57, 58, 59, 62, 63], "summary": {"covered_lines": 8, "num_statements": 8, "percent_covered": 100.0, "percent_covered_display": "100", "missing_lines": 0, "excluded_lines": 0}, "missing_lines": [], "excluded_lines": []}, "TestResourceTypes.test_get_resource_types": {"executed_lines": [71, 73, 74, 77, 78, 79, 80, 83, 84, 85], "summary": {"covered_lines": 10, "num_statements": 10, "percent_covered": 100.0, "percent_covered_display": "100", "missing_lines": 0, "excluded_lines": 0}, "missing_lines": [], "excluded_lines": []}, "TestResourceTypes.test_get_user_resource_type": {"executed_lines": [89, 91, 92, 94, 95, 96, 97], "summary": {"covered_lines": 7, "num_statements": 7, "percent_covered": 100.0, "percent_covered_display": "100", "missing_lines": 0, "excluded_lines": 0}, "missing_lines": [], "excluded_lines": []}, "TestResourceTypes.test_get_group_resource_type": {"executed_lines": [101, 103, 104, 106, 107, 108], "summary": {"covered_lines": 6, "num_statements": 6, "percent_covered": 100.0, "percent_covered_display": "100", "missing_lines": 0, "excluded_lines": 0}, "missing_lines": [], "excluded_lines": []}, "TestSchemas.test_get_all_schemas": {"executed_lines": [116, 118, 119, 122, 123, 124, 125, 128, 129, 130], "summary": {"covered_lines": 10, "num_statements": 10, "percent_covered": 100.0, "percent_covered_display": "100", "missing_lines": 0, "excluded_lines": 0}, "missing_lines": [], "excluded_lines": []}, "TestSchemas.test_get_user_schema": {"executed_lines": [134, 136, 137, 139, 140, 141, 142, 145, 146, 147, 148], "summary": {"covered_lines": 11, "num_statements": 11, "percent_covered": 100.0, "percent_covered_display": "100", "missing_lines": 0, "excluded_lines": 0}, "missing_lines": [], "excluded_lines": []}, "TestSchemas.test_get_group_schema": {"executed_lines": [152, 154, 155, 157, 158, 159, 162, 163, 164], "summary": {"covered_lines": 9, "num_statements": 9, "percent_covered": 100.0, "percent_covered_display": "100", "missing_lines": 0, "excluded_lines": 0}, "missing_lines": [], "excluded_lines": []}, "TestSchemas.test_get_enterprise_user_extension_schema": {"executed_lines": [168, 170, 171, 173, 174, 177, 178, 179, 180], "summary": {"covered_lines": 9, "num_statements": 9, "percent_covered": 100.0, "percent_covered_display": "100", "missing_lines": 0, "excluded_lines": 0}, "missing_lines": [], "excluded_lines": []}, "TestSchemas.test_get_nonexistent_schema": {"executed_lines": [184, 186], "summary": {"covered_lines": 2, "num_statements": 2, "percent_covered": 100.0, "percent_covered_display": "100", "missing_lines": 0, "excluded_lines": 0}, "missing_lines": [], "excluded_lines": []}, "TestDiscoveryEndpointsIntegration.test_discovery_endpoints_consistency": {"executed_lines": [195, 196, 199, 200, 203, 205, 206, 210, 211], "summary": {"covered_lines": 9, "num_statements": 9, "percent_covered": 100.0, "percent_covered_display": "100", "missing_lines": 0, "excluded_lines": 0}, "missing_lines": [], "excluded_lines": []}, "TestDiscoveryEndpointsIntegration.test_all_discovery_endpoints_accessible": {"executed_lines": [216, 222, 223, 224, 226], "summary": {"covered_lines": 5, "num_statements": 5, "percent_covered": 100.0, "percent_covered_display": "100", "missing_lines": 0, "excluded_lines": 0}, "missing_lines": [], "excluded_lines": []}, "": {"executed_lines": [1, 9, 10, 11, 14, 15, 22, 23, 25, 48, 66, 67, 69, 87, 99, 111, 112, 114, 132, 150, 166, 182, 189, 190, 192, 214], "summary": {"covered_lines": 21, "num_statements": 21, "percent_covered": 100.0, "percent_covered_display": "100", "missing_lines": 0, "excluded_lines": 0}, "missing_lines": [], "excluded_lines": []}}, "classes": {"TestServiceProviderConfig": {"executed_lines": [27, 29, 30, 33, 34, 37, 38, 39, 40, 41, 42, 45, 46, 50, 51, 54, 57, 58, 59, 62, 63], "summary": {"covered_lines": 21, "num_statements": 21, "percent_covered": 100.0, "percent_covered_display": "100", "missing_lines": 0, "excluded_lines": 0}, "missing_lines": [], "excluded_lines": []}, "TestResourceTypes": {"executed_lines": [71, 73, 74, 77, 78, 79, 80, 83, 84, 85, 89, 91, 92, 94, 95, 96, 97, 101, 103, 104, 106, 107, 108], "summary": {"covered_lines": 23, "num_statements": 23, "percent_covered": 100.0, "percent_covered_display": "100", "missing_lines": 0, "excluded_lines": 0}, "missing_lines": [], "excluded_lines": []}, "TestSchemas": {"executed_lines": [116, 118, 119, 122, 123, 124, 125, 128, 129, 130, 134, 136, 137, 139, 140, 141, 142, 145, 146, 147, 148, 152, 154, 155, 157, 158, 159, 162, 163, 164, 168, 170, 171, 173, 174, 177, 178, 179, 180, 184, 186], "summary": {"covered_lines": 41, "num_statements": 41, "percent_covered": 100.0, "percent_covered_display": "100", "missing_lines": 0, "excluded_lines": 0}, "missing_lines": [], "excluded_lines": []}, "TestDiscoveryEndpointsIntegration": {"executed_lines": [195, 196, 199, 200, 203, 205, 206, 210, 211, 216, 222, 223, 224, 226], "summary": {"covered_lines": 14, "num_statements": 14, "percent_covered": 100.0, "percent_covered_display": "100", "missing_lines": 0, "excluded_lines": 0}, "missing_lines": [], "excluded_lines": []}, "": {"executed_lines": [1, 9, 10, 11, 14, 15, 17, 18, 19, 22, 23, 25, 48, 66, 67, 69, 87, 99, 111, 112, 114, 132, 150, 166, 182, 189, 190, 192, 214], "summary": {"covered_lines": 24, "num_statements": 24, "percent_covered": 100.0, "percent_covered_display": "100", "missing_lines": 0, "excluded_lines": 0}, "missing_lines": [], "excluded_lines": []}}}, "tests/test_scim_groups_api.py": {"executed_lines": [1, 9, 10, 11, 14, 15, 17, 18, 19, 22, 23, 25, 26, 27, 28, 29, 32, 33, 35, 40, 41, 44, 45, 47, 49, 54, 58, 59, 61, 62, 63, 64, 65, 67, 69, 80, 82, 83, 85, 86, 87, 89, 91, 97, 98, 101, 102, 103, 104, 106, 108, 112, 113, 116, 117, 119, 122, 126, 127, 130, 132, 133, 134, 135, 137, 139, 141, 142, 143, 146, 147, 149, 151, 153, 154, 156, 157, 158, 159, 161, 164, 165, 169, 171, 173, 174, 176, 177, 179, 182, 183, 187, 190, 191, 193, 194, 195, 196, 198, 201, 205, 211, 212, 214, 215, 218, 219, 221, 224, 228, 229, 232, 248, 252, 253, 254, 255, 257, 260, 270, 271, 274, 284, 286, 287, 288, 290, 293, 297, 298, 301, 312, 314, 315, 316, 318, 320, 325, 326, 329, 330, 332, 335, 339, 340, 343, 345, 346, 349, 350, 352, 354, 355, 357, 360, 365, 366, 369, 372, 373, 374, 377, 378, 380, 383, 387, 388, 391, 395, 396, 397], "summary": {"covered_lines": 164, "num_statements": 164, "percent_covered": 100.0, "percent_covered_display": "100", "missing_lines": 0, "excluded_lines": 0}, "missing_lines": [], "excluded_lines": [], "functions": {"client": {"executed_lines": [17, 18, 19], "summary": {"covered_lines": 3, "num_statements": 3, "percent_covered": 100.0, "percent_covered_display": "100", "missing_lines": 0, "excluded_lines": 0}, "missing_lines": [], "excluded_lines": []}, "reset_repos": {"executed_lines": [25, 26, 27, 28, 29], "summary": {"covered_lines": 5, "num_statements": 5, "percent_covered": 100.0, "percent_covered_display": "100", "missing_lines": 0, "excluded_lines": 0}, "missing_lines": [], "excluded_lines": []}, "sample_user": {"executed_lines": [35, 40, 41], "summary": {"covered_lines": 3, "num_statements": 3, "percent_covered": 100.0, "percent_covered_display": "100", "missing_lines": 0, "excluded_lines": 0}, "missing_lines": [], "excluded_lines": []}, "TestGroupsCreate.test_create_group_minimal": {"executed_lines": [49, 54, 58, 59, 61, 62, 63, 64, 65], "summary": {"covered_lines": 9, "num_statements": 9, "percent_covered": 100.0, "percent_covered_display": "100", "missing_lines": 0, "excluded_lines": 0}, "missing_lines": [], "excluded_lines": []}, "TestGroupsCreate.test_create_group_with_members": {"executed_lines": [69, 80, 82, 83, 85, 86, 87], "summary": {"covered_lines": 7, "num_statements": 7, "percent_covered": 100.0, "percent_covered_display": "100", "missing_lines": 0, "excluded_lines": 0}, "missing_lines": [], "excluded_lines": []}, "TestGroupsCreate.test_create_group_duplicate_displayname": {"executed_lines": [91, 97, 98, 101, 102, 103, 104], "summary": {"covered_lines": 7, "num_statements": 7, "percent_covered": 100.0, "percent_covered_display": "100", "missing_lines": 0, "excluded_lines": 0}, "missing_lines": [], "excluded_lines": []}, "TestGroupsCreate.test_create_group_missing_schema": {"executed_lines": [108, 112, 113], "summary": {"covered_lines": 3, "num_statements": 3, "percent_covered": 100.0, "percent_covered_display": "100", "missing_lines": 0, "excluded_lines": 0}, "missing_lines": [], "excluded_lines": []}, "TestGroupsGet.test_get_group_success": {"executed_lines": [122, 126, 127, 130, 132, 133, 134, 135], "summary": {"covered_lines": 8, "num_statements": 8, "percent_covered": 100.0, "percent_covered_display": "100", "missing_lines": 0, "excluded_lines": 0}, "missing_lines": [], "excluded_lines": []}, "TestGroupsGet.test_get_group_not_found": {"executed_lines": [139, 141, 142, 143], "summary": {"covered_lines": 4, "num_statements": 4, "percent_covered": 100.0, "percent_covered_display": "100", "missing_lines": 0, "excluded_lines": 0}, "missing_lines": [], "excluded_lines": []}, "TestGroupsList.test_list_groups_empty": {"executed_lines": [151, 153, 154, 156, 157, 158, 159], "summary": {"covered_lines": 7, "num_statements": 7, "percent_covered": 100.0, "percent_covered_display": "100", "missing_lines": 0, "excluded_lines": 0}, "missing_lines": [], "excluded_lines": []}, "TestGroupsList.test_list_groups_with_data": {"executed_lines": [164, 165, 169, 171, 173, 174, 176, 177], "summary": {"covered_lines": 8, "num_statements": 8, "percent_covered": 100.0, "percent_covered_display": "100", "missing_lines": 0, "excluded_lines": 0}, "missing_lines": [], "excluded_lines": []}, "TestGroupsList.test_list_groups_pagination": {"executed_lines": [182, 183, 187, 190, 191, 193, 194, 195, 196], "summary": {"covered_lines": 9, "num_statements": 9, "percent_covered": 100.0, "percent_covered_display": "100", "missing_lines": 0, "excluded_lines": 0}, "missing_lines": [], "excluded_lines": []}, "TestGroupsList.test_list_groups_filter": {"executed_lines": [201, 205, 211, 212, 214, 215], "summary": {"covered_lines": 6, "num_statements": 6, "percent_covered": 100.0, "percent_covered_display": "100", "missing_lines": 0, "excluded_lines": 0}, "missing_lines": [], "excluded_lines": []}, "TestGroupsPatch.test_patch_group_add_member": {"executed_lines": [224, 228, 229, 232, 248, 252, 253, 254, 255], "summary": {"covered_lines": 9, "num_statements": 9, "percent_covered": 100.0, "percent_covered_display": "100", "missing_lines": 0, "excluded_lines": 0}, "missing_lines": [], "excluded_lines": []}, "TestGroupsPatch.test_patch_group_remove_member": {"executed_lines": [260, 270, 271, 274, 284, 286, 287, 288], "summary": {"covered_lines": 8, "num_statements": 8, "percent_covered": 100.0, "percent_covered_display": "100", "missing_li
[...]
 "missing_lines": [], "excluded_lines": []}}}, "tests/test_scim_users_api.py": {"executed_lines": [1, 9, 10, 11, 14, 15, 17, 18, 19, 22, 23, 25, 26, 27, 28, 29, 32, 33, 35, 37, 43, 47, 48, 50, 51, 52, 53, 54, 55, 57, 59, 87, 91, 92, 94, 95, 96, 97, 99, 101, 108, 109, 112, 113, 114, 115, 117, 119, 124, 125, 128, 129, 131, 134, 139, 140, 143, 145, 146, 147, 148, 150, 152, 154, 155, 156, 159, 160, 162, 164, 166, 167, 169, 170, 171, 172, 174, 177, 178, 183, 185, 187, 188, 190, 191, 193, 196, 197, 202, 205, 206, 208, 209, 210, 211, 213, 216, 221, 228, 229, 231, 232, 235, 236, 238, 241, 246, 247, 250, 261, 265, 266, 267, 269, 272, 280, 281, 284, 295, 297, 298, 299, 301, 303, 308, 309, 312, 313, 315, 318, 323, 324, 327, 329, 330, 333, 334, 336, 338, 339, 342, 343, 345, 348, 353, 354, 357, 361, 362, 363], "summary": {"covered_lines": 143, "num_statements": 143, "percent_covered": 100.0, "percent_covered_display": "100", "missing_lines": 0, "excluded_lines": 0}, "missing_lines": [], "excluded_lines": [], "functions": {"client": {"executed_lines": [17, 18, 19], "summary": {"covered_lines": 3, "num_statements": 3, "percent_covered": 100.0, "percent_covered_display": "100", "missing_lines": 0, "excluded_lines": 0}, "missing_lines": [], "excluded_lines": []}, "reset_repos": {"executed_lines": [25, 26, 27, 28, 29], "summary": {"covered_lines": 5, "num_statements": 5, "percent_covered": 100.0, "percent_covered_display": "100", "missing_lines": 0, "excluded_lines": 0}, "missing_lines": [], "excluded_lines": []}, "TestUsersCreate.test_create_user_minimal": {"executed_lines": [37, 43, 47, 48, 50, 51, 52, 53, 54, 55], "summary": {"covered_lines": 10, "num_statements": 10, "percent_covered": 100.0, "percent_covered_display": "100", "missing_lines": 0, "excluded_lines": 0}, "missing_lines": [], "excluded_lines": []}, "TestUsersCreate.test_create_user_full": {"executed_lines": [59, 87, 91, 92, 94, 95, 96, 97], "summary": {"covered_lines": 8, "num_statements": 8, "percent_covered": 100.0, "percent_covered_display": "100", "missing_lines": 0, "excluded_lines": 0}, "missing_lines": [], "excluded_lines": []}, "TestUsersCreate.test_create_user_duplicate_username": {"executed_lines": [101, 108, 109, 112, 113, 114, 115], "summary": {"covered_lines": 7, "num_statements": 7, "percent_covered": 100.0, "percent_covered_display": "100", "missing_lines": 0, "excluded_lines": 0}, "missing_lines": [], "excluded_lines": []}, "TestUsersCreate.test_create_user_missing_schema": {"executed_lines": [119, 124, 125], "summary": {"covered_lines": 3, "num_statements": 3, "percent_covered": 100.0, "percent_covered_display": "100", "missing_lines": 0, "excluded_lines": 0}, "missing_lines": [], "excluded_lines": []}, "TestUsersGet.test_get_user_success": {"executed_lines": [134, 139, 140, 143, 145, 146, 147, 148], "summary": {"covered_lines": 8, "num_statements": 8, "percent_covered": 100.0, "percent_covered_display": "100", "missing_lines": 0, "excluded_lines": 0}, "missing_lines": [], "excluded_lines": []}, "TestUsersGet.test_get_user_not_found": {"executed_lines": [152, 154, 155, 156], "summary": {"covered_lines": 4, "num_statements": 4, "percent_covered": 100.0, "percent_covered_display": "100", "missing_lines": 0, "excluded_lines": 0}, "missing_lines": [], "excluded_lines": []}, "TestUsersList.test_list_users_empty": {"executed_lines": [164, 166, 167, 169, 170, 171, 172], "summary": {"covered_lines": 7, "num_statements": 7, "percent_covered": 100.0, "percent_covered_display": "100", "missing_lines": 0, "excluded_lines": 0}, "missing_lines": [], "excluded_lines": []}, "TestUsersList.test_list_users_with_data": {"executed_lines": [177, 178, 183, 185, 187, 188, 190, 191], "summary": {"covered_lines": 8, "num_statements": 8, "percent_covered": 100.0, "percent_covered_display": "100", "missing_lines": 0, "excluded_lines": 0}, "missing_lines": [], "excluded_lines": []}, "TestUsersList.test_list_users_pagination": {"executed_lines": [196, 197, 202, 205, 206, 208, 209, 210, 211], "summary": {"covered_lines": 9, "num_statements": 9, "percent_covered": 100.0, "percent_covered_display": "100", "missing_lines": 0, "excluded_lines": 0}, "missing_lines": [], "excluded_lines": []}, "TestUsersList.test_list_users_filter": {"executed_lines": [216, 221, 228, 229, 231, 232], "summary": {"covered_lines": 6, "num_statements": 6, "percent_covered": 100.0, "percent_covered_display": "100", "missing_lines": 0, "excluded_lines": 0}, "missing_lines": [], "excluded_lines": []}, "TestUsersPatch.test_patch_user_replace_active": {"executed_lines": [241, 246, 247, 250, 261, 265, 266, 267], "summary": {"covered_lines": 8, "num_statements": 8, "percent_covered": 100.0, "percent_covered_display": "100", "missing_lines": 0, "excluded_lines": 0}, "missing_lines": [], "excluded_lines": []}, "TestUsersPatch.test_patch_user_replace_name": {"executed_lines": [272, 280, 281, 284, 295, 297, 298, 299], "summary": {"covered_lines": 8, "num_statements": 8, "percent_covered": 100.0, "percent_covered_display": "100", "missing_lines": 0, "excluded_lines": 0}, "missing_lines": [], "excluded_lines": []}, "TestUsersPatch.test_patch_user_not_found": {"executed_lines": [303, 308, 309], "summary": {"covered_lines": 3, "num_statements": 3, "percent_covered": 100.0, "percent_covered_display": "100", "missing_lines": 0, "excluded_lines": 0}, "missing_lines": [], "excluded_lines": []}, "TestUsersDelete.test_delete_user_success": {"executed_lines": [318, 323, 324, 327, 329, 330, 333, 334], "summary": {"covered_lines": 8, "num_statements": 8, "percent_covered": 100.0, "percent_covered_display": "100", "missing_lines": 0, "excluded_lines": 0}, "missing_lines": [], "excluded_lines": []}, "TestUsersDelete.test_delete_user_not_found": {"executed_lines": [338, 339], "summary": {"covered_lines": 2, "num_statements": 2, "percent_covered": 100.0, "percent_covered_display": "100", "missing_lines": 0, "excluded_lines": 0}, "missing_lines": [], "excluded_lines": []}, "TestUsersPutNotSupported.test_put_user_not_supported": {"executed_lines": [348, 353, 354, 357, 361, 362, 363], "summary": {"covered_lines": 7, "num_statements": 7, "percent_covered": 100.0, "percent_covered_display": "100", "missing_lines": 0, "excluded_lines": 0}, "missing_lines": [], "excluded_lines": []}, "": {"executed_lines": [1, 9, 10, 11, 14, 15, 22, 23, 32, 33, 35, 57, 99, 117, 128, 129, 131, 150, 159, 160, 162, 174, 193, 213, 235, 236, 238, 269, 301, 312, 313, 315, 336, 342, 343, 345], "summary": {"covered_lines": 29, "num_statements": 29, "percent_covered": 100.0, "percent_covered_display": "100", "missing_lines": 0, "excluded_lines": 0}, "missing_lines": [], "excluded_lines": []}}, "classes": {"TestUsersCreate": {"executed_lines": [37, 43, 47, 48, 50, 51, 52, 53, 54, 55, 59, 87, 91, 92, 94, 95, 96, 97, 101, 108, 109, 112, 113, 114, 115, 119, 124, 125], "summary": {"covered_lines": 28, "num_statements": 28, "percent_covered": 100.0, "percent_covered_display": "100", "missing_lines": 0, "excluded_lines": 0}, "missing_lines": [], "excluded_lines": []}, "TestUsersGet": {"executed_lines": [134, 139, 140, 143, 145, 146, 147, 148, 152, 154, 155, 156], "summary": {"covered_lines": 12, "num_statements": 12, "percent_covered": 100.0, "percent_covered_display": "100", "missing_lines": 0, "excluded_lines": 0}, "missing_lines": [], "excluded_lines": []}, "TestUsersList": {"executed_lines": [164, 166, 167, 169, 170, 171, 172, 177, 178, 183, 185, 187, 188, 190, 191, 196, 197, 202, 205, 206, 208, 209, 210, 211, 216, 221, 228, 229, 231, 232], "summary": {"covered_lines": 30, "num_statements": 30, "percent_covered": 100.0, "percent_covered_display": "100", "missing_lines": 0, "excluded_lines": 0}, "missing_lines": [], "excluded_lines": []}, "TestUsersPatch": {"executed_lines": [241, 246, 247, 250, 261, 265, 266, 267, 272, 280, 281, 284, 295, 297, 298, 299, 303, 308, 309], "summary": {"covered_lines": 19, "num_statements": 19, "percent_covered": 100.0, "percent_covered_display": "100", "missing_lines": 0, "excluded_lines": 0}, "missing_lines": [], "excluded_lines": []}, "TestUsersDelete": {"executed_lines": [318, 323, 324, 327, 329, 330, 333, 334, 338, 339], "summary": {"covered_lines": 10, "num_statements": 10, "percent_covered": 100.0, "percent_covered_display": "100", "missing_lines": 0, "excluded_lines": 0}, "missing_lines": [], "excluded_lines": []}, "TestUsersPutNotSupported": {"executed_lines": [348, 353, 354, 357, 361, 362, 363], "summary": {"covered_lines": 7, "num_statements": 7, "percent_covered": 100.0, "percent_covered_display": "100", "missing_lines": 0, "excluded_lines": 0}, "missing_lines": [], "excluded_lines": []}, "": {"executed_lines": [1, 9, 10, 11, 14, 15, 17, 18, 19, 22, 23, 25, 26, 27, 28, 29, 32, 33, 35, 57, 99, 117, 128, 129, 131, 150, 159, 160, 162, 174, 193, 213, 235, 236, 238, 269, 301, 312, 313, 315, 336, 342, 343, 345], "summary": {"covered_lines": 37, "num_statements": 37, "percent_covered": 100.0, "percent_covered_display": "100", "missing_lines": 0, "excluded_lines": 0}, "missing_lines": [], "excluded_lines": []}}}, "tests/test_supporting_data_complete.py": {"executed_lines": [1, 9, 10, 11, 14, 15, 17, 18, 19, 22, 23, 25, 27, 29, 30, 33, 34, 35, 36, 39, 40, 42, 45, 46, 48, 49, 50, 51, 54, 55, 57, 58, 60, 62, 63, 66, 67, 68, 69, 72, 73, 74, 76, 78, 79, 81, 83, 93, 95, 97, 99, 100, 101, 104, 105, 107, 109, 114, 118, 120, 122, 127, 131, 133, 135, 137, 140, 141, 143, 145, 147, 148, 151, 152, 153, 154, 157, 158, 160, 163, 164, 166, 167, 168, 169, 172, 173, 175, 176, 178, 180, 181, 184, 185, 186, 189, 190, 191, 193, 195, 196, 198, 200, 213, 215, 217, 219, 220, 221, 224, 225, 227, 229, 233, 237, 239, 241, 245, 249, 251, 253, 255, 258, 259, 261, 263, 265, 266, 269, 270, 273, 275, 277, 279, 280, 283, 284, 287, 289, 292, 293, 295, 296, 299, 300, 302, 303, 306, 307, 309, 312, 313, 316, 317, 319, 321, 323, 324, 327, 328, 330, 332, 334, 335, 337, 338, 339, 341, 343, 348, 349, 350], "summary": {"covered_lines": 167, "num_statements": 167, "percent_covered": 100.0, "percent_covered_display": "100", "missing_lines": 0, "excluded_lines": 0}, "missing_lines": [], "excluded_lines": [], "functions": {"client": {"executed_lines": [17, 18, 19], "summary": {"covered_lines": 3, "num_statements": 3, "percent_covered": 100.0, "percent_covered_display": "100", "missing_lines": 0, "excluded_lines": 0}, "missing_lines": [], "excluded_lines": []}, "TestRolesAPI.test_list_roles_success": {"executed_lines": [27, 29, 30, 33, 34, 35, 36, 39, 40], "summary": {"covered_lines": 9, "num_statements": 9, "percent_covered": 100.0, "percent_covered_display": "100", "missing_lines": 0, "excluded_lines": 0}, "missing_lines": [], "excluded_lines": []}, "TestRolesAPI.test_list_roles_pagination": {"executed_lines": [45, 46, 48, 49, 50, 51, 54, 55, 57, 58], "summary": {"covered_lines": 10, "num_statements": 10, "percent_covered": 100.0, "percent_covered_display": "100", "missing_lines": 0, "excluded_lines": 0}, "missing_lines": [], "excluded_lines": []}, "TestRolesAPI.test_list_roles_structure": {"executed_lines": [62, 63, 66, 67, 68, 69, 72, 73, 74], "summary": {"covered_lines": 9, "num_statements": 9, "percent_covered": 100.0, "percent_covered_display": "100", "missing_lines": 0, "excluded_lines": 0}, "missing_lines": [], "excluded_lines": []}, "TestRolesAPI.test_list_roles_predefined_data": {"executed_lines": [78, 79, 81, 83, 93], "summary": {"covered_lines": 5, "num_statements": 5, "percent_covered": 100.0, "percent_covered_display": "100", "missing_lines": 0, "excluded_lines": 0}, "missing_lines": [], "excluded_lines": []}, "TestRolesAPI.test_get_role_by_id_not_supported": {"executed_lines": [97, 99, 100, 101, 104, 105], "summary": {"covered_lines": 6, "num_statements": 6, "percent_covered": 100.0, "percent_covered_display": "100", "missing_lines": 0, "excluded_lines": 0}, "missing_lines": [], "excluded_lines": []}, "TestRolesAPI.test_roles_read_only_post_not_allowed": {"executed_lines": [109, 114, 118], "summary": {"covered_lines": 3, "num_statements": 3, "percent_covered": 100.0, "percent_covered_display": "100", "missing_lines": 0, "excluded_lines": 0}, "missing_lines": [], "excluded_lines": []}, "TestRolesAPI.test_roles_read_only_put_not_allowed": {"executed_lines": [122, 127, 131], "summary": {"covered_lines": 3, "num_statements": 3, "percent_covered": 100.0, "percent_covered_display": "100", "missing_lines": 0, "excluded_lines": 0}, "missing_lines": [], "excluded_lines": []}, "TestRolesAPI.test_roles_read_only_delete_not_allowed": {"executed_lines": [135, 137], "summary": {"covered_lines": 2, "num_statements": 2, "percent_covered": 100.0, "percent_covered_display": "100", "missing_lines": 0, "excluded_lines": 0}, "missing_lines": [], "excluded_lines": []}, "TestDepartmentsAPI.test_list_departments_success": {"executed_lines": [145, 147, 148, 151, 152, 153, 154, 157, 158], "summary": {"covered_lines": 9, "num_statements": 9, "percent_covered": 100.0, "percent_covered_display": "100", "missing_lines": 0, "excluded_lines": 0}, "missing_lines": [], "excluded_lines": []}, "TestDepartmentsAPI.test_list_departments_pagination": {"executed_lines": [163, 164, 166, 167, 168, 169, 172, 173, 175, 176], "summary": {"covered_lines": 10, "num_statements": 10, "percent_covered": 100.0, "percent_covered_display": "100", "missing_lines": 0, "excluded_lines": 0}, "missing_lines": [], "excluded_lines": []}, "TestDepartmentsAPI.test_list_departments_structure": {"executed_lines": [180, 181, 184, 185, 186, 189, 190, 191], "summary": {"covered_lines": 8, "num_statements": 8, "percent_covered": 100.0, "percent_covered_display": "100", "missing_lines": 0, "excluded_lines": 0}, "missing_lines": [], "excluded_lines": []}, "TestDepartmentsAPI.test_list_departments_predefined_data": {"executed_lines": [195, 196, 198, 200, 213], "summary": {"covered_lines": 5, "num_statements": 5, "percent_covered": 100.0, "percent_covered_display": "100", "missing_lines": 0, "excluded_lines": 0}, "missing_lines": [], "excluded_lines": []}, "TestDepartmentsAPI.test_get_department_by_id_not_supported": {"executed_lines": [217, 219, 220, 221, 224, 225], "summary": {"covered_lines": 6, "num_statements": 6, "percent_covered": 100.0, "percent_covered_display": "100", "missing_lines": 0, "excluded_lines": 0}, "missing_lines": [], "excluded_lines": []}, "TestDepartmentsAPI.test_departments_read_only_post_not_allowed": {"executed_lines": [229, 233, 237], "summary": {"covered_lines": 3, "num_statements": 3, "percent_covered": 100.0, "percent_covered_display": "100", "missing_lines": 0, "excluded_lines": 0}, "missing_lines": [], "excluded_lines": []}, "TestDepartmentsAPI.test_departments_read_only_put_not_allowed": {"executed_lines": [241, 245, 249], "summary": {"covered_lines": 3, "num_statements": 3, "percent_covered": 100.0, "percent_covered_display": "100", "missing_lines": 0, "excluded_lines": 0}, "missing_lines": [], "excluded_lines": []}, "TestDepartmentsAPI.test_departments_read_only_delete_not_allowed": {"executed_lines": [253, 255], "summary": {"covered_lines": 2, "num_statements": 2, "percent_covered": 100.0, "percent_covered_display": "100", "missing_lines": 0, "excluded_lines": 0}, "missing_lines": [], "excluded_lines": []}, "TestSupportingDataIsolation.test_supporting_data_not_in_scim_users": {"executed_lines": [263, 265, 266, 269, 270, 273], "summary": {"covered_lines": 6, "num_statements": 6, "percent_covered": 100.0, "percent_covered_display": "100", "missing_lines": 0, "excluded_lines": 0}, "missing_lines": [], "excluded_lines": []}, "TestSupportingDataIsolation.test_supporting_data_not_in_scim_groups": {"executed_lines": [277, 279, 280, 283, 284, 287], "summary": {"covered_lines": 6, "num_statements": 6, "percent_covered": 100.0, "percent_covered_display": "100", "missing_lines": 0, "excluded_lines": 0}, "missing_lines": [], "excluded_lines": []}, "TestSupportingDataIsolation.test_scim_not_in_supporting_data": {"executed_lines": [292, 293, 295, 296, 299, 300, 302, 303], "summary": {"covered_lines": 8, "num_statements": 8, "percent_covered": 100.0, "percent_covered_display": "100", "missing_lines": 0, "excluded_lines": 0}, "missing_lines": [], "excluded_lines": []}, "TestSupportingDataEdgeCases.test_invalid_pagination_parameters": {"executed_lines": [312, 313, 316, 317], "summary": {"covered_lines": 4, "num_statements": 4, "percent_covered": 100.0, "percent_covered_display": "100", "missing_lines": 0, "excluded_lines": 0}, "missing_lines": [], "excluded_lines": []}, "TestSupportingDataEdgeCases.test_large_pagination_count": {"executed_lines": [321, 323, 324, 327, 328], "summary": {"covered_lines": 5, "num_statements": 5, "percent_covered": 100.0, "percent_covered_display": "100", "missing_lines": 0, "excluded_lines": 0}, "missing_lines": [], "excluded_lines": []}, "TestSupportingDataEdgeCases.test_pagination_beyond_results": {"executed_lines": [332, 334, 335, 337, 338, 339], "summary": {"covered_lines": 6, "num_statements": 6, "percent_covered": 100.0, "percent_covered_display": "100", "missing_lines": 0, "excluded_lines": 0}, "missing_lines": [], "excluded_lines": []}, "TestSupportingDataEdgeCases.test_content_type_json": {"executed_lines": [343, 348, 349, 350], "summary": {"covered_lines": 4, "num_statements": 4, "percent_covered": 100.0, "percent_covered_display": "100", "missing_lines": 0, "excluded_lines": 0}, "missing_lines": [], "excluded_lines": []}, "": {"executed_lines": [1, 9, 10, 11, 14, 15, 22, 23, 25, 42, 60, 76, 95, 107, 120, 133, 140, 141, 143, 160, 178, 193, 215, 227, 239, 251, 258, 259, 261, 275, 289, 306, 307, 309, 319, 330, 341], "summary": {"covered_lines": 32, "num_statements": 32, "percent_covered": 100.0, "percent_covered_display": "100", "missing_lines": 0, "excluded_lines": 0}, "missing_lines": [], "excluded_lines": []}}, "classes": {"TestRolesAPI": {"executed_lines": [27, 29, 30, 33, 34, 35, 36, 39, 40, 45, 46, 48, 49, 50, 51, 54, 55, 57, 58, 62, 63, 66, 67, 68, 69, 72, 73, 74, 78, 79, 81, 83, 93, 97, 99, 100, 101, 104, 105, 109, 114, 118, 122, 127, 131, 135, 137], "summary": {"covered_lines": 47, "num_statements": 47, "percent_covered": 100.0, "percent_covered_display": "100", "missing_lines": 0, "excluded_lines": 0}, "missing_lines": [], "excluded_lines": []}, "TestDepartmentsAPI": {"executed_lines": [145, 147, 148, 151, 152, 153, 154, 157, 158, 163, 164, 166, 167, 168, 169, 172, 173, 175, 176, 180, 181, 184, 185, 186, 189, 190, 191, 195, 196, 198, 200, 213, 217, 219, 220, 221, 224, 225, 229, 233, 237, 241, 245, 249, 253, 255], "summary": {"covered_lines": 46, "num_statements": 46, "percent_covered": 100.0, "percent_covered_display": "100", "missing_lines": 0, "excluded_lines": 0}, "missing_lines": [], "excluded_lines": []}, "TestSupportingDataIsolation": {"executed_lines": [263, 265, 266, 269, 270, 273, 277, 279, 280, 283, 284, 287, 292, 293, 295, 296, 299, 300, 302, 303], "summary": {"covered_lines": 20, "num_statements": 20, "percent_covered": 100.0, "percent_covered_display": "100", "missing_lines": 0, "excluded_lines": 0}, "missing_lines": [], "excluded_lines": []}, "TestSupportingDataEdgeCases": {"executed_lines": [312, 313, 316, 317, 321, 323, 324, 327, 328, 332, 334, 335, 337, 338, 339, 343, 348, 349, 350], "summary": {"covered_lines": 19, "num_statements": 19, "percent_covered": 100.0, "percent_covered_display": "100", "missing_lines": 0, "excluded_lines": 0}, "missing_lines": [], "excluded_lines": []}, "": {"executed_lines": [1, 9, 10, 11, 14, 15, 17, 18, 19, 22, 23, 25, 42, 60, 76, 95, 107, 120, 133, 140, 141, 143, 160, 178, 193, 215, 227, 239, 251, 258, 259, 261, 275, 289, 306, 307, 309, 319, 330, 341], "summary": {"covered_lines": 35, "num_statements": 35, "percent_covered": 100.0, "percent_covered_display": "100", "missing_lines": 0, "excluded_lines": 0}, "missing_lines": [], "excluded_lines": []}}}}, "totals": {"covered_lines": 1423, "num_statements": 1734, "percent_covered": 82.0645905420992, "percent_covered_display": "82", "missing_lines": 311, "excluded_lines": 0}}