{"meta": {"format": 3, "version": "7.10.7", "timestamp": "2026-03-19T19:12:59.515619", "branch_coverage": false, "show_contexts": false}, "files": {"api/__init__.py": {"executed_lines": [1], "summary": {"covered_lines": 0, "num_statements": 0, "percent_covered": 100.0, "percent_covered_display": "100", "missing_lines": 0, "excluded_lines": 0}, "missing_lines": [], "excluded_lines": [], "functions": {"": {"executed_lines": [], "summary": {"covered_lines": 0, "num_statements": 0, "percent_covered": 100.0, "percent_covered_display": "100", "missing_lines": 0, "excluded_lines": 0}, "missing_lines": [], "excluded_lines": []}}, "classes": {"": {"executed_lines": [], "summary": {"covered_lines": 0, "num_statements": 0, "percent_covered": 100.0, "percent_covered_display": "100", "missing_lines": 0, "excluded_lines": 0}, "missing_lines": [], "excluded_lines": []}}}, "api/discovery_endpoints.py": {"executed_lines": [1, 11, 14, 15, 22, 29, 31, 41, 81, 83, 93, 105, 107, 119, 120, 121, 122, 123, 124, 126, 131, 133, 143, 182, 184, 196, 197, 215, 216, 217, 229, 238, 240, 372, 374, 455, 457], "summary": {"covered_lines": 35, "num_statements": 37, "percent_covered": 94.5945945945946, "percent_covered_display": "95", "missing_lines": 2, "excluded_lines": 0}, "missing_lines": [231, 236], "excluded_lines": [], "functions": {"DiscoveryEndpoints.__init__": {"executed_lines": [29], "summary": {"covered_lines": 1, "num_statements": 1, "percent_covered": 100.0, "percent_covered_display": "100", "missing_lines": 0, "excluded_lines": 0}, "missing_lines": [], "excluded_lines": []}, "DiscoveryEndpoints.get_service_provider_config": {"executed_lines": [41, 81], "summary": {"covered_lines": 2, "num_statements": 2, "percent_covered": 100.0, "percent_covered_display": "100", "missing_lines": 0, "excluded_lines": 0}, "missing_lines": [], "excluded_lines": []}, "DiscoveryEndpoints.get_schemas": {"executed_lines": [93, 105], "summary": {"covered_lines": 2, "num_statements": 2, "percent_covered": 100.0, "percent_covered_display": "100", "missing_lines": 0, "excluded_lines": 0}, "missing_lines": [], "excluded_lines": []}, "DiscoveryEndpoints.get_schema": {"executed_lines": [119, 120, 121, 122, 123, 124, 126, 131], "summary": {"covered_lines": 8, "num_statements": 8, "percent_covered": 100.0, "percent_covered_display": "100", "missing_lines": 0, "excluded_lines": 0}, "missing_lines": [], "excluded_lines": []}, "DiscoveryEndpoints.get_resource_types": {"executed_lines": [143, 182], "summary": {"covered_lines": 2, "num_statements": 2, "percent_covered": 100.0, "percent_covered_display": "100", "missing_lines": 0, "excluded_lines": 0}, "missing_lines": [], "excluded_lines": []}, "DiscoveryEndpoints.get_resource_type": {"executed_lines": [196, 197, 215, 216, 217, 229], "summary": {"covered_lines": 6, "num_statements": 8, "percent_covered": 75.0, "percent_covered_display": "75", "missing_lines": 2, "excluded_lines": 0}, "missing_lines": [231, 236], "excluded_lines": []}, "DiscoveryEndpoints._get_user_schema": {"executed_lines": [240], "summary": {"covered_lines": 1, "num_statements": 1, "percent_covered": 100.0, "percent_covered_display": "100", "missing_lines": 0, "excluded_lines": 0}, "missing_lines": [], "excluded_lines": []}, "DiscoveryEndpoints._get_enterprise_user_schema": {"executed_lines": [374], "summary": {"covered_lines": 1, "num_statements": 1, "percent_covered": 100.0, "percent_covered_display": "100", "missing_lines": 0, "excluded_lines": 0}, "missing_lines": [], "excluded_lines": []}, "DiscoveryEndpoints._get_group_schema": {"executed_lines": [457], "summary": {"covered_lines": 1, "num_statements": 1, "percent_covered": 100.0, "percent_covered_display": "100", "missing_lines": 0, "excluded_lines": 0}, "missing_lines": [], "excluded_lines": []}, "": {"executed_lines": [1, 11, 14, 15, 22, 31, 83, 107, 133, 184, 238, 372, 455], "summary": {"covered_lines": 11, "num_statements": 11, "percent_covered": 100.0, "percent_covered_display": "100", "missing_lines": 0, "excluded_lines": 0}, "missing_lines": [], "excluded_lines": []}}, "classes": {"DiscoveryEndpoints": {"executed_lines": [29, 41, 81, 93, 105, 119, 120, 121, 122, 123, 124, 126, 131, 143, 182, 196, 197, 215, 216, 217, 229, 240, 374, 457], "summary": {"covered_lines": 24, "num_statements": 26, "percent_covered": 92.3076923076923, "percent_covered_display": "92", "missing_lines": 2, "excluded_lines": 0}, "missing_lines": [231, 236], "excluded_lines": []}, "": {"executed_lines": [1, 11, 14, 15, 22, 31, 83, 107, 133, 184, 238, 372, 455], "summary": {"covered_lines": 11, "num_statements": 11, "percent_covered": 100.0, "percent_covered_display": "100", "missing_lines": 0, "excluded_lines": 0}, "missing_lines": [], "excluded_lines": []}}}, "api/group_endpoints.py": {"executed_lines": [1, 6, 7, 10, 11, 13, 14, 15, 16, 17, 19, 21, 25, 26, 27, 28, 29, 32, 33, 44, 52, 53, 55, 67, 69, 70, 71, 74, 77, 78, 79, 82, 86, 89, 90, 91, 92, 93, 96, 97, 99, 101, 102, 106, 117, 118, 119, 120, 122, 123, 125, 126, 130, 144, 146, 147, 148, 149, 152, 155, 156, 157, 159, 160, 161, 162, 166, 169, 170, 171, 174, 177, 185, 187, 188, 192, 211, 213, 214, 218, 219, 220, 223, 224, 227, 228, 229, 230, 232, 233, 234, 235, 236, 237, 242, 245, 246, 248, 250, 251, 255, 263, 265, 267, 268, 269, 270, 275, 277, 280, 281, 282, 283, 284, 289, 297, 299, 302, 303, 304, 305, 306, 321, 322, 324, 326, 327, 328, 339, 341, 344, 345, 346, 347, 348, 350, 361, 362, 363, 364, 367, 368, 369, 370, 371, 374, 376, 378, 379], "summary": {"covered_lines": 146, "num_statements": 184, "percent_covered": 79.34782608695652, "percent_covered_display": "79", "missing_lines": 38, "excluded_lines": 0}, "missing_lines": [83, 100, 103, 104, 127, 128, 164, 189, 190, 215, 225, 239, 249, 252, 253, 272, 273, 285, 286, 287, 307, 308, 309, 310, 312, 313, 314, 315, 316, 317, 319, 329, 332, 333, 334, 337, 380, 381], "excluded_lines": [], "functions": {"SCIMError.__init__": {"executed_lines": [14, 15, 16, 17], "summary": {"covered_lines": 4, "num_statements": 4, "percent_covered": 100.0, "percent_covered_display": "100", "missing_lines": 0, "excluded_lines": 0}, "missing_lines": [], "excluded_lines": []}, "SCIMError.to_dict": {"executed_lines": [21, 25, 26, 27, 28, 29], "summary": {"covered_lines": 6, "num_statements": 6, "percent_covered": 100.0, "percent_covered_display": "100", "missing_lines": 0, "excluded_lines": 0}, "missing_lines": [], "excluded_lines": []}, "GroupEndpoints.__init__": {"executed_lines": [52, 53], "summary": {"covered_lines": 2, "num_statements": 2, "percent_covered": 100.0, "percent_covered_display": "100", "missing_lines": 0, "excluded_lines": 0}, "missing_lines": [], "excluded_lines": []}, "GroupEndpoints.create_group": {"executed_lines": [67, 69, 70, 71, 74, 77, 78, 79, 82, 86, 89, 90, 91, 92, 93, 96, 97, 99, 101, 102], "summary": {"covered_lines": 20, "num_statements": 24, "percent_covered": 83.33333333333333, "percent_covered_display": "83", "missing_lines": 4, "excluded_lines": 0}, "missing_lines": [83, 100, 103, 104], "excluded_lines": []}, "GroupEndpoints.get_group": {"executed_lines": [117, 118, 119, 120, 122, 123, 125, 126], "summary": {"covered_lines": 8, "num_statements": 10, "percent_covered": 80.0, "percent_covered_display": "80", "missing_lines": 2, "excluded_lines": 0}, "missing_lines": [127, 128], "excluded_lines": []}, "GroupEndpoints.list_groups": {"executed_lines": [144, 146, 147, 148, 149, 152, 155, 156, 157, 159, 160, 161, 162, 166, 169, 170, 171, 174, 177, 185, 187, 188], "summary": {"covered_lines": 22, "num_statements": 25, "percent_covered": 88.0, "percent_covered_display": "88", "missing_lines": 3, "excluded_lines": 0}, "missing_lines": [164, 189, 190], "excluded_lines": []}, "GroupEndpoints.patch_group": {"executed_lines": [211, 213, 214, 218, 219, 220, 223, 224, 227, 228, 229, 230, 232, 233, 234, 235, 236, 237, 242, 245, 246, 248, 250, 251], "summary": {"covered_lines": 24, "num_statements": 30, "percent_covered": 80.0, "percent_covered_display": "80", "missing_lines": 6, "excluded_lines": 0}, "missing_lines": [215, 225, 239, 249, 252, 253], "excluded_lines": []}, "GroupEndpoints._apply_add_operation": {"executed_lines": [263, 265, 267, 268, 269, 270, 275, 277, 280, 281, 282, 283, 284], "summary": {"covered_lines": 13, "num_statements": 18, "percent_covered": 72.22222222222223, "percent_covered_display": "72", "missing_lines": 5, "excluded_lines": 0}, "missing_lines": [272, 273, 285, 286, 287], "excluded_lines": []}, "GroupEndpoints._apply_remove_operation": {"executed_lines": [297, 299, 302, 303, 304, 305, 306, 321, 322], "summary": {"covered_lines": 9, "num_statements": 20, "percent_covered": 45.0, "percent_covered_display": "45", "missing_lines": 11, "excluded_lines": 0}, "missing_lines": [307, 308, 309, 310, 312, 313, 314, 315, 316, 317, 319], "excluded_lines": []}, "GroupEndpoints._apply_replace_operation": {"executed_lines": [326, 327, 328], "summary": {"covered_lines": 3, "num_statements": 8, "percent_covered": 37.5, "percent_covered_display": "38", "missing_lines": 5, "excluded_lines": 0}, "missing_lines": [329, 332, 333, 334, 337], "excluded_lines": []}, "GroupEndpoints._remove_member_from_group": {"executed_lines": [341, 344, 345, 346, 347, 348], "summary": {"covered_lines": 6, "num_statements": 6, "percent_covered": 100.0, "percent_covered_display": "100", "missing_lines": 0, "excluded_lines": 0}, "missing_lines": [], "excluded_lines": []}, "GroupEndpoints.delete_group": {"executed_lines": [361, 362, 363, 364, 367, 368, 369, 370, 371, 374, 376, 378, 379], "summary": {"covered_lines": 13, "num_statements": 15, "percent_covered": 86.66666666666667, "percent_covered_display": "87", "missing_lines": 2, "excluded_lines": 0}, "missing_lines": [380, 381], "excluded_lines": []}, "": {"executed_lines": [1, 6, 7, 10, 11, 13, 19, 32, 33, 44, 55, 106, 130, 192, 255, 289, 324, 339, 350], "summary": {"covered_lines": 16, "num_statements": 16, "percent_covered": 100.0, "percent_covered_display": "100", "missing_lines": 0, "excluded_lines": 0}, "missing_lines": [], "excluded_lines": []}}, "classes": {"SCIMError": {"executed_lines": [14, 15, 16, 17, 21, 25, 26, 27, 28, 29], "summary": {"covered_lines": 10, "num_statements": 10, "percent_covered": 100.0, "percent_covered_display": "100", "missing_lines": 0, "excluded_lines": 0}, "missing_lines": [], "excluded_lines": []}, "GroupEndpoints": {"executed_lines": [52, 53, 67, 69, 70, 71, 74, 77, 78, 79, 82, 86, 89, 90, 91, 92, 93, 96, 97, 99, 101, 102, 117, 118, 119, 120, 122, 123, 125, 126, 144, 146, 147, 148, 149, 152, 155, 156, 157, 159, 160, 161, 162, 166, 169, 170, 171, 174, 177, 185, 187, 188, 211, 213, 214, 218, 219, 220, 223, 224, 227, 228, 229, 230, 232, 233, 234, 235, 236, 237, 242, 245, 246, 248, 250, 251, 263, 265, 267, 268, 269, 270, 275, 277, 280, 281, 282, 283, 284, 297, 299, 302, 303, 304, 305, 306, 321, 322, 326, 327, 328, 341, 344, 345, 346, 347, 348, 361, 362, 363, 364, 367, 368, 369, 370, 371, 374, 376, 378, 379], "summary": {"covered_lines": 120, "num_statements": 158, "percent_covered": 75.9493670886076, "percent_covered_display": "76", "missing_lines": 38, "excluded_lines": 0}, "missing_lines": [83, 100, 103, 104, 127, 128, 164, 189, 190, 215, 225, 239, 249, 252, 253, 272, 273, 285, 286, 287, 307, 308, 309, 310, 312, 313, 314, 315, 316, 317, 319, 329, 332, 333, 334, 337, 380, 381], "excluded_lines": []}, "": {"executed_lines": [1, 6, 7, 10, 11, 13, 19, 32, 33, 44, 55, 106, 130, 192, 255, 289, 324, 339, 350], "summary": {"covered_lines": 16, "num_statements": 16, "percent_covered": 100.0, "percent_covered_display": "100", "missing_lines": 0, "excluded_lines": 0}, "missing_lines": [], "excluded_lines": []}}}, "api/supporting_data_endpoints.py": {"executed_lines": [1, 13, 16, 17, 28, 35, 39, 66, 68, 69, 70, 71, 74, 77, 78, 79, 82, 85, 92, 99, 125, 127, 129, 133, 136, 137, 138, 141, 144, 151, 158, 165, 174, 189, 204, 219, 236], "summary": {"covered_lines": 35, "num_statements": 47, "percent_covered": 74.46808510638297, "percent_covered_display": "74", "missing_lines": 12, "excluded_lines": 0}, "missing_lines": [94, 95, 128, 130, 153, 154, 187, 202, 216, 217, 231, 232], "excluded_lines": [], "functions": {"SupportingDataEndpoints.__init__": {"executed_lines": [35], "summary": {"covered_lines": 1, "num_statements": 1, "percent_covered": 100.0, "percent_covered_display": "100", "missing_lines": 0, "excluded_lines": 0}, "missing_lines": [], "excluded_lines": []}, "SupportingDataEndpoints.list_roles": {"executed_lines": [66, 68, 69, 70, 71, 74, 77, 78, 79, 82, 85, 92], "summary": {"covered_lines": 12, "num_statements": 14, "percent_covered": 85.71428571428571, "percent_covered_display": "86", "missing_lines": 2, "excluded_lines": 0}, "missing_lines": [94, 95], "excluded_lines": []}, "SupportingDataEndpoints.list_departments": {"executed_lines": [125, 127, 129, 133, 136, 137, 138, 141, 144, 151], "summary": {"covered_lines": 10, "num_statements": 14, "percent_covered": 71.42857142857143, "percent_covered_display": "71", "missing_lines": 4, "excluded_lines": 0}, "missing_lines": [128, 130, 153, 154], "excluded_lines": []}, "SupportingDataEndpoints._error_response": {"executed_lines": [165], "summary": {"covered_lines": 1, "num_statements": 1, "percent_covered": 100.0, "percent_covered_display": "100", "missing_lines": 0, "excluded_lines": 0}, "missing_lines": [], "excluded_lines": []}, "SupportingDataEndpoints.validate_role_reference": {"executed_lines": [], "summary": {"covered_lines": 0, "num_statements": 1, "percent_covered": 0.0, "percent_covered_display": "0", "missing_lines": 1, "excluded_lines": 0}, "missing_lines": [187], "excluded_lines": []}, "SupportingDataEndpoints.validate_department_reference": {"executed_lines": [], "summary": {"covered_lines": 0, "num_statements": 1, "percent_covered": 0.0, "percent_covered_display": "0", "missing_lines": 1, "excluded_lines": 0}, "missing_lines": [202], "excluded_lines": []}, "SupportingDataEndpoints.get_role_by_scim_group_name": {"executed_lines": [], "summary": {"covered_lines": 0, "num_statements": 2, "percent_covered": 0.0, "percent_covered_display": "0", "missing_lines": 2, "excluded_lines": 0}, "missing_lines": [216, 217], "excluded_lines": []}, "SupportingDataEndpoints.get_department_by_scim_user_department": {"executed_lines": [], "summary": {"covered_lines": 0, "num_statements": 2, "percent_covered": 0.0, "percent_covered_display": "0", "missing_lines": 2, "excluded_lines": 0}, "missing_lines": [231, 232], "excluded_lines": []}, "": {"executed_lines": [1, 13, 16, 17, 28, 39, 99, 158, 174, 189, 204, 219, 236], "summary": {"covered_lines": 11, "num_statements": 11, "percent_covered": 100.0, "percent_covered_display": "100", "missing_lines": 0, "excluded_lines": 0}, "missing_lines": [], "excluded_lines": []}}, "classes": {"SupportingDataEndpoints": {"executed_lines": [35, 66, 68, 69, 70, 71, 74, 77, 78, 79, 82, 85, 92, 125, 127, 129, 133, 136, 137, 138, 141, 144, 151, 165], "summary": {"covered_lines": 24, "num_statements": 36, "percent_covered": 66.66666666666667, "percent_covered_display": "67", "missing_lines": 12, "excluded_lines": 0}, "missing_lines": [94, 95, 128, 130, 153, 154, 187, 202, 216, 217, 231, 232], "excluded_lines": []}, "": {"executed_lines": [1, 13, 16, 17, 28, 39, 99, 158, 174, 189, 204, 219, 236], "summary": {"covered_lines": 11, "num_statements": 11, "percent_covered": 100.0, "percent_covered_display": "100", "missing_lines": 0, "excluded_lines": 0}, "missing_lines": [], "excluded_lines": []}}}, "api/token_endpoints.py": {"executed_lines": [1, 7, 8, 9, 10, 11, 12, 13, 14, 15, 16, 19, 20, 23, 24, 25, 27, 29, 31, 32, 35, 39, 40, 41, 42, 44, 45, 46, 47, 48, 49, 50, 51, 73, 74, 96, 115, 119, 125, 231, 265], "summary": {"covered_lines": 39, "num_statements": 82, "percent_covered": 47.5609756097561, "percent_covered_display": "48", "missing_lines": 43, "excluded_lines": 0}, "missing_lines": [36, 52, 53, 56, 57, 60, 61, 62, 63, 64, 65, 66, 67, 68, 69, 71, 76, 82, 88, 89, 94, 99, 101, 112, 113, 117, 121, 122, 123, 131, 185, 229, 237, 238, 239, 242, 243, 244, 245, 251, 254, 256, 270], "excluded_lines": [], "functions": {"TokenEndpoints.__init__": {"executed_lines": [29], "summary": {"covered_lines": 1, "num_statements": 1, "percent_covered": 100.0, "percent_covered_display": "100", "missing_lines": 0, "excluded_lines": 0}, "missing_lines": [], "excluded_lines": []}, "TokenEndpoints._get_or_generate_keys": {"executed_lines": [35, 39, 40, 41, 42, 44, 45, 46, 47, 48, 49, 50, 51], "summary": {"covered_lines": 13, "num_statements": 29, "percent_covered": 44.827586206896555, "percent_covered_display": "45", "missing_lines": 16, "excluded_lines": 0}, "missing_lines": [36, 52, 53, 56, 57, 60, 61, 62, 63, 64, 65, 66, 67, 68, 69, 71], "excluded_lines": []}, "TokenEndpoints._generate_rsa_keys": {"executed_lines": [], "summary": {"covered_lines": 0, "num_statements": 5, "percent_covered": 0.0, "percent_covered_display": "0", "missing_lines": 5, "excluded_lines": 0}, "missing_lines": [76, 82, 88, 89, 94], "excluded_lines": []}, "TokenEndpoints._create_jwt_token": {"executed_lines": [], "summary": {"covered_lines": 0, "num_statements": 4, "percent_covered": 0.0, "percent_covered_display": "0", "missing_lines": 4, "excluded_lines": 0}, "missing_lines": [99, 101, 112, 113], "excluded_lines": []}, "TokenEndpoints._generate_basic_auth_hash": {"executed_lines": [], "summary": {"covered_lines": 0, "num_statements": 1, "percent_covered": 0.0, "percent_covered_display": "0", "missing_lines": 1, "excluded_lines": 0}, "missing_lines": [117], "excluded_lines": []}, "TokenEndpoints._generate_basic_auth_header": {"executed_lines": [], "summary": {"covered_lines": 0, "num_statements": 3, "percent_covered": 0.0, "percent_covered_display": "0", "missing_lines": 3, "excluded_lines": 0}, "missing_lines": [121, 122, 123], "excluded_lines": []}, "TokenEndpoints.get_all_tokens": {"executed_lines": [], "summary": {"covered_lines": 0, "num_statements": 3, "percent_covered": 0.0, "percent_covered_display": "0", "missing_lines": 3, "excluded_lines": 0}, "missing_lines": [131, 185, 229], "excluded_lines": []}, "TokenEndpoints.generate_custom_token": {"executed_lines": [], "summary": {"covered_lines": 0, "num_statements": 10, "percent_covered": 0.0, "percent_covered_display": "0", "missing_lines": 10, "excluded_lines": 0}, "missing_lines": [237, 238, 239, 242, 243, 244, 245, 251, 254, 256], "excluded_lines": []}, "TokenEndpoints.get_public_key": {"executed_lines": [], "summary": {"covered_lines": 0, "num_statements": 1, "percent_covered": 0.0, "percent_covered_display": "0", "missing_lines": 1, "excluded_lines": 0}, "missing_lines": [270], "excluded_lines": []}, "": {"executed_lines": [1, 7, 8, 9, 10, 11, 12, 13, 14, 15, 16, 19, 20, 23, 24, 25, 27, 31, 32, 73, 74, 96, 115, 119, 125, 231, 265], "summary": {"covered_lines": 25, "num_statements": 25, "percent_covered": 100.0, "percent_covered_display": "100", "missing_lines": 0, "excluded_lines": 0}, "missing_lines": [], "excluded_lines": []}}, "classes": {"TokenEndpoints": {"executed_lines": [29, 35, 39, 40, 41, 42, 44, 45, 46, 47, 48, 49, 50, 51], "summary": {"covered_lines": 14, "num_statements": 57, "percent_covered": 24.56140350877193, "percent_covered_display": "25", "missing_lines": 43, "excluded_lines": 0}, "missing_lines": [36, 52, 53, 56, 57, 60, 61, 62, 63, 64, 65, 66, 67, 68, 69, 71, 76, 82, 88, 89, 94, 99, 101, 112, 113, 117, 121, 122, 123, 131, 185, 229, 237, 238, 239, 242, 243, 244, 245, 251, 254, 256, 270], "excluded_lines": []}, "": {"executed_lines": [1, 7, 8, 9, 10, 11, 12, 13, 14, 15, 16, 19, 20, 23, 24, 25, 27, 31, 32, 73, 74, 96, 115, 119, 125, 231, 265], "summary": {"covered_lines": 25, "num_statements": 25, "percent_covered": 100.0, "percent_covered_display": "100", "missing_lines": 0, "excluded_lines": 0}, "missing_lines": [], "excluded_lines": []}}}, "api/user_endpoints.py": {"executed_lines": [1, 6, 7, 8, 9, 12, 13, 15, 16, 17, 18, 19, 21, 23, 27, 28, 29, 30, 31, 34, 35, 37, 38, 48, 51, 52, 54, 55, 57, 58, 59, 62, 63, 64, 65, 79, 85, 86, 88, 89, 90, 93, 96, 97, 98, 99, 100, 102, 103, 104, 106, 107, 108, 110, 111, 112, 128, 129, 132, 133, 134, 135, 136, 137, 156, 157, 168, 177, 178, 179, 181, 193, 195, 196, 197, 200, 203, 204, 207, 211, 214, 215, 217, 219, 220, 224, 235, 236, 237, 238, 240, 241, 243, 244, 248, 262, 264, 265, 266, 267, 270, 273, 274, 275, 276, 280, 281, 283, 286, 287, 288, 291, 294, 302, 304, 305, 309, 326, 328, 329, 333, 334, 335, 338, 339, 342, 343, 344, 345, 347, 348, 357, 360, 361, 363, 365, 366, 370, 372, 380, 381, 382, 388, 390, 392, 394, 395, 397, 413, 415, 420, 433, 444, 445, 446, 447, 450, 451, 457, 458, 459, 464, 466, 468, 469], "summary": {"covered_lines": 161, "num_statements": 262, "percent_covered": 61.45038167938932, "percent_covered_display": "61", "missing_lines": 101, "excluded_lines": 0}, "missing_lines": [66, 67, 68, 69, 71, 72, 73, 74, 75, 76, 77, 101, 105, 109, 113, 114, 115, 116, 117, 118, 119, 120, 121, 122, 123, 124, 126, 138, 139, 140, 141, 142, 143, 144, 145, 146, 147, 148, 150, 151, 153, 208, 218, 221, 222, 245, 246, 306, 307, 330, 340, 349, 350, 351, 352, 354, 364, 367, 368, 374, 375, 376, 377, 384, 385, 386, 387, 389, 391, 393, 396, 398, 399, 400, 401, 402, 403, 404, 405, 406, 407, 408, 409, 411, 418, 422, 423, 424, 425, 426, 427, 428, 429, 431, 452, 453, 454, 460, 461, 470, 471], "excluded_lines": [], "functions": {"SCIMError.__init__": {"executed_lines": [16, 17, 18, 19], "summary": {"covered_lines": 4, "num_statements": 4, "percent_covered": 100.0, "percent_covered_display": "100", "missing_lines": 0, "excluded_lines": 0}, "missing_lines": [], "excluded_lines": []}, "SCIMError.to_dict": {"executed_lines": [23, 27, 28, 29, 30, 31], "summary": {"covered_lines": 6, "num_statements": 6, "percent_covered": 100.0, "percent_covered_display": "100", "missing_lines": 0, "excluded_lines": 0}, "missing_lines": [], "excluded_lines": []}, "FilterParser.parse_simple_filter": {"executed_lines": [48, 51, 52, 54, 55, 57, 58, 59, 62, 63, 64, 65, 79], "summary": {"covered_lines": 13, "num_statements": 24, "percent_covered": 54.166666666666664, "percent_covered_display": "54", "missing_lines": 11, "excluded_lines": 0}, "missing_lines": [66, 67, 68, 69, 71, 72, 73, 74, 75, 76, 77], "excluded_lines": []}, "FilterParser.apply_filter": {"executed_lines": [88, 89, 90, 93, 96, 97, 98, 99, 100, 102, 103, 104, 106, 107, 108, 110, 111, 112], "summary": {"covered_lines": 18, "num_statements": 34, "percent_covered": 52.94117647058823, "percent_covered_display": "53", "missing_lines": 16, "excluded_lines": 0}, "missing_lines": [101, 105, 109, 113, 114, 115, 116, 117, 118, 119, 120, 121, 122, 123, 124, 126], "excluded_lines": []}, "FilterParser._get_attribute_value": {"executed_lines": [132, 133, 134, 135, 136, 137], "summary": {"covered_lines": 6, "num_statements": 20, "percent_covered": 30.0, "percent_covered_display": "30", "missing_lines": 14, "excluded_lines": 0}, "missing_lines": [138, 139, 140, 141, 142, 143, 144, 145, 146, 147, 148, 150, 151, 153], "excluded_lines": []}, "UserEndpoints.__init__": {"executed_lines": [177, 178, 179], "summary": {"covered_lines": 3, "num_statements": 3, "percent_covered": 100.0, "percent_covered_display": "100", "missing_lines": 0, "excluded_lines": 0}, "missing_lines": [], "excluded_lines": []}, "UserEndpoints.create_user": {"executed_lines": [193, 195, 196, 197, 200, 203, 204, 207, 211, 214, 215, 217, 219, 220], "summary": {"covered_lines": 14, "num_statements": 18, "percent_covered": 77.77777777777777, "percent_covered_display": "78", "missing_lines": 4, "excluded_lines": 0}, "missing_lines": [208, 218, 221, 222], "excluded_lines": []}, "UserEndpoints.get_user": {"executed_lines": [235, 236, 237, 238, 240, 241, 243, 244], "summary": {"covered_lines": 8, "num_statements": 10, "percent_covered": 80.0, "percent_covered_display": "80", "missing_lines": 2, "excluded_lines": 0}, "missing_lines": [245, 246], "excluded_lines": []}, "UserEndpoints.list_users": {"executed_lines": [262, 264, 265, 266, 267, 270, 273, 274, 275, 276, 280, 281, 283, 286, 287, 288, 291, 294, 302, 304, 305], "summary": {"covered_lines": 21, "num_statements": 23, "percent_covered": 91.30434782608695, "percent_covered_display": "91", "missing_lines": 2, "excluded_lines": 0}, "missing_lines": [306, 307], "excluded_lines": []}, "UserEndpoints.patch_user": {"executed_lines": [326, 328, 329, 333, 334, 335, 338, 339, 342, 343, 344, 345, 347, 348, 357, 360, 361, 363, 365, 366], "summary": {"covered_lines": 20, "num_statements": 30, "percent_covered": 66.66666666666667, "percent_covered_display": "67", "missing_lines": 10, "excluded_lines": 0}, "missing_lines": [330, 340, 349, 350, 351, 352, 354, 364, 367, 368], "excluded_lines": []}, "UserEndpoints._apply_replace_operation": {"executed_lines": [372, 380, 381, 382, 388, 390, 392, 394, 395, 397, 413], "summary": {"covered_lines": 11, "num_statements": 36, "percent_covered": 30.555555555555557, "percent_covered_display": "31", "missing_lines": 25, "excluded_lines": 0}, "missing_lines": [374, 375, 376, 377, 384, 385, 386, 387, 389, 391, 393, 396, 398, 399, 400, 401, 402, 403, 404, 405, 406, 407, 408, 409, 411], "excluded_lines": []}, "UserEndpoints._apply_add_operation": {"executed_lines": [], "summary": {"covered_lines": 0, "num_statements": 1, "percent_covered": 0.0, "percent_covered_display": "0", "missing_lines": 1, "excluded_lines": 0}, "missing_lines": [418], "excluded_lines": []}, "UserEndpoints._apply_remove_operation": {"executed_lines": [], "summary": {"covered_lines": 0, "num_statements": 9, "percent_covered": 0.0, "percent_covered_display": "0", "missing_lines": 9, "excluded_lines": 0}, "missing_lines": [422, 423, 424, 425, 426, 427, 428, 429, 431], "excluded_lines": []}, "UserEndpoints.delete_user": {"executed_lines": [444, 445, 446, 447, 450, 451, 457, 458, 459, 464, 466, 468, 469], "summary": {"covered_lines": 13, "num_statements": 20, "percent_covered": 65.0, "percent_covered_display": "65", "missing_lines": 7, "excluded_lines": 0}, "missing_lines": [452, 453, 454, 460, 461, 470, 471], "excluded_lines": []}, "": {"executed_lines": [1, 6, 7, 8, 9, 12, 13, 15, 21, 34, 35, 37, 38, 85, 86, 128, 129, 156, 157, 168, 181, 224, 248, 309, 370, 415, 420, 433], "summary": {"covered_lines": 24, "num_statements": 24, "percent_covered": 100.0, "percent_covered_display": "100", "missing_lines": 0, "excluded_lines": 0}, "missing_lines": [], "excluded_lines": []}}, "classes": {"SCIMError": {"executed_lines": [16, 17, 18, 19, 23, 27, 28, 29, 30, 31], "summary": {"covered_lines": 10, "num_statements": 10, "percent_covered": 100.0, "percent_covered_display": "100", "missing_lines": 0, "excluded_lines": 0}, "missing_lines": [], "excluded_lines": []}, "FilterParser": {"executed_lines": [48, 51, 52, 54, 55, 57, 58, 59, 62, 63, 64, 65, 79, 88, 89, 90, 93, 96, 97, 98, 99, 100, 102, 103, 104, 106, 107, 108, 110, 111, 112, 132, 133, 134, 135, 136, 137], "summary": {"covered_lines": 37, "num_statements": 78, "percent_covered": 47.43589743589744, "percent_covered_display": "47", "missing_lines": 41, "excluded_lines": 0}, "missing_lines": [66, 67, 68, 69, 71, 72, 73, 74, 75, 76, 77, 101, 105, 109, 113, 114, 115, 116, 117, 118, 119, 120, 121, 122, 123, 124, 126, 138, 139, 140, 141, 142, 143, 144, 145, 146, 147, 148, 150, 151, 153], "excluded_lines": []}, "UserEndpoints": {"executed_lines": [177, 178, 179, 193, 195, 196, 197, 200, 203, 204, 207, 211, 214, 215, 217, 219, 220, 235, 236, 237, 238, 240, 241, 243, 244, 262, 264, 265, 266, 267, 270, 273, 274, 275, 276, 280, 281, 283, 286, 287, 288, 291, 294, 302, 304, 305, 326, 328, 329, 333, 334, 335, 338, 339, 342, 343, 344, 345, 347, 348, 357, 360, 361, 363, 365, 366, 372, 380, 381, 382, 388, 390, 392, 394, 395, 397, 413, 444, 445, 446, 447, 450, 451, 457, 458, 459, 464, 466, 468, 469], "summary": {"covered_lines": 90, "num_statements": 150, "percent_covered": 60.0, "percent_covered_display": "60", "missing_lines": 60, "excluded_lines": 0}, "missing_lines": [208, 218, 221, 222, 245, 246, 306, 307, 330, 340, 349, 350, 351, 352, 354, 364, 367, 368, 374, 375, 376, 377, 384, 385, 386, 387, 389, 391, 393, 396, 398, 399, 400, 401, 402, 403, 404, 405, 406, 407, 408, 409, 411, 418, 422, 423, 424, 425, 426, 427, 428, 429, 431, 452, 453, 454, 460, 461, 470, 471], "excluded_lines": []}, "": {"executed_lines": [1, 6, 7, 8, 9, 12, 13, 15, 21, 34, 35, 37, 38, 85, 86, 128, 129, 156, 157, 168, 181, 224, 248, 309, 370, 415, 420, 433], "summary": {"covered_lines": 24, "num_statements": 24, "percent_covered": 100.0, "percent_covered_display": "100", "missing_lines": 0, "excluded_lines": 0}, "missing_lines": [], "excluded_lines": []}}}, "app.py": {"executed_lines": [1, 6, 7, 8, 9, 10, 14, 17, 18, 19, 20, 21, 24, 25, 26, 29, 30, 35, 36, 37, 38, 40, 41, 43, 44, 46, 47, 48, 49, 50, 52, 58, 59, 61, 62, 63, 64, 68, 69, 70, 71, 73, 74, 76, 77, 79, 80, 81, 82, 83, 85, 91, 92, 94, 95, 96, 97, 103, 104, 107, 108, 111, 112, 113, 116, 117, 118, 119, 120, 123, 124, 129, 130, 132, 144, 147, 148, 153, 154, 161, 162, 168, 170, 172, 173, 176, 181, 182, 184, 185, 186, 189, 190, 192, 193, 194, 197, 198, 207, 208, 220, 221, 223, 224, 227, 228, 229, 231, 232, 234, 235, 238, 239, 240, 242, 243, 245, 246, 251, 252, 257, 259, 260, 261, 263, 268, 271, 275, 276, 277, 278, 281, 282, 289, 290, 291, 293, 295, 301, 302, 306, 308, 309, 310, 311, 320, 321, 326, 327, 328, 329, 331, 336, 338, 339, 343, 344, 345, 346, 347, 353, 354, 361, 362, 363, 365, 367, 373, 374, 378, 380, 381, 382, 383, 392, 393, 395, 396, 398, 402, 405, 406, 408, 409, 411, 415, 419, 420, 421, 422, 423, 425, 435, 436, 442, 443, 449, 450, 458, 459, 496], "summary": {"covered_lines": 198, "num_statements": 240, "percent_covered": 82.5, "percent_covered_display": "82", "missing_lines": 42, "excluded_lines": 0}, "missing_lines": [53, 54, 55, 56, 65, 86, 87, 88, 89, 98, 150, 156, 200, 210, 312, 315, 350, 384, 387, 438, 439, 445, 446, 452, 453, 461, 498, 499, 500, 503, 504, 505, 506, 507, 508, 509, 510, 512, 513, 514, 516, 559], "excluded_lines": [], "functions": {"UserRepository.__init__": {"executed_lines": [38], "summary": {"covered_lines": 1, "num_statements": 1, "percent_covered": 100.0, "percent_covered_display": "100", "missing_lines": 0, "excluded_lines": 0}, "missing_lines": [], "excluded_lines": []}, "UserRepository.save": {"executed_lines": [41], "summary": {"covered_lines": 1, "num_statements": 1, "percent_covered": 100.0, "percent_covered_display": "100", "missing_lines": 0, "excluded_lines": 0}, "missing_lines": [], "excluded_lines": []}, "UserRepository.get_by_id": {"executed_lines": [44], "summary": {"covered_lines": 1, "num_statements": 1, "percent_covered": 100.0, "percent_covered_display": "100", "missing_lines": 0, "excluded_lines": 0}, "missing_lines": [], "excluded_lines": []}, "UserRepository.get_by_username": {"executed_lines": [47, 48, 49, 50], "summary": {"covered_lines": 4, "num_statements": 4, "percent_covered": 100.0, "percent_covered_display": "100", "missing_lines": 0, "excluded_lines": 0}, "missing_lines": [], "excluded_lines": []}, "UserRepository.get_by_external_id": {"executed_lines": [], "summary": {"covered_lines": 0, "num_statements": 4, "percent_covered": 0.0, "percent_covered_display": "0", "missing_lines": 4, "excluded_lines": 0}, "missing_lines": [53, 54, 55, 56], "excluded_lines": []}, "UserRepository.get_all": {"executed_lines": [59], "summary": {"covered_lines": 1, "num_statements": 1, "percent_covered": 100.0, "percent_covered_display": "100", "missing_lines": 0, "excluded_lines": 0}, "missing_lines": [], "excluded_lines": []}, "UserRepository.delete": {"executed_lines": [62, 63, 64], "summary": {"covered_lines": 3, "num_statements": 4, "percent_covered": 75.0, "percent_covered_display": "75", "missing_lines": 1, "excluded_lines": 0}, "missing_lines": [65], "excluded_lines": []}, "GroupRepository.__init__": {"executed_lines": [71], "summary": {"covered_lines": 1, "num_statements": 1, "percent_covered": 100.0, "percent_covered_display": "100", "missing_lines": 0, "excluded_lines": 0}, "missing_lines": [], "excluded_lines": []}, "GroupRepository.save": {"executed_lines": [74], "summary": {"covered_lines": 1, "num_statements": 1, "percent_covered": 100.0, "percent_covered_display": "100", "missing_lines": 0, "excluded_lines": 0}, "missing_lines": [], "excluded_lines": []}, "GroupRepository.get_by_id": {"executed_lines": [77], "summary": {"covered_lines": 1, "num_statements": 1, "percent_covered": 100.0, "percent_covered_display": "100", "missing_lines": 0, "excluded_lines": 0}, "missing_lines": [], "excluded_lines": []}, "GroupRepository.get_by_display_name": {"executed_lines": [80, 81, 82, 83], "summary": {"covered_lines": 4, "num_statements": 4, "percent_covered": 100.0, "percent_covered_display": "100", "missing_lines": 0, "excluded_lines": 0}, "missing_lines": [], "excluded_lines": []}, "GroupRepository.get_by_external_id": {"executed_lines": [], "summary": {"covered_lines": 0, "num_statements": 4, "percent_covered": 0.0, "percent_covered_display": "0", "missing_lines": 4, "excluded_lines": 0}, "missing_lines": [86, 87, 88, 89], "excluded_lines": []}, "GroupRepository.get_all": {"executed_lines": [92], "summary": {"covered_lines": 1, "num_statements": 1, "percent_covered": 100.0, "percent_covered_display": "100", "missing_lines": 0, "excluded_lines": 0}, "missing_lines": [], "excluded_lines": []}, "GroupRepository.delete": {"executed_lines": [95, 96, 97], "summary": {"covered_lines": 3, "num_statements": 4, "percent_covered": 75.0, "percent_covered_display": "75", "missing_lines": 1, "excluded_lines": 0}, "missing_lines": [98], "excluded_lines": []}, "swagger_spec": {"executed_lines": [], "summary": {"covered_lines": 0, "num_statements": 1, "percent_covered": 0.0, "percent_covered_display": "0", "missing_lines": 1, "excluded_lines": 0}, "missing_lines": [150], "excluded_lines": []}, "postman_collection": {"executed_lines": [], "summary": {"covered_lines": 0, "num_statements": 1, "percent_covered": 0.0, "percent_covered_display": "0", "missing_lines": 1, "excluded_lines": 0}, "missing_lines": [156], "excluded_lines": []}, "authenticate_and_authorize": {"executed_lines": [168, 170, 172, 173, 176], "summary": {"covered_lines": 5, "num_statements": 5, "percent_covered": 100.0, "percent_covered_display": "100", "missing_lines": 0, "excluded_lines": 0}, "missing_lines": [], "excluded_lines": []}, "handle_user_scim_error": {"executed_lines": [184, 185, 186], "summary": {"covered_lines": 3, "num_statements": 3, "percent_covered": 100.0, "percent_covered_display": "100", "missing_lines": 0, "excluded_lines": 0}, "missing_lines": [], "excluded_lines": []}, "handle_group_scim_error": {"executed_lines": [192, 193, 194], "summary": {"covered_lines": 3, "num_statements": 3, "percent_covered": 100.0, "percent_covered_display": "100", "missing_lines": 0, "excluded_lines": 0}, "missing_lines": [], "excluded_lines": []}, "not_found": {"executed_lines": [], "summary": {"covered_lines": 0, "num_statements": 1, "percent_covered": 0.0, "percent_covered_display": "0", "missing_lines": 1, "excluded_lines": 0}, "missing_lines": [200], "excluded_lines": []}, "method_not_allowed": {"executed_lines": [], "summary": {"covered_lines": 0, "num_statements": 1, "percent_covered": 0.0, "percent_covered_display": "0", "missing_lines": 1, "excluded_lines": 0}, "missing_lines": [210], "excluded_lines": []}, "get_service_provider_config": {"executed_lines": [223, 224], "summary": {"covered_lines": 2, "num_statements": 2, "percent_covered": 100.0, "percent_covered_display": "100", "missing_lines": 0, "excluded_lines": 0}, "missing_lines": [], "excluded_lines": []}, "get_schemas": {"executed_lines": [231, 232, 234, 235], "summary": {"covered_lines": 4, "num_statements": 4, "percent_covered": 100.0, "percent_covered_display": "100", "missing_lines": 0, "excluded_lines": 0}, "missing_lines": [], "excluded_lines": []}, "get_resource_types": {"executed_lines": [242, 243, 245, 246], "summary": {"covered_lines": 4, "num_statements": 4, "percent_covered": 100.0, "percent_covered_display": "100", "missing_lines": 0, "excluded_lines": 0}, "missing_lines": [], "excluded_lines": []}, "users": {"executed_lines": [257, 259, 260, 261, 263, 268, 271, 275, 276, 277, 278], "summary": {"covered_lines": 11, "num_statements": 11, "percent_covered": 100.0, "percent_covered_display": "100", "missing_lines": 0, "excluded_lines": 0}, "missing_lines": [], "excluded_lines": []}, "user_by_id": {"executed_lines": [289, 290, 291, 293, 295, 301, 302, 306, 308, 309, 310, 311], "summary": {"covered_lines": 12, "num_statements": 14, "percent_covered": 85.71428571428571, "percent_covered_display": "86", "missing_lines": 2, "excluded_lines": 0}, "missing_lines": [312, 315], "excluded_lines": []}, "groups": {"executed_lines": [326, 327, 328, 329, 331, 336, 338, 339, 343, 344, 345, 346, 347], "summary": {"covered_lines": 13, "num_statements": 14, "percent_covered": 92.85714285714286, "percent_covered_display": "93", "missing_lines": 1, "excluded_lines": 0}, "missing_lines": [350], "excluded_lines": []}, "group_by_id": {"executed_lines": [361, 362, 363, 365, 367, 373, 374, 378, 380, 381, 382, 383], "summary": {"covered_lines": 12, "num_statements": 14, "percent_covered": 85.71428571428571, "percent_covered_display": "86", "missing_lines": 2, "excluded_lines": 0}, "missing_lines": [384, 387], "excluded_lines": []}, "list_roles": {"executed_lines": [395, 396, 398, 402], "summary": {"covered_lines": 4, "num_statements": 4, "percent_covered": 100.0, "percent_covered_display": "100", "missing_lines": 0, "excluded_lines": 0}, "missing_lines": [], "excluded_lines": []}, "list_departments": {"executed_lines": [408, 409, 411, 415], "summary": {"covered_lines": 4, "num_statements": 4, "percent_covered": 100.0, "percent_covered_display": "100", "missing_lines": 0, "excluded_lines": 0}, "missing_lines": [], "excluded_lines": []}, "supporting_data_unsupported_operations": {"executed_lines": [425], "summary": {"covered_lines": 1, "num_statements": 1, "percent_covered": 100.0, "percent_covered_display": "100", "missing_lines": 0, "excluded_lines": 0}, "missing_lines": [], "excluded_lines": []}, "get_all_tokens": {"executed_lines": [], "summary": {"covered_lines": 0, "num_statements": 2, "percent_covered": 0.0, "percent_covered_display": "0", "missing_lines": 2, "excluded_lines": 0}, "missing_lines": [438, 439], "excluded_lines": []}, "generate_custom_token": {"executed_lines": [], "summary": {"covered_lines": 0, "num_statements": 2, "percent_covered": 0.0, "percent_covered_display": "0", "missing_lines": 2, "excluded_lines": 0}, "missing_lines": [445, 446], "excluded_lines": []}, "get_public_key": {"executed_lines": [], "summary": {"covered_lines": 0, "num_statements": 2, "percent_covered": 0.0, "percent_covered_display": "0", "missing_lines": 2, "excluded_lines": 0}, "missing_lines": [452, 453], "excluded_lines": []}, "root": {"executed_lines": [], "summary": {"covered_lines": 0, "num_statements": 1, "percent_covered": 0.0, "percent_covered_display": "0", "missing_lines": 1, "excluded_lines": 0}, "missing_lines": [461], "excluded_lines": []}, "": {"executed_lines": [1, 6, 7, 8, 9, 10, 14, 17, 18, 19, 20, 21, 24, 25, 26, 29, 30, 35, 36, 37, 40, 43, 46, 52, 58, 61, 68, 69, 70, 73, 76, 79, 85, 91, 94, 103, 104, 107, 108, 111, 112, 113, 116, 117, 118, 119, 120, 123, 124, 129, 130, 132, 144, 147, 148, 153, 154, 161, 162, 181, 182, 189, 190, 197, 198, 207, 208, 220, 221, 227, 228, 229, 238, 239, 240, 251, 252, 281, 282, 320, 321, 353, 354, 392, 393, 405, 406, 419, 420, 421, 422, 423, 435, 436, 442, 443, 449, 450, 458, 459, 496], "summary": {"covered_lines": 98, "num_statements": 114, "percent_covered": 85.96491228070175, "percent_covered_display": "86", "missing_lines": 16, "excluded_lines": 0}, "missing_lines": [498, 499, 500, 503, 504, 505, 506, 507, 508, 509, 510, 512, 513, 514, 516, 559], "excluded_lines": []}}, "classes": {"UserRepository": {"executed_lines": [38, 41, 44, 47, 48, 49, 50, 59, 62, 63, 64], "summary": {"covered_lines": 11, "num_statements": 16, "percent_covered": 68.75, "percent_covered_display": "69", "missing_lines": 5, "excluded_lines": 0}, "missing_lines": [53, 54, 55, 56, 65], "excluded_lines": []}, "GroupRepository": {"executed_lines": [71, 74, 77, 80, 81, 82, 83, 92, 95, 96, 97], "summary": {"covered_lines": 11, "num_statements": 16, "percent_covered": 68.75, "percent_covered_display": "69", "missing_lines": 5, "excluded_lines": 0}, "missing_lines": [86, 87, 88, 89, 98], "excluded_lines": []}, "": {"executed_lines": [1, 6, 7, 8, 9, 10, 14, 17, 18, 19, 20, 21, 24, 25, 26, 29, 30, 35, 36, 37, 40, 43, 46, 52, 58, 61, 68, 69, 70, 73, 76, 79, 85, 91, 94, 103, 104, 107, 108, 111, 112, 113, 116, 117, 118, 119, 120, 123, 124, 129, 130, 132, 144, 147, 148, 153, 154, 161, 162, 168, 170, 172, 173, 176, 181, 182, 184, 185, 186, 189, 190, 192, 193, 194, 197, 198, 207, 208, 220, 221, 223, 224, 227, 228, 229, 231, 232, 234, 235, 238, 239, 240, 242, 243, 245, 246, 251, 252, 257, 259, 260, 261, 263, 268, 271, 275, 276, 277, 278, 281, 282, 289, 290, 291, 293, 295, 301, 302, 306, 308, 309, 310, 311, 320, 321, 326, 327, 328, 329, 331, 336, 338, 339, 343, 344, 345, 346, 347, 353, 354, 361, 362, 363, 365, 367, 373, 374, 378, 380, 381, 382, 383, 392, 393, 395, 396, 398, 402, 405, 406, 408, 409, 411, 415, 419, 420, 421, 422, 423, 425, 435, 436, 442, 443, 449, 450, 458, 459, 496], "summary": {"covered_lines": 176, "num_statements": 208, "percent_covered": 84.61538461538461, "percent_covered_display": "85", "missing_lines": 32, "excluded_lines": 0}, "missing_lines": [150, 156, 200, 210, 312, 315, 350, 384, 387, 438, 439, 445, 446, 452, 453, 461, 498, 499, 500, 503, 504, 505, 506, 507, 508, 509, 510, 512, 513, 514, 516, 559], "excluded_lines": []}}}, "auth/__init__.py": {"executed_lines": [1, 5, 6, 12, 14], "summary": {"covered_lines": 4, "num_statements": 4, "percent_covered": 100.0, "percent_covered_display": "100", "missing_lines": 0, "excluded_lines": 0}, "missing_lines": [], "excluded_lines": [], "functions": {"": {"executed_lines": [1, 5, 6, 12, 14], "summary": {"covered_lines": 4, "num_statements": 4, "percent_covered": 100.0, "percent_covered_display": "100", "missing_lines": 0, "excluded_lines": 0}, "missing_lines": [], "excluded_lines": []}}, "classes": {"": {"executed_lines": [1, 5, 6, 12, 14], "summary": {"covered_lines": 4, "num_statements": 4, "percent_covered": 100.0, "percent_covered_display": "100", "missing_lines": 0, "excluded_lines": 0}, "missing_lines": [], "excluded_lines": []}}}, "auth/authenticators.py": {"executed_lines": [1, 6, 7, 8, 9, 10, 11, 12, 15, 16, 17, 18, 19, 20, 21, 24, 25, 30, 37, 38, 40, 50, 54, 55, 56, 57, 58, 60, 63, 64, 66, 69, 70, 71, 72, 82, 92, 94, 95, 100, 115, 116, 118, 131, 133, 134, 150, 192, 203, 205, 207, 215, 216, 221, 228, 230, 240, 244, 245, 246, 247, 248, 250, 251, 253, 256, 258, 259, 260, 263, 264, 265, 267, 269, 275, 281, 282, 287, 294, 296, 335], "summary": {"covered_lines": 76, "num_statements": 141, "percent_covered": 53.90070921985816, "percent_covered_display": "54", "missing_lines": 65, "excluded_lines": 0}, "missing_lines": [51, 61, 75, 76, 77, 78, 80, 96, 124, 125, 126, 127, 128, 129, 136, 138, 139, 140, 141, 143, 144, 145, 146, 148, 160, 161, 163, 165, 171, 173, 176, 177, 180, 181, 183, 189, 190, 208, 210, 212, 241, 254, 277, 278, 306, 307, 313, 314, 315, 317, 320, 323, 325, 327, 333, 346, 347, 348, 351, 352, 353, 354, 355, 356, 358], "excluded_lines": [], "functions": {"OAuthAuthenticator.__init__": {"executed_lines": [37, 38], "summary": {"covered_lines": 2, "num_statements": 2, "percent_covered": 100.0, "percent_covered_display": "100", "missing_lines": 0, "excluded_lines": 0}, "missing_lines": [], "excluded_lines": []}, "OAuthAuthenticator.authenticate": {"executed_lines": [50, 54, 55, 56, 57, 58, 60, 63, 64, 66, 69, 70, 71, 72], "summary": {"covered_lines": 14, "num_statements": 21, "percent_covered": 66.66666666666667, "percent_covered_display": "67", "missing_lines": 7, "excluded_lines": 0}, "missing_lines": [51, 61, 75, 76, 77, 78, 80], "excluded_lines": []}, "OAuthAuthenticator._validate_jwt": {"executed_lines": [92, 94, 95, 100, 115, 116, 118], "summary": {"covered_lines": 7, "num_statements": 14, "percent_covered": 50.0, "percent_covered_display": "50", "missing_lines": 7, "excluded_lines": 0}, "missing_lines": [96, 124, 125, 126, 127, 128, 129], "excluded_lines": []}, "OAuthAuthenticator._get_public_key": {"executed_lines": [133, 134], "summary": {"covered_lines": 2, "num_statements": 12, "percent_covered": 16.666666666666668, "percent_covered_display": "17", "missing_lines": 10, "excluded_lines": 0}, "missing_lines": [136, 138, 139, 140, 141, 143, 144, 145, 146, 148], "excluded_lines": []}, "OAuthAuthenticator._introspect_token": {"executed_lines": [], "summary": {"covered_lines": 0, "num_statements": 13, "percent_covered": 0.0, "percent_covered_display": "0", "missing_lines": 13, "excluded_lines": 0}, "missing_lines": [160, 161, 163, 165, 171, 173, 176, 177, 180, 181, 183, 189, 190], "excluded_lines": []}, "OAuthAuthenticator._extract_scopes": {"executed_lines": [203, 205, 207], "summary": {"covered_lines": 3, "num_statements": 6, "percent_covered": 50.0, "percent_covered_display": "50", "missing_lines": 3, "excluded_lines": 0}, "missing_lines": [208, 210, 212], "excluded_lines": []}, "BasicAuthAuthenticator.__init__": {"executed_lines": [228], "summary": {"covered_lines": 1, "num_statements": 1, "percent_covered": 100.0, "percent_covered_display": "100", "missing_lines": 0, "excluded_lines": 0}, "missing_lines": [], "excluded_lines": []}, "BasicAuthAuthenticator.authenticate": {"executed_lines": [240, 244, 245, 246, 247, 248, 250, 251, 253, 256, 258, 259, 260, 263, 264, 265, 267, 269, 275], "summary": {"covered_lines": 19, "num_statements": 23, "percent_covered": 82.6086956521739, "percent_covered_display": "83", "missing_lines": 4, "excluded_lines": 0}, "missing_lines": [241, 254, 277, 278], "excluded_lines": []}, "MutualTLSAuthenticator.__init__": {"executed_lines": [294], "summary": {"covered_lines": 1, "num_statements": 1, "percent_covered": 100.0, "percent_covered_display": "100", "missing_lines": 0, "excluded_lines": 0}, "missing_lines": [], "excluded_lines": []}, "MutualTLSAuthenticator.authenticate": {"executed_lines": [], "summary": {"covered_lines": 0, "num_statements": 11, "percent_covered": 0.0, "percent_covered_display": "0", "missing_lines": 11, "excluded_lines": 0}, "missing_lines": [306, 307, 313, 314, 315, 317, 320, 323, 325, 327, 333], "excluded_lines": []}, "MutualTLSAuthenticator._map_cert_to_identity": {"executed_lines": [], "summary": {"covered_lines": 0, "num_statements": 10, "percent_covered": 0.0, "percent_covered_display": "0", "missing_lines": 10, "excluded_lines": 0}, "missing_lines": [346, 347, 348, 351, 352, 353, 354, 355, 356, 358], "excluded_lines": []}, "": {"executed_lines": [1, 6, 7, 8, 9, 10, 11, 12, 15, 16, 17, 18, 19, 20, 21, 24, 25, 30, 40, 82, 131, 150, 192, 215, 216, 221, 230, 281, 282, 287, 296, 335], "summary": {"covered_lines": 27, "num_statements": 27, "percent_covered": 100.0, "percent_covered_display": "100", "missing_lines": 0, "excluded_lines": 0}, "missing_lines": [], "excluded_lines": []}}, "classes": {"AuthenticationResult": {"executed_lines": [], "summary": {"covered_lines": 0, "num_statements": 0, "percent_covered": 100.0, "percent_covered_display": "100", "missing_lines": 0, "excluded_lines": 0}, "missing_lines": [], "excluded_lines": []}, "OAuthAuthenticator": {"executed_lines": [37, 38, 50, 54, 55, 56, 57, 58, 60, 63, 64, 66, 69, 70, 71, 72, 92, 94, 95, 100, 115, 116, 118, 133, 134, 203, 205, 207], "summary": {"covered_lines": 28, "num_statements": 68, "percent_covered": 41.1764705882353, "percent_covered_display": "41", "missing_lines": 40, "excluded_lines": 0}, "missing_lines": [51, 61, 75, 76, 77, 78, 80, 96, 124, 125, 126, 127, 128, 129, 136, 138, 139, 140, 141, 143, 144, 145, 146, 148, 160, 161, 163, 165, 171, 173, 176, 177, 180, 181, 183, 189, 190, 208, 210, 212], "excluded_lines": []}, "BasicAuthAuthenticator": {"executed_lines": [228, 240, 244, 245, 246, 247, 248, 250, 251, 253, 256, 258, 259, 260, 263, 264, 265, 267, 269, 275], "summary": {"covered_lines": 20, "num_statements": 24, "percent_covered": 83.33333333333333, "percent_covered_display": "83", "missing_lines": 4, "excluded_lines": 0}, "missing_lines": [241, 254, 277, 278], "excluded_lines": []}, "MutualTLSAuthenticator": {"executed_lines": [294], "summary": {"covered_lines": 1, "num_statements": 22, "percent_covered": 4.545454545454546, "percent_covered_display": "5", "missing_lines": 21, "excluded_lines": 0}, "missing_lines": [306, 307, 313, 314, 315, 317, 320, 323, 325, 327, 333, 346, 347, 348, 351, 352, 353, 354, 355, 356, 358], "excluded_lines": []}, "": {"executed_lines": [1, 6, 7, 8, 9, 10, 11, 12, 15, 16, 17, 18, 19, 20, 21, 24, 25, 30, 40, 82, 131, 150, 192, 215, 216, 221, 230, 281, 282, 287, 296, 335], "summary": {"covered_lines": 27, "num_statements": 27, "percent_covered": 100.0, "percent_covered_display": "100", "missing_lines": 0, "excluded_lines": 0}, "missing_lines": [], "excluded_lines": []}}}, "auth/config.py": {"executed_lines": [1, 6, 7, 8, 11, 12, 13, 14, 16, 17, 18, 19, 20, 21, 24, 25, 26, 27, 30, 31, 32, 33, 35, 38, 39, 40, 41, 43, 44, 46, 49, 50, 51, 53, 54, 55, 58, 61, 67, 68, 72, 73, 75, 78, 93, 99, 105, 112, 113, 115, 117, 118, 119, 120, 121, 122, 123, 125, 127, 131, 169, 181, 182, 183, 186, 187, 188, 189, 190, 193], "summary": {"covered_lines": 65, "num_statements": 65, "percent_covered": 100.0, "percent_covered_display": "100", "missing_lines": 0, "excluded_lines": 0}, "missing_lines": [], "excluded_lines": [], "functions": {"AuthConfig.from_env": {"executed_lines": [72, 73, 75, 78, 93, 99, 105], "summary": {"covered_lines": 7, "num_statements": 7, "percent_covered": 100.0, "percent_covered_display": "100", "missing_lines": 0, "excluded_lines": 0}, "missing_lines": [], "excluded_lines": []}, "AuthConfig._load_basic_auth_credentials": {"executed_lines": [115, 117, 118, 119, 120, 121, 122, 123], "summary": {"covered_lines": 8, "num_statements": 8, "percent_covered": 100.0, "percent_covered_display": "100", "missing_lines": 0, "excluded_lines": 0}, "missing_lines": [], "excluded_lines": []}, "AuthConfig.is_any_auth_enabled": {"executed_lines": [127], "summary": {"covered_lines": 1, "num_statements": 1, "percent_covered": 100.0, "percent_covered_display": "100", "missing_lines": 0, "excluded_lines": 0}, "missing_lines": [], "excluded_lines": []}, "get_required_scopes": {"executed_lines": [181, 182, 183, 186, 187, 188, 189, 190, 193], "summary": {"covered_lines": 9, "num_statements": 9, "percent_covered": 100.0, "percent_covered_display": "100", "missing_lines": 0, "excluded_lines": 0}, "missing_lines": [], "excluded_lines": []}, "": {"executed_lines": [1, 6, 7, 8, 11, 12, 13, 14, 16, 17, 18, 19, 20, 21, 24, 25, 26, 27, 30, 31, 32, 33, 35, 38, 39, 40, 41, 43, 44, 46, 49, 50, 51, 53, 54, 55, 58, 61, 67, 68, 112, 113, 125, 131, 169], "summary": {"covered_lines": 40, "num_statements": 40, "percent_covered": 100.0, "percent_covered_display": "100", "missing_lines": 0, "excluded_lines": 0}, "missing_lines": [], "excluded_lines": []}}, "classes": {"OAuthConfig": {"executed_lines": [], "summary": {"covered_lines": 0, "num_statements": 0, "percent_covered": 100.0, "percent_covered_display": "100", "missing_lines": 0, "excluded_lines": 0}, "missing_lines": [], "excluded_lines": []}, "BasicAuthConfig": {"executed_lines": [], "summary": {"covered_lines": 0, "num_statements": 0, "percent_covered": 100.0, "percent_covered_display": "100", "missing_lines": 0, "excluded_lines": 0}, "missing_lines": [], "excluded_lines": []}, "MutualTLSConfig": {"executed_lines": [], "summary": {"covered_lines": 0, "num_statements": 0, "percent_covered": 100.0, "percent_covered_display": "100", "missing_lines": 0, "excluded_lines": 0}, "missing_lines": [], "excluded_lines": []}, "AuthConfig": {"executed_lines": [72, 73, 75, 78, 93, 99, 105, 115, 117, 118, 119, 120, 121, 122, 123, 127], "summary": {"covered_lines": 16, "num_statements": 16, "percent_covered": 100.0, "percent_covered_display": "100", "missing_lines": 0, "excluded_lines": 0}, "missing_lines": [], "excluded_lines": []}, "": {"executed_lines": [1, 6, 7, 8, 11, 12, 13, 14, 16, 17, 18, 19, 20, 21, 24, 25, 26, 27, 30, 31, 32, 33, 35, 38, 39, 40, 41, 43, 44, 46, 49, 50, 51, 53, 54, 55, 58, 61, 67, 68, 112, 113, 125, 131, 169, 181, 182, 183, 186, 187, 188, 189, 190, 193], "summary": {"covered_lines": 49, "num_statements": 49, "percent_covered": 100.0, "percent_covered_display": "100", "missing_lines": 0, "excluded_lines": 0}, "missing_lines": [], "excluded_lines": []}}}, "auth/middleware.py": {"executed_lines": [1, 6, 7, 8, 9, 17, 18, 25, 32, 35, 36, 37, 39, 55, 56, 57, 58, 61, 62, 63, 64, 67, 73, 78, 91, 95, 98, 102, 103, 106, 107, 112, 123, 124, 126, 127, 130, 131, 135, 138, 139, 142, 144, 146, 149, 151, 156, 157, 160, 162, 172, 177, 179, 197, 207, 210], "summary": {"covered_lines": 54, "num_statements": 65, "percent_covered": 83.07692307692308, "percent_covered_display": "83", "missing_lines": 11, "excluded_lines": 0}, "missing_lines": [68, 69, 70, 92, 99, 110, 132, 153, 189, 194, 208], "excluded_lines": [], "functions": {"AuthMiddleware.__init__": {"executed_lines": [32, 35, 36, 37], "summary": {"covered_lines": 4, "num_statements": 4, "percent_covered": 100.0, "percent_covered_display": "100", "missing_lines": 0, "excluded_lines": 0}, "missing_lines": [], "excluded_lines": []}, "AuthMiddleware.authenticate_request": {"executed_lines": [55, 56, 57, 58, 61, 62, 63, 64, 67, 73], "summary": {"covered_lines": 10, "num_statements": 13, "percent_covered": 76.92307692307692, "percent_covered_display": "77", "missing_lines": 3, "excluded_lines": 0}, "missing_lines": [68, 69, 70], "excluded_lines": []}, "AuthMiddleware.authorize_request": {"executed_lines": [91, 95, 98, 102, 103, 106, 107], "summary": {"covered_lines": 7, "num_statements": 10, "percent_covered": 70.0, "percent_covered_display": "70", "missing_lines": 3, "excluded_lines": 0}, "missing_lines": [92, 99, 110], "excluded_lines": []}, "AuthMiddleware.process_request": {"executed_lines": [123, 124, 126, 127, 130, 131, 135, 138, 139, 142, 144, 146, 149, 151, 156, 157, 160], "summary": {"covered_lines": 17, "num_statements": 19, "percent_covered": 89.47368421052632, "percent_covered_display": "89", "missing_lines": 2, "excluded_lines": 0}, "missing_lines": [132, 153], "excluded_lines": []}, "AuthMiddleware._create_auth_error_response": {"executed_lines": [172, 177], "summary": {"covered_lines": 2, "num_statements": 2, "percent_covered": 100.0, "percent_covered_display": "100", "missing_lines": 0, "excluded_lines": 0}, "missing_lines": [], "excluded_lines": []}, "AuthMiddleware._create_authz_error_response": {"executed_lines": [], "summary": {"covered_lines": 0, "num_statements": 2, "percent_covered": 0.0, "percent_covered_display": "0", "missing_lines": 2, "excluded_lines": 0}, "missing_lines": [189, 194], "excluded_lines": []}, "create_auth_middleware": {"executed_lines": [207, 210], "summary": {"covered_lines": 2, "num_statements": 3, "percent_covered": 66.66666666666667, "percent_covered_display": "67", "missing_lines": 1, "excluded_lines": 0}, "missing_lines": [208], "excluded_lines": []}, "": {"executed_lines": [1, 6, 7, 8, 9, 17, 18, 25, 39, 78, 112, 162, 179, 197], "summary": {"covered_lines": 12, "num_statements": 12, "percent_covered": 100.0, "percent_covered_display": "100", "missing_lines": 0, "excluded_lines": 0}, "missing_lines": [], "excluded_lines": []}}, "classes": {"AuthMiddleware": {"executed_lines": [32, 35, 36, 37, 55, 56, 57, 58, 61, 62, 63, 64, 67, 73, 91, 95, 98, 102, 103, 106, 107, 123, 124, 126, 127, 130, 131, 135, 138, 139, 142, 144, 146, 149, 151, 156, 157, 160, 172, 177], "summary": {"covered_lines": 40, "num_statements": 50, "percent_covered": 80.0, "percent_covered_display": "80", "missing_lines": 10, "excluded_lines": 0}, "missing_lines": [68, 69, 70, 92, 99, 110, 132, 153, 189, 194], "excluded_lines": []}, "": {"executed_lines": [1, 6, 7, 8, 9, 17, 18, 25, 39, 78, 112, 162, 179, 197, 207, 210], "summary": {"covered_lines": 14, "num_statements": 15, "percent_covered": 93.33333333333333, "percent_covered_display": "93", "missing_lines": 1, "excluded_lines": 0}, "missing_lines": [208], "excluded_lines": []}}}, "examples/__init__.py": {"executed_lines": [], "summary": {"covered_lines": 0, "num_statements": 0, "percent_covered": 100.0, "percent_covered_display": "100", "missing_lines": 0, "excluded_lines": 0}, "missing_lines": [], "excluded_lines": [], "functions": {"": {"executed_lines": [], "summary": {"covered_lines": 0, "num_statements": 0, "percent_covered": 100.0, "percent_covered_display": "100", "missing_lines": 0, "excluded_lines": 0}, "missing_lines": [], "excluded_lines": []}}, "classes": {"": {"executed_lines": [], "summary": {"covered_lines": 0, "num_statements": 0, "percent_covered": 100.0, "percent_covered_display": "100", "missing_lines": 0, "excluded_lines": 0}, "missing_lines": [], "excluded_lines": []}}}, "models/__init__.py": {"executed_lines": [1], "summary": {"covered_lines": 0, "num_statements": 0, "percent_covered": 100.0, "percent_covered_display": "100", "missing_lines": 0, "excluded_lines": 0}, "missing_lines": [], "excluded_lines": [], "functions": {"": {"executed_lines": [], "summary": {"covered_lines": 0, "num_statements": 0, "percent_covered": 100.0, "percent_covered_display": "100", "missing_lines": 0, "excluded_lines": 0}, "missing_lines": [], "excluded_lines": []}}, "classes": {"": {"executed_lines": [], "summary": {"covered_lines": 0, "num_statements": 0, "percent_covered": 100.0, "percent_covered_display": "100", "missing_lines": 0, "excluded_lines": 0}, "missing_lines": [], "excluded_lines": []}}}, "models/group_model.py": {"executed_lines": [1, 6, 7, 8, 11, 12, 13, 16, 17, 19, 21, 22, 23, 24, 26, 27, 32, 33, 34, 37, 38, 40, 42, 43, 44, 45, 46, 48, 49, 58, 59, 75, 77, 86, 90, 91, 92, 93, 96, 97, 103, 105, 107, 108, 111, 128, 132, 133, 134, 138, 144, 145, 146, 148, 150, 160, 161, 163, 164, 165, 169, 173, 177, 179, 180, 182, 189, 197, 200, 201, 203, 205, 206, 221, 222, 226, 227, 228, 229, 233, 234, 235, 238, 246, 253, 255], "summary": {"covered_lines": 81, "num_statements": 96, "percent_covered": 84.375, "percent_covered_display": "84", "missing_lines": 15, "excluded_lines": 0}, "missing_lines": [87, 109, 129, 135, 139, 140, 141, 167, 171, 175, 198, 223, 230, 236, 256], "excluded_lines": [], "functions": {"Member.__init__": {"executed_lines": [21, 22, 23, 24], "summary": {"covered_lines": 4, "num_statements": 4, "percent_covered": 100.0, "percent_covered_display": "100", "missing_lines": 0, "excluded_lines": 0}, "missing_lines": [], "excluded_lines": []}, "Member.to_dict": {"executed_lines": [27, 32, 33, 34], "summary": {"covered_lines": 4, "num_statements": 4, "percent_covered": 100.0, "percent_covered_display": "100", "missing_lines": 0, "excluded_lines": 0}, "missing_lines": [], "excluded_lines": []}, "Meta.__init__": {"executed_lines": [42, 43, 44, 45, 46], "summary": {"covered_lines": 5, "num_statements": 5, "percent_covered": 100.0, "percent_covered_display": "100", "missing_lines": 0, "excluded_lines": 0}, "missing_lines": [], "excluded_lines": []}, "Meta.to_dict": {"executed_lines": [49], "summary": {"covered_lines": 1, "num_statements": 1, "percent_covered": 100.0, "percent_covered_display": "100", "missing_lines": 0, "excluded_lines": 0}, "missing_lines": [], "excluded_lines": []}, "Group.__init__": {"executed_lines": [86, 90, 91, 92, 93, 96, 97, 103], "summary": {"covered_lines": 8, "num_statements": 9, "percent_covered": 88.88888888888889, "percent_covered_display": "89", "missing_lines": 1, "excluded_lines": 0}, "missing_lines": [87], "excluded_lines": []}, "Group._validate_members": {"executed_lines": [107, 108], "summary": {"covered_lines": 2, "num_statements": 3, "percent_covered": 66.66666666666667, "percent_covered_display": "67", "missing_lines": 1, "excluded_lines": 0}, "missing_lines": [109], "excluded_lines": []}, "Group.add_member": {"executed_lines": [128, 132, 133, 134, 138, 144, 145, 146, 148], "summary": {"covered_lines": 9, "num_statements": 14, "percent_covered": 64.28571428571429, "percent_covered_display": "64", "missing_lines": 5, "excluded_lines": 0}, "missing_lines": [129, 135, 139, 140, 141], "excluded_lines": []}, "Group.remove_member": {"executed_lines": [160, 161, 163, 164, 165], "summary": {"covered_lines": 5, "num_statements": 6, "percent_covered": 83.33333333333333, "percent_covered_display": "83", "missing_lines": 1, "excluded_lines": 0}, "missing_lines": [167], "excluded_lines": []}, "Group.has_member": {"executed_lines": [], "summary": {"covered_lines": 0, "num_statements": 1, "percent_covered": 0.0, "percent_covered_display": "0", "missing_lines": 1, "excluded_lines": 0}, "missing_lines": [171], "excluded_lines": []}, "Group.get_member_ids": {"executed_lines": [], "summary": {"covered_lines": 0, "num_statements": 1, "percent_covered": 0.0, "percent_covered_display": "0", "missing_lines": 1, "excluded_lines": 0}, "missing_lines": [175], "excluded_lines": []}, "Group._update_last_modified": {"executed_lines": [179, 180], "summary": {"covered_lines": 2, "num_statements": 2, "percent_covered": 100.0, "percent_covered_display": "100", "missing_lines": 0, "excluded_lines": 0}, "missing_lines": [], "excluded_lines": []}, "Group.to_dict": {"executed_lines": [189, 197, 200, 201, 203], "summary": {"covered_lines": 5, "num_statements": 6, "percent_covered": 83.33333333333333, "percent_covered_display": "83", "missing_lines": 1, "excluded_lines": 0}, "missing_lines": [198], "excluded_lines": []}, "Group.from_dict": {"executed_lines": [221, 222, 226, 227, 228, 229, 233, 234, 235, 238, 246, 253], "summary": {"covered_lines": 12, "num_statements": 15, "percent_covered": 80.0, "percent_covered_display": "80", "missing_lines": 3, "excluded_lines": 0}, "missing_lines": [223, 230, 236], "excluded_lines": []}, "Group.__repr__": {"executed_lines": [], "summary": {"covered_lines": 0, "num_statements": 1, "percent_covered": 0.0, "percent_covered_display": "0", "missing_lines": 1, "excluded_lines": 0}, "missing_lines": [256], "excluded_lines": []}, "": {"executed_lines": [1, 6, 7, 8, 11, 12, 13, 16, 17, 19, 26, 37, 38, 40, 48, 58, 59, 75, 77, 105, 111, 150, 169, 173, 177, 182, 205, 206, 255], "summary": {"covered_lines": 24, "num_statements": 24, "percent_covered": 100.0, "percent_covered_display": "100", "missing_lines": 0, "excluded_lines": 0}, "missing_lines": [], "excluded_lines": []}}, "classes": {"ValidationError": {"executed_lines": [], "summary": {"covered_lines": 0, "num_statements": 0, "percent_covered": 100.0, "percent_covered_display": "100", "missing_lines": 0, "excluded_lines": 0}, "missing_lines": [], "excluded_lines": []}, "Member": {"executed_lines": [21, 22, 23, 24, 27, 32, 33, 34], "summary": {"covered_lines": 8, "num_statements": 8, "percent_covered": 100.0, "percent_covered_display": "100", "missing_lines": 0, "excluded_lines": 0}, "missing_lines": [], "excluded_lines": []}, "Meta": {"executed_lines": [42, 43, 44, 45, 46, 49], "summary": {"covered_lines": 6, "num_statements": 6, "percent_covered": 100.0, "percent_covered_display": "100", "missing_lines": 0, "excluded_lines": 0}, "missing_lines": [], "excluded_lines": []}, "Group": {"executed_lines": [86, 90, 91, 92, 93, 96, 97, 103, 107, 108, 128, 132, 133, 134, 138, 144, 145, 146, 148, 160, 161, 163, 164, 165, 179, 180, 189, 197, 200, 201, 203, 221, 222, 226, 227, 228, 229, 233, 234, 235, 238, 246, 253], "summary": {"covered_lines": 43, "num_statements": 58, "percent_covered": 74.13793103448276, "percent_covered_display": "74", "missing_lines": 15, "excluded_lines": 0}, "missing_lines": [87, 109, 129, 135, 139, 140, 141, 167, 171, 175, 198, 223, 230, 236, 256], "excluded_lines": []}, "": {"executed_lines": [1, 6, 7, 8, 11, 12, 13, 16, 17, 19, 26, 37, 38, 40, 48, 58, 59, 75, 77, 105, 111, 150, 169, 173, 177, 182, 205, 206, 255], "summary": {"covered_lines": 24, "num_statements": 24, "percent_covered": 100.0, "percent_covered_display": "100", "missing_lines": 0, "excluded_lines": 0}, "missing_lines": [], "excluded_lines": []}}}, "models/supporting_data_model.py": {"executed_lines": [1, 9, 10, 13, 14, 27, 34, 35, 36, 37, 39, 41, 45, 46, 47, 49, 51, 55, 56, 67, 68, 69, 71, 73, 78, 82, 83, 90, 92, 93, 95, 107, 145, 157, 172, 174, 176, 183, 191, 193, 195, 202, 204, 205, 206, 207, 210, 214, 216], "summary": {"covered_lines": 45, "num_statements": 63, "percent_covered": 71.42857142857143, "percent_covered_display": "71", "missing_lines": 18, "excluded_lines": 0}, "missing_lines": [48, 52, 79, 178, 179, 180, 181, 185, 186, 187, 188, 189, 197, 198, 199, 200, 208, 212], "excluded_lines": [], "functions": {"Role.__init__": {"executed_lines": [34, 35, 36, 37], "summary": {"covered_lines": 4, "num_statements": 4, "percent_covered": 100.0, "percent_covered_display": "100", "missing_lines": 0, "excluded_lines": 0}, "missing_lines": [], "excluded_lines": []}, "Role.to_dict": {"executed_lines": [41, 45, 46, 47, 49], "summary": {"covered_lines": 5, "num_statements": 6, "percent_covered": 83.33333333333333, "percent_covered_display": "83", "missing_lines": 1, "excluded_lines": 0}, "missing_lines": [48], "excluded_lines": []}, "Role.__repr__": {"executed_lines": [], "summary": {"covered_lines": 0, "num_statements": 1, "percent_covered": 0.0, "percent_covered_display": "0", "missing_lines": 1, "excluded_lines": 0}, "missing_lines": [52], "excluded_lines": []}, "Department.__init__": {"executed_lines": [68, 69], "summary": {"covered_lines": 2, "num_statements": 2, "percent_covered": 100.0, "percent_covered_display": "100", "missing_lines": 0, "excluded_lines": 0}, "missing_lines": [], "excluded_lines": []}, "Department.to_dict": {"executed_lines": [73], "summary": {"covered_lines": 1, "num_statements": 1, "percent_covered": 100.0, "percent_covered_display": "100", "missing_lines": 0, "excluded_lines": 0}, "missing_lines": [], "excluded_lines": []}, "Department.__repr__": {"executed_lines": [], "summary": {"covered_lines": 0, "num_statements": 1, "percent_covered": 0.0, "percent_covered_display": "0", "missing_lines": 1, "excluded_lines": 0}, "missing_lines": [79], "excluded_lines": []}, "SupportingDataRepository.__init__": {"executed_lines": [92, 93], "summary": {"covered_lines": 2, "num_statements": 2, "percent_covered": 100.0, "percent_covered_display": "100", "missing_lines": 0, "excluded_lines": 0}, "missing_lines": [], "excluded_lines": []}, "SupportingDataRepository._load_predefined_roles": {"executed_lines": [107], "summary": {"covered_lines": 1, "num_statements": 1, "percent_covered": 100.0, "percent_covered_display": "100", "missing_lines": 0, "excluded_lines": 0}, "missing_lines": [], "excluded_lines": []}, "SupportingDataRepository._load_predefined_departments": {"executed_lines": [157], "summary": {"covered_lines": 1, "num_statements": 1, "percent_covered": 100.0, "percent_covered_display": "100", "missing_lines": 0, "excluded_lines": 0}, "missing_lines": [], "excluded_lines": []}, "SupportingDataRepository.get_all_roles": {"executed_lines": [174], "summary": {"covered_lines": 1, "num_statements": 1, "percent_covered": 100.0, "percent_covered_display": "100", "missing_lines": 0, "excluded_lines": 0}, "missing_lines": [], "excluded_lines": []}, "SupportingDataRepository.get_role_by_id": {"executed_lines": [], "summary": {"covered_lines": 0, "num_statements": 4, "percent_covered": 0.0, "percent_covered_display": "0", "missing_lines": 4, "excluded_lines": 0}, "missing_lines": [178, 179, 180, 181], "excluded_lines": []}, "SupportingDataRepository.get_role_by_name": {"executed_lines": [], "summary": {"covered_lines": 0, "num_statements": 5, "percent_covered": 0.0, "percent_covered_display": "0", "missing_lines": 5, "excluded_lines": 0}, "missing_lines": [185, 186, 187, 188, 189], "excluded_lines": []}, "SupportingDataRepository.get_all_departments": {"executed_lines": [193], "summary": {"covered_lines": 1, "num_statements": 1, "percent_covered": 100.0, "percent_covered_display": "100", "missing_lines": 0, "excluded_lines": 0}, "missing_lines": [], "excluded_lines": []}, "SupportingDataRepository.get_department_by_id": {"executed_lines": [], "summary": {"covered_lines": 0, "num_statements": 4, "percent_covered": 0.0, "percent_covered_display": "0", "missing_lines": 4, "excluded_lines": 0}, "missing_lines": [197, 198, 199, 200], "excluded_lines": []}, "SupportingDataRepository.get_department_by_name": {"executed_lines": [204, 205, 206, 207], "summary": {"covered_lines": 4, "num_statements": 5, "percent_covered": 80.0, "percent_covered_display": "80", "missing_lines": 1, "excluded_lines": 0}, "missing_lines": [208], "excluded_lines": []}, "SupportingDataRepository.validate_role_name": {"executed_lines": [], "summary": {"covered_lines": 0, "num_statements": 1, "percent_covered": 0.0, "percent_covered_display": "0", "missing_lines": 1, "excluded_lines": 0}, "missing_lines": [212], "excluded_lines": []}, "SupportingDataRepository.validate_department_name": {"executed_lines": [216], "summary": {"covered_lines": 1, "num_statements": 1, "percent_covered": 100.0, "percent_covered_display": "100", "missing_lines": 0, "excluded_lines": 0}, "missing_lines": [], "excluded_lines": []}, "": {"executed_lines": [1, 9, 10, 13, 14, 27, 39, 51, 55, 56, 67, 71, 78, 82, 83, 90, 95, 145, 172, 176, 183, 191, 195, 202, 210, 214], "summary": {"covered_lines": 22, "num_statements": 22, "percent_covered": 100.0, "percent_covered_display": "100", "missing_lines": 0, "excluded_lines": 0}, "missing_lines": [], "excluded_lines": []}}, "classes": {"Role": {"executed_lines": [34, 35, 36, 37, 41, 45, 46, 47, 49], "summary": {"covered_lines": 9, "num_statements": 11, "percent_covered": 81.81818181818181, "percent_covered_display": "82", "missing_lines": 2, "excluded_lines": 0}, "missing_lines": [48, 52], "excluded_lines": []}, "Department": {"executed_lines": [68, 69, 73], "summary": {"covered_lines": 3, "num_statements": 4, "percent_covered": 75.0, "percent_covered_display": "75", "missing_lines": 1, "excluded_lines": 0}, "missing_lines": [79], "excluded_lines": []}, "SupportingDataRepository": {"executed_lines": [92, 93, 107, 157, 174, 193, 204, 205, 206, 207, 216], "summary": {"covered_lines": 11, "num_statements": 26, "percent_covered": 42.30769230769231, "percent_covered_display": "42", "missing_lines": 15, "excluded_lines": 0}, "missing_lines": [178, 179, 180, 181, 185, 186, 187, 188, 189, 197, 198, 199, 200, 208, 212], "excluded_lines": []}, "": {"executed_lines": [1, 9, 10, 13, 14, 27, 39, 51, 55, 56, 67, 71, 78, 82, 83, 90, 95, 145, 172, 176, 183, 191, 195, 202, 210, 214], "summary": {"covered_lines": 22, "num_statements": 22, "percent_covered": 100.0, "percent_covered_display": "100", "missing_lines": 0, "excluded_lines": 0}, "missing_lines": [], "excluded_lines": []}}}, "models/user_model.py": {"executed_lines": [1, 6, 7, 8, 9, 12, 13, 14, 17, 18, 20, 21, 24, 25, 26, 28, 29, 31, 32, 34, 35, 42, 43, 45, 46, 47, 49, 50, 51, 52, 53, 54, 55, 58, 59, 61, 62, 63, 64, 66, 67, 68, 70, 72, 75, 76, 78, 79, 80, 81, 82, 84, 95, 96, 98, 100, 101, 102, 103, 104, 106, 107, 116, 117, 131, 132, 134, 150, 154, 155, 156, 159, 160, 161, 162, 163, 164, 165, 166, 169, 170, 176, 178, 180, 181, 184, 216, 221, 226, 227, 234, 235, 236, 238, 240, 241, 243, 245, 246, 248, 258, 259, 260, 261, 263, 272, 275, 276, 278, 279, 281, 284, 288, 289, 290, 291, 292, 293, 294, 295, 296, 298, 300, 301, 317, 318, 322, 323, 329, 330, 331, 338, 339, 340, 341, 343, 345, 346, 347, 348, 352, 359, 360, 363, 367, 368, 375, 389, 392, 394], "summary": {"covered_lines": 142, "num_statements": 173, "percent_covered": 82.08092485549133, "percent_covered_display": "82", "missing_lines": 31, "excluded_lines": 0}, "missing_lines": [22, 69, 71, 85, 90, 91, 92, 151, 182, 199, 200, 203, 204, 205, 206, 209, 210, 212, 213, 214, 218, 219, 273, 282, 285, 319, 364, 369, 370, 390, 395], "excluded_lines": [], "functions": {"Email.__init__": {"executed_lines": [21, 24, 25, 26], "summary": {"covered_lines": 4, "num_statements": 5, "percent_covered": 80.0, "percent_covered_display": "80", "missing_lines": 1, "excluded_lines": 0}, "missing_lines": [22], "excluded_lines": []}, "Email._is_valid_email": {"executed_lines": [31, 32], "summary": {"covered_lines": 2, "num_statements": 2, "percent_covered": 100.0, "percent_covered_display": "100", "missing_lines": 0, "excluded_lines": 0}, "missing_lines": [], "excluded_lines": []}, "Email.to_dict": {"executed_lines": [35], "summary": {"covered_lines": 1, "num_statements": 1, "percent_covered": 100.0, "percent_covered_display": "100", "missing_lines": 0, "excluded_lines": 0}, "missing_lines": [], "excluded_lines": []}, "Name.__init__": {"executed_lines": [46, 47], "summary": {"covered_lines": 2, "num_statements": 2, "percent_covered": 100.0, "percent_covered_display": "100", "missing_lines": 0, "excluded_lines": 0}, "missing_lines": [], "excluded_lines": []}, "Name.to_dict": {"executed_lines": [50, 51, 52, 53, 54, 55], "summary": {"covered_lines": 6, "num_statements": 6, "percent_covered": 100.0, "percent_covered_display": "100", "missing_lines": 0, "excluded_lines": 0}, "missing_lines": [], "excluded_lines": []}, "Manager.__init__": {"executed_lines": [62, 63, 64], "summary": {"covered_lines": 3, "num_statements": 3, "percent_covered": 100.0, "percent_covered_display": "100", "missing_lines": 0, "excluded_lines": 0}, "missing_lines": [], "excluded_lines": []}, "Manager.to_dict": {"executed_lines": [67, 68, 70, 72], "summary": {"covered_lines": 4, "num_statements": 6, "percent_covered": 66.66666666666667, "percent_covered_display": "67", "missing_lines": 2, "excluded_lines": 0}, "missing_lines": [69, 71], "excluded_lines": []}, "GroupMembership.__init__": {"executed_lines": [79, 80, 81, 82], "summary": {"covered_lines": 4, "num_statements": 4, "percent_covered": 100.0, "percent_covered_display": "100", "missing_lines": 0, "excluded_lines": 0}, "missing_lines": [], "excluded_lines": []}, "GroupMembership.to_dict": {"executed_lines": [], "summary": {"covered_lines": 0, "num_statements": 4, "percent_covered": 0.0, "percent_covered_display": "0", "missing_lines": 4, "excluded_lines": 0}, "missing_lines": [85, 90, 91, 92], "excluded_lines": []}, "Meta.__init__": {"executed_lines": [100, 101, 102, 103, 104], "summary": {"covered_lines": 5, "num_statements": 5, "percent_covered": 100.0, "percent_covered_display": "100", "missing_lines": 0, "excluded_lines": 0}, "missing_lines": [], "excluded_lines": []}, "Meta.to_dict": {"executed_lines": [107], "summary": {"covered_lines": 1, "num_statements": 1, "percent_covered": 100.0, "percent_covered_display": "100", "missing_lines": 0, "excluded_lines": 0}, "missing_lines": [], "excluded_lines": []}, "User.__init__": {"executed_lines": [150, 154, 155, 156, 159, 160, 161, 162, 163, 164, 165, 166, 169, 170, 176], "summary": {"covered_lines": 15, "num_statements": 16, "percent_covered": 93.75, "percent_covered_display": "94", "missing_lines": 1, "excluded_lines": 0}, "missing_lines": [151], "excluded_lines": []}, "User._validate_emails": {"executed_lines": [180, 181], "summary": {"covered_lines": 2, "num_statements": 3, "percent_covered": 66.66666666666667, "percent_covered_display": "67", "missing_lines": 1, "excluded_lines": 0}, "missing_lines": [182], "excluded_lines": []}, "User.set_manager": {"executed_lines": [], "summary": {"covered_lines": 0, "num_statements": 11, "percent_covered": 0.0, "percent_covered_display": "0", "missing_lines": 11, "excluded_lines": 0}, "missing_lines": [199, 200, 203, 204, 205, 206, 209, 210, 212, 213, 214], "excluded_lines": []}, "User.clear_manager": {"executed_lines": [], "summary": {"covered_lines": 0, "num_statements": 2, "percent_covered": 0.0, "percent_covered_display": "0", "missing_lines": 2, "excluded_lines": 0}, "missing_lines": [218, 219], "excluded_lines": []}, "User.add_group_membership": {"executed_lines": [226, 227, 234, 235, 236], "summary": {"covered_lines": 5, "num_statements": 5, "percent_covered": 100.0, "percent_covered_display": "100", "missing_lines": 0, "excluded_lines": 0}, "missing_lines": [], "excluded_lines": []}, "User.remove_group_membership": {"executed_lines": [240, 241], "summary": {"covered_lines": 2, "num_statements": 2, "percent_covered": 100.0, "percent_covered_display": "100", "missing_lines": 0, "excluded_lines": 0}, "missing_lines": [], "excluded_lines": []}, "User._update_last_modified": {"executed_lines": [245, 246], "summary": {"covered_lines": 2, "num_statements": 2, "percent_covered": 100.0, "percent_covered_display": "100", "missing_lines": 0, "excluded_lines": 0}, "missing_lines": [], "excluded_lines": []}, "User.to_dict": {"executed_lines": [258, 259, 260, 261, 263, 272, 275, 276, 278, 279, 281, 284, 288, 289, 290, 291, 292, 293, 294, 295, 296, 298], "summary": {"covered_lines": 22, "num_statements": 25, "percent_covered": 88.0, "percent_covered_display": "88", "missing_lines": 3, "excluded_lines": 0}, "missing_lines": [273, 282, 285], "excluded_lines": []}, "User.from_dict": {"executed_lines": [317, 318, 322, 323, 329, 330, 331, 338, 339, 340, 341, 343, 345, 346, 347, 348, 352, 359, 360, 363, 367, 368, 375, 389, 392], "summary": {"covered_lines": 25, "num_statements": 30, "percent_covered": 83.33333333333333, "percent_covered_display": "83", "missing_lines": 5, "excluded_lines": 0}, "missing_lines": [319, 364, 369, 370, 390], "excluded_lines": []}, "User.__repr__": {"executed_lines": [], "summary": {"covered_lines": 0, "num_statements": 1, "percent_covered": 0.0, "percent_covered_display": "0", "missing_lines": 1, "excluded_lines": 0}, "missing_lines": [395], "excluded_lines": []}, "": {"executed_lines": [1, 6, 7, 8, 9, 12, 13, 14, 17, 18, 20, 28, 29, 34, 42, 43, 45, 49, 58, 59, 61, 66, 75, 76, 78, 84, 95, 96, 98, 106, 116, 117, 131, 132, 134, 178, 184, 216, 221, 238, 243, 248, 300, 301, 394], "summary": {"covered_lines": 37, "num_statements": 37, "percent_covered": 100.0, "percent_covered_display": "100", "missing_lines": 0, "excluded_lines": 0}, "missing_lines": [], "excluded_lines": []}}, "classes": {"ValidationError": {"executed_lines": [], "summary": {"covered_lines": 0, "num_statements": 0, "percent_covered": 100.0, "percent_covered_display": "100", "missing_lines": 0, "excluded_lines": 0}, "missing_lines": [], "excluded_lines": []}, "Email": {"executed_lines": [21, 24, 25, 26, 31, 32, 35], "summary": {"covered_lines": 7, "num_statements": 8, "percent_covered": 87.5, "percent_covered_display": "88", "missing_lines": 1, "excluded_lines": 0}, "missing_lines": [22], "excluded_lines": []}, "Name": {"executed_lines": [46, 47, 50, 51, 52, 53, 54, 55], "summary": {"covered_lines": 8, "num_statements": 8, "percent_covered": 100.0, "percent_covered_display": "100", "missing_lines": 0, "excluded_lines": 0}, "missing_lines": [], "excluded_lines": []}, "Manager": {"executed_lines": [62, 63, 64, 67, 68, 70, 72], "summary": {"covered_lines": 7, "num_statements": 9, "percent_covered": 77.77777777777777, "percent_covered_display": "78", "missing_lines": 2, "excluded_lines": 0}, "missing_lines": [69, 71], "excluded_lines": []}, "GroupMembership": {"executed_lines": [79, 80, 81, 82], "summary": {"covered_lines": 4, "num_statements": 8, "percent_covered": 50.0, "percent_covered_display": "50", "missing_lines": 4, "excluded_lines": 0}, "missing_lines": [85, 90, 91, 92], "excluded_lines": []}, "Meta": {"executed_lines": [100, 101, 102, 103, 104, 107], "summary": {"covered_lines": 6, "num_statements": 6, "percent_covered": 100.0, "percent_covered_display": "100", "missing_lines": 0, "excluded_lines": 0}, "missing_lines": [], "excluded_lines": []}, "User"
[...]
mmary": {"covered_lines": 9, "num_statements": 9, "percent_covered": 100.0, "percent_covered_display": "100", "missing_lines": 0, "excluded_lines": 0}, "missing_lines": [], "excluded_lines": []}, "TestUsersList.test_list_users_pagination_beyond_results": {"executed_lines": [245, 246, 251, 254, 255, 257, 258, 259, 260], "summary": {"covered_lines": 9, "num_statements": 9, "percent_covered": 100.0, "percent_covered_display": "100", "missing_lines": 0, "excluded_lines": 0}, "missing_lines": [], "excluded_lines": []}, "TestUsersList.test_list_users_pagination_invalid_start_index": {"executed_lines": [264, 266, 267, 268], "summary": {"covered_lines": 4, "num_statements": 4, "percent_covered": 100.0, "percent_covered_display": "100", "missing_lines": 0, "excluded_lines": 0}, "missing_lines": [], "excluded_lines": []}, "TestUsersList.test_list_users_pagination_invalid_count": {"executed_lines": [272, 274, 275, 276], "summary": {"covered_lines": 4, "num_statements": 4, "percent_covered": 100.0, "percent_covered_display": "100", "missing_lines": 0, "excluded_lines": 0}, "missing_lines": [], "excluded_lines": []}, "TestUsersList.test_list_users_pagination_count_zero": {"executed_lines": [281, 282, 287, 289, 290, 292, 293, 294], "summary": {"covered_lines": 8, "num_statements": 8, "percent_covered": 100.0, "percent_covered_display": "100", "missing_lines": 0, "excluded_lines": 0}, "missing_lines": [], "excluded_lines": []}, "TestUsersList.test_list_users_filter": {"executed_lines": [299, 304, 311, 312, 314, 315], "summary": {"covered_lines": 6, "num_statements": 6, "percent_covered": 100.0, "percent_covered_display": "100", "missing_lines": 0, "excluded_lines": 0}, "missing_lines": [], "excluded_lines": []}, "TestUsersList.test_list_users_filter_username_eq": {"executed_lines": [320, 325, 332, 333, 335, 336], "summary": {"covered_lines": 6, "num_statements": 6, "percent_covered": 100.0, "percent_covered_display": "100", "missing_lines": 0, "excluded_lines": 0}, "missing_lines": [], "excluded_lines": []}, "TestUsersList.test_list_users_filter_username_co": {"executed_lines": [341, 346, 351, 358, 359, 361, 362, 363, 364], "summary": {"covered_lines": 9, "num_statements": 9, "percent_covered": 100.0, "percent_covered_display": "100", "missing_lines": 0, "excluded_lines": 0}, "missing_lines": [], "excluded_lines": []}, "TestUsersList.test_list_users_filter_username_sw": {"executed_lines": [369, 374, 379, 386, 387, 389, 390], "summary": {"covered_lines": 7, "num_statements": 7, "percent_covered": 100.0, "percent_covered_display": "100", "missing_lines": 0, "excluded_lines": 0}, "missing_lines": [], "excluded_lines": []}, "TestUsersList.test_list_users_filter_username_ew": {"executed_lines": [395, 400, 407, 408, 410, 411], "summary": {"covered_lines": 6, "num_statements": 6, "percent_covered": 100.0, "percent_covered_display": "100", "missing_lines": 0, "excluded_lines": 0}, "missing_lines": [], "excluded_lines": []}, "TestUsersList.test_list_users_filter_department": {"executed_lines": [416, 427, 440, 441, 443, 444], "summary": {"covered_lines": 6, "num_statements": 6, "percent_covered": 100.0, "percent_covered_display": "100", "missing_lines": 0, "excluded_lines": 0}, "missing_lines": [], "excluded_lines": []}, "TestUsersList.test_list_users_filter_with_pagination": {"executed_lines": [449, 450, 455, 456, 463, 464, 466, 467, 468, 469, 471, 472], "summary": {"covered_lines": 12, "num_statements": 12, "percent_covered": 100.0, "percent_covered_display": "100", "missing_lines": 0, "excluded_lines": 0}, "missing_lines": [], "excluded_lines": []}, "TestUsersList.test_list_users_filter_invalid_syntax": {"executed_lines": [476, 478, 479, 480], "summary": {"covered_lines": 4, "num_statements": 4, "percent_covered": 100.0, "percent_covered_display": "100", "missing_lines": 0, "excluded_lines": 0}, "missing_lines": [], "excluded_lines": []}, "TestUsersList.test_list_users_filter_case_insensitive": {"executed_lines": [485, 492, 493, 495, 496], "summary": {"covered_lines": 5, "num_statements": 5, "percent_covered": 100.0, "percent_covered_display": "100", "missing_lines": 0, "excluded_lines": 0}, "missing_lines": [], "excluded_lines": []}, "TestUsersPatch.test_patch_user_replace_active": {"executed_lines": [505, 510, 511, 514, 525, 527, 528, 529], "summary": {"covered_lines": 8, "num_statements": 8, "percent_covered": 100.0, "percent_covered_display": "100", "missing_lines": 0, "excluded_lines": 0}, "missing_lines": [], "excluded_lines": []}, "TestUsersPatch.test_patch_user_replace_name": {"executed_lines": [534, 542, 543, 546, 557, 559, 560, 561], "summary": {"covered_lines": 8, "num_statements": 8, "percent_covered": 100.0, "percent_covered_display": "100", "missing_lines": 0, "excluded_lines": 0}, "missing_lines": [], "excluded_lines": []}, "TestUsersPatch.test_patch_user_not_found": {"executed_lines": [565, 570, 571], "summary": {"covered_lines": 3, "num_statements": 3, "percent_covered": 100.0, "percent_covered_display": "100", "missing_lines": 0, "excluded_lines": 0}, "missing_lines": [], "excluded_lines": []}, "TestUsersDelete.test_delete_user_success": {"executed_lines": [580, 585, 586, 589, 591, 592, 595, 596], "summary": {"covered_lines": 8, "num_statements": 8, "percent_covered": 100.0, "percent_covered_display": "100", "missing_lines": 0, "excluded_lines": 0}, "missing_lines": [], "excluded_lines": []}, "TestUsersDelete.test_delete_user_not_found": {"executed_lines": [600, 601], "summary": {"covered_lines": 2, "num_statements": 2, "percent_covered": 100.0, "percent_covered_display": "100", "missing_lines": 0, "excluded_lines": 0}, "missing_lines": [], "excluded_lines": []}, "TestUsersPutNotSupported.test_put_user_not_supported": {"executed_lines": [610, 615, 616, 619, 621, 622, 623], "summary": {"covered_lines": 7, "num_statements": 7, "percent_covered": 100.0, "percent_covered_display": "100", "missing_lines": 0, "excluded_lines": 0}, "missing_lines": [], "excluded_lines": []}, "": {"executed_lines": [1, 9, 10, 11, 15, 16, 25, 26, 28, 48, 88, 106, 117, 118, 120, 139, 148, 149, 151, 163, 182, 202, 222, 242, 262, 270, 278, 296, 317, 338, 366, 392, 413, 446, 474, 482, 499, 500, 502, 531, 563, 574, 575, 577, 598, 604, 605, 607], "summary": {"covered_lines": 41, "num_statements": 41, "percent_covered": 100.0, "percent_covered_display": "100", "missing_lines": 0, "excluded_lines": 0}, "missing_lines": [], "excluded_lines": []}}, "classes": {"TestUsersCreate": {"executed_lines": [30, 36, 38, 39, 41, 42, 43, 44, 45, 46, 50, 78, 80, 81, 83, 84, 85, 86, 90, 97, 98, 101, 102, 103, 104, 108, 113, 114], "summary": {"covered_lines": 28, "num_statements": 28, "percent_covered": 100.0, "percent_covered_display": "100", "missing_lines": 0, "excluded_lines": 0}, "missing_lines": [], "excluded_lines": []}, "TestUsersGet": {"executed_lines": [123, 128, 129, 132, 134, 135, 136, 137, 141, 143, 144, 145], "summary": {"covered_lines": 12, "num_statements": 12, "percent_covered": 100.0, "percent_covered_display": "100", "missing_lines": 0, "excluded_lines": 0}, "missing_lines": [], "excluded_lines": []}, "TestUsersList": {"executed_lines": [153, 155, 156, 158, 159, 160, 161, 166, 167, 172, 174, 176, 177, 179, 180, 185, 186, 191, 194, 195, 197, 198, 199, 200, 205, 206, 211, 214, 215, 217, 218, 219, 220, 225, 226, 231, 234, 235, 237, 238, 239, 240, 245, 246, 251, 254, 255, 257, 258, 259, 260, 264, 266, 267, 268, 272, 274, 275, 276, 281, 282, 287, 289, 290, 292, 293, 294, 299, 304, 311, 312, 314, 315, 320, 325, 332, 333, 335, 336, 341, 346, 351, 358, 359, 361, 362, 363, 364, 369, 374, 379, 386, 387, 389, 390, 395, 400, 407, 408, 410, 411, 416, 427, 440, 441, 443, 444, 449, 450, 455, 456, 463, 464, 466, 467, 468, 469, 471, 472, 476, 478, 479, 480, 485, 492, 493, 495, 496], "summary": {"covered_lines": 128, "num_statements": 128, "percent_covered": 100.0, "percent_covered_display": "100", "missing_lines": 0, "excluded_lines": 0}, "missing_lines": [], "excluded_lines": []}, "TestUsersPatch": {"executed_lines": [505, 510, 511, 514, 525, 527, 528, 529, 534, 542, 543, 546, 557, 559, 560, 561, 565, 570, 571], "summary": {"covered_lines": 19, "num_statements": 19, "percent_covered": 100.0, "percent_covered_display": "100", "missing_lines": 0, "excluded_lines": 0}, "missing_lines": [], "excluded_lines": []}, "TestUsersDelete": {"executed_lines": [580, 585, 586, 589, 591, 592, 595, 596, 600, 601], "summary": {"covered_lines": 10, "num_statements": 10, "percent_covered": 100.0, "percent_covered_display": "100", "missing_lines": 0, "excluded_lines": 0}, "missing_lines": [], "excluded_lines": []}, "TestUsersPutNotSupported": {"executed_lines": [610, 615, 616, 619, 621, 622, 623], "summary": {"covered_lines": 7, "num_statements": 7, "percent_covered": 100.0, "percent_covered_display": "100", "missing_lines": 0, "excluded_lines": 0}, "missing_lines": [], "excluded_lines": []}, "": {"executed_lines": [1, 9, 10, 11, 15, 16, 18, 19, 20, 21, 22, 25, 26, 28, 48, 88, 106, 117, 118, 120, 139, 148, 149, 151, 163, 182, 202, 222, 242, 262, 270, 278, 296, 317, 338, 366, 392, 413, 446, 474, 482, 499, 500, 502, 531, 563, 574, 575, 577, 598, 604, 605, 607], "summary": {"covered_lines": 46, "num_statements": 46, "percent_covered": 100.0, "percent_covered_display": "100", "missing_lines": 0, "excluded_lines": 0}, "missing_lines": [], "excluded_lines": []}}}, "tests/test_supporting_data_complete.py": {"executed_lines": [1, 9, 10, 11, 15, 16, 18, 20, 22, 23, 26, 27, 28, 29, 32, 33, 35, 38, 39, 41, 42, 43, 44, 47, 48, 50, 51, 53, 55, 56, 59, 60, 61, 62, 65, 66, 67, 69, 71, 72, 74, 76, 86, 88, 90, 92, 93, 94, 97, 98, 100, 102, 107, 111, 113, 115, 120, 124, 126, 128, 130, 133, 134, 136, 138, 140, 141, 144, 145, 146, 147, 150, 151, 153, 156, 157, 159, 160, 161, 162, 165, 166, 168, 169, 171, 173, 174, 177, 178, 179, 182, 183, 184, 186, 188, 189, 191, 193, 206, 208, 210, 212, 213, 214, 217, 218, 220, 222, 226, 230, 232, 234, 238, 242, 244, 246, 248, 251, 252, 254, 256, 258, 259, 262, 263, 266, 268, 270, 272, 273, 276, 277, 280, 282, 285, 286, 288, 289, 292, 293, 295, 296, 299, 300, 302, 305, 306, 309, 310, 312, 314, 316, 317, 320, 321, 323, 325, 327, 328, 330, 331, 332, 334, 336, 341, 342, 343], "summary": {"covered_lines": 162, "num_statements": 162, "percent_covered": 100.0, "percent_covered_display": "100", "missing_lines": 0, "excluded_lines": 0}, "missing_lines": [], "excluded_lines": [], "functions": {"TestRolesAPI.test_list_roles_success": {"executed_lines": [20, 22, 23, 26, 27, 28, 29, 32, 33], "summary": {"covered_lines": 9, "num_statements": 9, "percent_covered": 100.0, "percent_covered_display": "100", "missing_lines": 0, "excluded_lines": 0}, "missing_lines": [], "excluded_lines": []}, "TestRolesAPI.test_list_roles_pagination": {"executed_lines": [38, 39, 41, 42, 43, 44, 47, 48, 50, 51], "summary": {"covered_lines": 10, "num_statements": 10, "percent_covered": 100.0, "percent_covered_display": "100", "missing_lines": 0, "excluded_lines": 0}, "missing_lines": [], "excluded_lines": []}, "TestRolesAPI.test_list_roles_structure": {"executed_lines": [55, 56, 59, 60, 61, 62, 65, 66, 67], "summary": {"covered_lines": 9, "num_statements": 9, "percent_covered": 100.0, "percent_covered_display": "100", "missing_lines": 0, "excluded_lines": 0}, "missing_lines": [], "excluded_lines": []}, "TestRolesAPI.test_list_roles_predefined_data": {"executed_lines": [71, 72, 74, 76, 86], "summary": {"covered_lines": 5, "num_statements": 5, "percent_covered": 100.0, "percent_covered_display": "100", "missing_lines": 0, "excluded_lines": 0}, "missing_lines": [], "excluded_lines": []}, "TestRolesAPI.test_get_role_by_id_not_supported": {"executed_lines": [90, 92, 93, 94, 97, 98], "summary": {"covered_lines": 6, "num_statements": 6, "percent_covered": 100.0, "percent_covered_display": "100", "missing_lines": 0, "excluded_lines": 0}, "missing_lines": [], "excluded_lines": []}, "TestRolesAPI.test_roles_read_only_post_not_allowed": {"executed_lines": [102, 107, 111], "summary": {"covered_lines": 3, "num_statements": 3, "percent_covered": 100.0, "percent_covered_display": "100", "missing_lines": 0, "excluded_lines": 0}, "missing_lines": [], "excluded_lines": []}, "TestRolesAPI.test_roles_read_only_put_not_allowed": {"executed_lines": [115, 120, 124], "summary": {"covered_lines": 3, "num_statements": 3, "percent_covered": 100.0, "percent_covered_display": "100", "missing_lines": 0, "excluded_lines": 0}, "missing_lines": [], "excluded_lines": []}, "TestRolesAPI.test_roles_read_only_delete_not_allowed": {"executed_lines": [128, 130], "summary": {"covered_lines": 2, "num_statements": 2, "percent_covered": 100.0, "percent_covered_display": "100", "missing_lines": 0, "excluded_lines": 0}, "missing_lines": [], "excluded_lines": []}, "TestDepartmentsAPI.test_list_departments_success": {"executed_lines": [138, 140, 141, 144, 145, 146, 147, 150, 151], "summary": {"covered_lines": 9, "num_statements": 9, "percent_covered": 100.0, "percent_covered_display": "100", "missing_lines": 0, "excluded_lines": 0}, "missing_lines": [], "excluded_lines": []}, "TestDepartmentsAPI.test_list_departments_pagination": {"executed_lines": [156, 157, 159, 160, 161, 162, 165, 166, 168, 169], "summary": {"covered_lines": 10, "num_statements": 10, "percent_covered": 100.0, "percent_covered_display": "100", "missing_lines": 0, "excluded_lines": 0}, "missing_lines": [], "excluded_lines": []}, "TestDepartmentsAPI.test_list_departments_structure": {"executed_lines": [173, 174, 177, 178, 179, 182, 183, 184], "summary": {"covered_lines": 8, "num_statements": 8, "percent_covered": 100.0, "percent_covered_display": "100", "missing_lines": 0, "excluded_lines": 0}, "missing_lines": [], "excluded_lines": []}, "TestDepartmentsAPI.test_list_departments_predefined_data": {"executed_lines": [188, 189, 191, 193, 206], "summary": {"covered_lines": 5, "num_statements": 5, "percent_covered": 100.0, "percent_covered_display": "100", "missing_lines": 0, "excluded_lines": 0}, "missing_lines": [], "excluded_lines": []}, "TestDepartmentsAPI.test_get_department_by_id_not_supported": {"executed_lines": [210, 212, 213, 214, 217, 218], "summary": {"covered_lines": 6, "num_statements": 6, "percent_covered": 100.0, "percent_covered_display": "100", "missing_lines": 0, "excluded_lines": 0}, "missing_lines": [], "excluded_lines": []}, "TestDepartmentsAPI.test_departments_read_only_post_not_allowed": {"executed_lines": [222, 226, 230], "summary": {"covered_lines": 3, "num_statements": 3, "percent_covered": 100.0, "percent_covered_display": "100", "missing_lines": 0, "excluded_lines": 0}, "missing_lines": [], "excluded_lines": []}, "TestDepartmentsAPI.test_departments_read_only_put_not_allowed": {"executed_lines": [234, 238, 242], "summary": {"covered_lines": 3, "num_statements": 3, "percent_covered": 100.0, "percent_covered_display": "100", "missing_lines": 0, "excluded_lines": 0}, "missing_lines": [], "excluded_lines": []}, "TestDepartmentsAPI.test_departments_read_only_delete_not_allowed": {"executed_lines": [246, 248], "summary": {"covered_lines": 2, "num_statements": 2, "percent_covered": 100.0, "percent_covered_display": "100", "missing_lines": 0, "excluded_lines": 0}, "missing_lines": [], "excluded_lines": []}, "TestSupportingDataIsolation.test_supporting_data_not_in_scim_users": {"executed_lines": [256, 258, 259, 262, 263, 266], "summary": {"covered_lines": 6, "num_statements": 6, "percent_covered": 100.0, "percent_covered_display": "100", "missing_lines": 0, "excluded_lines": 0}, "missing_lines": [], "excluded_lines": []}, "TestSupportingDataIsolation.test_supporting_data_not_in_scim_groups": {"executed_lines": [270, 272, 273, 276, 277, 280], "summary": {"covered_lines": 6, "num_statements": 6, "percent_covered": 100.0, "percent_covered_display": "100", "missing_lines": 0, "excluded_lines": 0}, "missing_lines": [], "excluded_lines": []}, "TestSupportingDataIsolation.test_scim_not_in_supporting_data": {"executed_lines": [285, 286, 288, 289, 292, 293, 295, 296], "summary": {"covered_lines": 8, "num_statements": 8, "percent_covered": 100.0, "percent_covered_display": "100", "missing_lines": 0, "excluded_lines": 0}, "missing_lines": [], "excluded_lines": []}, "TestSupportingDataEdgeCases.test_invalid_pagination_parameters": {"executed_lines": [305, 306, 309, 310], "summary": {"covered_lines": 4, "num_statements": 4, "percent_covered": 100.0, "percent_covered_display": "100", "missing_lines": 0, "excluded_lines": 0}, "missing_lines": [], "excluded_lines": []}, "TestSupportingDataEdgeCases.test_large_pagination_count": {"executed_lines": [314, 316, 317, 320, 321], "summary": {"covered_lines": 5, "num_statements": 5, "percent_covered": 100.0, "percent_covered_display": "100", "missing_lines": 0, "excluded_lines": 0}, "missing_lines": [], "excluded_lines": []}, "TestSupportingDataEdgeCases.test_pagination_beyond_results": {"executed_lines": [325, 327, 328, 330, 331, 332], "summary": {"covered_lines": 6, "num_statements": 6, "percent_covered": 100.0, "percent_covered_display": "100", "missing_lines": 0, "excluded_lines": 0}, "missing_lines": [], "excluded_lines": []}, "TestSupportingDataEdgeCases.test_content_type_json": {"executed_lines": [336, 341, 342, 343], "summary": {"covered_lines": 4, "num_statements": 4, "percent_covered": 100.0, "percent_covered_display": "100", "missing_lines": 0, "excluded_lines": 0}, "missing_lines": [], "excluded_lines": []}, "": {"executed_lines": [1, 9, 10, 11, 15, 16, 18, 35, 53, 69, 88, 100, 113, 126, 133, 134, 136, 153, 171, 186, 208, 220, 232, 244, 251, 252, 254, 268, 282, 299, 300, 302, 312, 323, 334], "summary": {"covered_lines": 30, "num_statements": 30, "percent_covered": 100.0, "percent_covered_display": "100", "missing_lines": 0, "excluded_lines": 0}, "missing_lines": [], "excluded_lines": []}}, "classes": {"TestRolesAPI": {"executed_lines": [20, 22, 23, 26, 27, 28, 29, 32, 33, 38, 39, 41, 42, 43, 44, 47, 48, 50, 51, 55, 56, 59, 60, 61, 62, 65, 66, 67, 71, 72, 74, 76, 86, 90, 92, 93, 94, 97, 98, 102, 107, 111, 115, 120, 124, 128, 130], "summary": {"covered_lines": 47, "num_statements": 47, "percent_covered": 100.0, "percent_covered_display": "100", "missing_lines": 0, "excluded_lines": 0}, "missing_lines": [], "excluded_lines": []}, "TestDepartmentsAPI": {"executed_lines": [138, 140, 141, 144, 145, 146, 147, 150, 151, 156, 157, 159, 160, 161, 162, 165, 166, 168, 169, 173, 174, 177, 178, 179, 182, 183, 184, 188, 189, 191, 193, 206, 210, 212, 213, 214, 217, 218, 222, 226, 230, 234, 238, 242, 246, 248], "summary": {"covered_lines": 46, "num_statements": 46, "percent_covered": 100.0, "percent_covered_display": "100", "missing_lines": 0, "excluded_lines": 0}, "missing_lines": [], "excluded_lines": []}, "TestSupportingDataIsolation": {"executed_lines": [256, 258, 259, 262, 263, 266, 270, 272, 273, 276, 277, 280, 285, 286, 288, 289, 292, 293, 295, 296], "summary": {"covered_lines": 20, "num_statements": 20, "percent_covered": 100.0, "percent_covered_display": "100", "missing_lines": 0, "excluded_lines": 0}, "missing_lines": [], "excluded_lines": []}, "TestSupportingDataEdgeCases": {"executed_lines": [305, 306, 309, 310, 314, 316, 317, 320, 321, 325, 327, 328, 330, 331, 332, 336, 341, 342, 343], "summary": {"covered_lines": 19, "num_statements": 19, "percent_covered": 100.0, "percent_covered_display": "100", "missing_lines": 0, "excluded_lines": 0}, "missing_lines": [], "excluded_lines": []}, "": {"executed_lines": [1, 9, 10, 11, 15, 16, 18, 35, 53, 69, 88, 100, 113, 126, 133, 134, 136, 153, 171, 186, 208, 220, 232, 244, 251, 252, 254, 268, 282, 299, 300, 302, 312, 323, 334], "summary": {"covered_lines": 30, "num_statements": 30, "percent_covered": 100.0, "percent_covered_display": "100", "missing_lines": 0, "excluded_lines": 0}, "missing_lines": [], "excluded_lines": []}}}}, "totals": {"covered_lines": 2039, "num_statements": 2569, "percent_covered": 79.36940443752432, "percent_covered_display": "79", "missing_lines": 530, "excluded_lines": 0}}